Copyright 1986-2016 Xilinx, Inc. All Rights Reserved.
------------------------------------------------------------------------------------
| Tool Version : Vivado v.2016.3 (lin64) Build 1682563 Mon Oct 10 19:07:26 MDT 2016
| Date         : Mon Nov 28 18:06:55 2016
| Host         : sorina running 64-bit Ubuntu 16.04.1 LTS
| Command      : upgrade_ip
| Device       : xc7z010clg400-1
------------------------------------------------------------------------------------

Upgrade Log for IP 'LED_Buzzer_Control_PWM_0_2'

1. Summary
----------

CAUTION (success, with warnings) in the upgrade of LED_Buzzer_Control_PWM_0_2 (user.org:user:PWM:1.2) from (Rev. 2) to (Rev. 4)

After upgrade, an IP may have parameter and port differences compared to the original customization. Please review the parameters within the IP customization GUI to ensure proper functionality. Also, please review the updated IP instantiation template to ensure proper connectivity, and update your design if required.

2. Connection Warnings
----------------------

Detected external port differences while upgrading 'LED_Buzzer_Control_PWM_0_2'. These changes may impact your design.


-Upgrade has added port 'PWM_BLUE'

-Upgrade has added port 'PWM_GREEN'







Copyright 1986-2016 Xilinx, Inc. All Rights Reserved.
------------------------------------------------------------------------------------
| Tool Version : Vivado v.2016.3 (lin64) Build 1682563 Mon Oct 10 19:07:26 MDT 2016
| Date         : Mon Nov 28 17:56:14 2016
| Host         : sorina running 64-bit Ubuntu 16.04.1 LTS
| Command      : upgrade_ip
| Device       : xc7z010clg400-1
------------------------------------------------------------------------------------

Upgrade Log for IP 'LED_Buzzer_Control_PWM_0_2'

1. Summary
----------

SUCCESS in the upgrade of LED_Buzzer_Control_PWM_0_2 (user.org:user:PWM:1.2) from (Rev. 1) to (Rev. 2)






Copyright 1986-2016 Xilinx, Inc. All Rights Reserved.
------------------------------------------------------------------------------------
| Tool Version : Vivado v.2016.3 (lin64) Build 1682563 Mon Oct 10 19:07:26 MDT 2016
| Date         : Mon Nov 28 17:52:23 2016
| Host         : sorina running 64-bit Ubuntu 16.04.1 LTS
| Command      : upgrade_ip
| Device       : xc7z010clg400-1
------------------------------------------------------------------------------------

Upgrade Log for IP 'LED_Buzzer_Control_PWM_0_2'

1. Summary
----------

SUCCESS in the upgrade of LED_Buzzer_Control_PWM_0_2 from user.org:user:PWM:1.1 (Rev. 1) to user.org:user:PWM:1.2 (Rev. 1)






Copyright 1986-2016 Xilinx, Inc. All Rights Reserved.
------------------------------------------------------------------------------------
| Tool Version : Vivado v.2016.3 (lin64) Build 1682563 Mon Oct 10 19:07:26 MDT 2016
| Date         : Sun Nov 27 12:02:55 2016
| Host         : sorina running 64-bit Ubuntu 16.04.1 LTS
| Command      : upgrade_ip
| Device       : xc7z010clg400-1
------------------------------------------------------------------------------------

Upgrade Log for IP 'LED_Buzzer_Control_PWM_0_2'

1. Summary
----------

SUCCESS in the upgrade of LED_Buzzer_Control_PWM_0_2 from user.org:user:PWM:1.0 (Rev. 6) to user.org:user:PWM:1.1 (Rev. 1)






Copyright 1986-2016 Xilinx, Inc. All Rights Reserved.
------------------------------------------------------------------------------------
| Tool Version : Vivado v.2016.3 (lin64) Build 1682563 Mon Oct 10 19:07:26 MDT 2016
| Date         : Sun Nov 27 09:35:13 2016
| Host         : sorina running 64-bit Ubuntu 16.04.1 LTS
| Command      : upgrade_ip
| Device       : xc7z010clg400-1
------------------------------------------------------------------------------------

Upgrade Log for IP 'LED_Buzzer_Control_PWM_0_0'

1. Summary
----------

SUCCESS in the upgrade of LED_Buzzer_Control_PWM_0_0 (user.org:user:PWM:1.0) from (Rev. 2) to (Rev. 3)

