#-----------------------------------------------------------
# Webtalk v2016.3 (64-bit)
# SW Build 1682563 on Mon Oct 10 19:07:26 MDT 2016
# 
# Start of session at: Thu Nov 24 10:53:59 2016
# Process ID: 16429
# Current directory: /opt/Xilinx/Vivado/2016.3/ZturnPS/ZturnPS.sdk/webtalk
# Command line: wbtcv -mode batch -source sdk_webtalk.tcl
# Log file: /opt/Xilinx/Vivado/2016.3/ZturnPS/ZturnPS.sdk/webtalk/webtalk.log
# Journal file: /opt/Xilinx/Vivado/2016.3/ZturnPS/ZturnPS.sdk/webtalk/webtalk.jou
#-----------------------------------------------------------
source sdk_webtalk.tcl
# webtalk_init -webtalk_dir /opt/Xilinx/Vivado/2016.3/ZturnPS/ZturnPS.sdk/webtalk
# webtalk_register_client -client project
# webtalk_add_data -client project -key date_generated -value "2016-11-24 10:53:58" -context "software_version_and_target_device"
# webtalk_add_data -client project -key product_version -value "SDK v2016.3" -context "software_version_and_target_device"
# webtalk_add_data -client project -key build_version -value "2016.3" -context "software_version_and_target_device"
# webtalk_add_data -client project -key os_platform -value "amd64" -context "software_version_and_target_device"
# webtalk_add_data -client project -key registration_id -value "" -context "software_version_and_target_device"
# webtalk_add_data -client project -key tool_flow -value "SDK" -context "software_version_and_target_device"
# webtalk_add_data -client project -key beta -value "false" -context "software_version_and_target_device"
# webtalk_add_data -client project -key route_design -value "NA" -context "software_version_and_target_device"
# webtalk_add_data -client project -key target_family -value "NA" -context "software_version_and_target_device"
# webtalk_add_data -client project -key target_device -value "NA" -context "software_version_and_target_device"
# webtalk_add_data -client project -key target_package -value "NA" -context "software_version_and_target_device"
# webtalk_add_data -client project -key target_speed -value "NA" -context "software_version_and_target_device"
# webtalk_add_data -client project -key random_id -value "ndhucj4u25dkv9bjtp31p62pua" -context "software_version_and_target_device"
# webtalk_add_data -client project -key project_id -value "2016.3_1" -context "software_version_and_target_device"
# webtalk_add_data -client project -key project_iteration -value "1" -context "software_version_and_target_device"
# webtalk_add_data -client project -key os_name -value "Ubuntu" -context "user_environment"
# webtalk_add_data -client project -key os_release -value "Ubuntu 16.04.1 LTS" -context "user_environment"
# webtalk_add_data -client project -key cpu_name -value "Intel(R) Core(TM) i5-5287U CPU @ 2.90GHz" -context "user_environment"
# webtalk_add_data -client project -key cpu_speed -value "2899.998 MHz" -context "user_environment"
# webtalk_add_data -client project -key total_processors -value "1" -context "user_environment"
# webtalk_add_data -client project -key system_ram -value "9.000 GB" -context "user_environment"
# webtalk_register_client -client sdk
# webtalk_add_data -client sdk -key uid -value "1479899938000" -context "sdk\\\\hardware/1479899938000"
# webtalk_add_data -client sdk -key isZynq -value "true" -context "sdk\\\\hardware/1479899938000"
# webtalk_add_data -client sdk -key isZynqMP -value "false" -context "sdk\\\\hardware/1479899938000"
# webtalk_add_data -client sdk -key Processors -value "2" -context "sdk\\\\hardware/1479899938000"
# webtalk_add_data -client sdk -key VivadoVersion -value "2016.3" -context "sdk\\\\hardware/1479899938000"
# webtalk_add_data -client sdk -key Arch -value "zynq" -context "sdk\\\\hardware/1479899938000"
# webtalk_add_data -client sdk -key Device -value "7z010" -context "sdk\\\\hardware/1479899938000"
# webtalk_add_data -client sdk -key IsHandoff -value "true" -context "sdk\\\\hardware/1479899938000"
# webtalk_add_data -client sdk -key os -value "NA" -context "sdk\\\\hardware/1479899938000"
# webtalk_add_data -client sdk -key apptemplate -value "NA" -context "sdk\\\\hardware/1479899938000"
# webtalk_add_data -client sdk -key RecordType -value "HWCreation" -context "sdk\\\\hardware/1479899938000"
# webtalk_add_data -client sdk -key uid -value "1479900162000" -context "sdk\\\\bsp/1479900162000"
# webtalk_add_data -client sdk -key hwid -value "1479899938000" -context "sdk\\\\bsp/1479900162000"
# webtalk_add_data -client sdk -key os -value "standalone" -context "sdk\\\\bsp/1479900162000"
# webtalk_add_data -client sdk -key apptemplate -value "hello_world" -context "sdk\\\\bsp/1479900162000"
# webtalk_add_data -client sdk -key RecordType -value "BSPCreation" -context "sdk\\\\bsp/1479900162000"
# webtalk_add_data -client sdk -key uid -value "1479900165000" -context "sdk\\\\application/1479900165000"
# webtalk_add_data -client sdk -key hwid -value "1479899938000" -context "sdk\\\\application/1479900165000"
# webtalk_add_data -client sdk -key bspid -value "1479900162000" -context "sdk\\\\application/1479900165000"
# webtalk_add_data -client sdk -key newbsp -value "true" -context "sdk\\\\application/1479900165000"
# webtalk_add_data -client sdk -key os -value "standalone" -context "sdk\\\\application/1479900165000"
# webtalk_add_data -client sdk -key apptemplate -value "hello_world" -context "sdk\\\\application/1479900165000"
# webtalk_add_data -client sdk -key RecordType -value "APPCreation" -context "sdk\\\\application/1479900165000"
# webtalk_add_data -client sdk -key LangUsed -value "C" -context "sdk\\\\application/1479900165000"
# webtalk_add_data -client sdk -key Procused -value "ps7_cortexa9" -context "sdk\\\\application/1479900165000"
# webtalk_add_data -client sdk -key projSize -value "169.55078125" -context "sdk\\\\application/1479900165000"
# webtalk_add_data -client sdk -key uid -value "NA" -context "sdk\\\\bsp/1479981238639"
# webtalk_add_data -client sdk -key RecordType -value "ToolUsage" -context "sdk\\\\bsp/1479981238639"
# webtalk_add_data -client sdk -key BootgenCount -value "0" -context "sdk\\\\bsp/1479981238639"
# webtalk_add_data -client sdk -key DebugCount -value "3" -context "sdk\\\\bsp/1479981238639"
# webtalk_add_data -client sdk -key PerfCount -value "0" -context "sdk\\\\bsp/1479981238639"
# webtalk_add_data -client sdk -key FlashCount -value "0" -context "sdk\\\\bsp/1479981238639"
# webtalk_add_data -client sdk -key CrossTriggCount -value "0" -context "sdk\\\\bsp/1479981238639"
# webtalk_add_data -client sdk -key QemuDebugCount -value "0" -context "sdk\\\\bsp/1479981238639"
# webtalk_transmit -clientid 4207065340 -regid "" -xml /opt/Xilinx/Vivado/2016.3/ZturnPS/ZturnPS.sdk/webtalk/usage_statistics_ext_sdk.xml -html /opt/Xilinx/Vivado/2016.3/ZturnPS/ZturnPS.sdk/webtalk/usage_statistics_ext_sdk.html -wdm /opt/Xilinx/Vivado/2016.3/ZturnPS/ZturnPS.sdk/webtalk/sdk_webtalk.wdm -intro "<H3>SDK Usage Report</H3><BR>"
INFO: [Common 17-186] '/opt/Xilinx/Vivado/2016.3/ZturnPS/ZturnPS.sdk/webtalk/usage_statistics_ext_sdk.xml' has been successfully sent to Xilinx on Thu Nov 24 10:54:01 2016. For additional details about this file, please refer to the WebTalk help file at /opt/Xilinx/SDK/2016.3/doc/webtalk_introduction.html.
# webtalk_terminate
INFO: [Common 17-206] Exiting Webtalk at Thu Nov 24 10:54:01 2016...
