Copyright 1986-2016 Xilinx, Inc. All Rights Reserved.
---------------------------------------------------------------------------------------------------------------------------------------------
| Tool Version : Vivado v.2016.3 (lin64) Build 1682563 Mon Oct 10 19:07:26 MDT 2016
| Date         : Sun Nov 19 18:53:24 2017
| Host         : cern running 64-bit Ubuntu 16.04.1 LTS
| Command      : report_methodology -file Peripherals_wrapper_methodology_drc_routed.rpt -rpx Peripherals_wrapper_methodology_drc_routed.rpx
| Design       : Peripherals_wrapper
| Device       : xc7z010clg400-1
| Speed File   : -1
| Design State : Routed
---------------------------------------------------------------------------------------------------------------------------------------------

Report Methodology

Table of Contents
-----------------
1. REPORT SUMMARY
2. REPORT DETAILS

1. REPORT SUMMARY
-----------------
            Netlist: netlist
          Floorplan: design_1
      Design limits: <entire design considered>
             Max violations: <unlimited>
             Violations found: 53
+-----------+------------------+-------------------------------+------------+
| Rule      | Severity         | Description                   | Violations |
+-----------+------------------+-------------------------------+------------+
| TIMING-23 | Critical Warning | Combinatorial loop found      | 18         |
| TIMING-18 | Warning          | Missing input or output delay | 3          |
| TIMING-20 | Warning          | Non-clocked latch             | 32         |
+-----------+------------------+-------------------------------+------------+

2. REPORT DETAILS
-----------------
TIMING-23#1 Critical Warning
Combinatorial loop found  
A timing loop has been detected on a combinational path. A timing arc has been disabled between Peripherals_i/PWM_0/U0/PWM_v1_0_S00_AXI_inst/counter_pwm1_carry__0/CI and Peripherals_i/PWM_0/U0/PWM_v1_0_S00_AXI_inst/counter_pwm1_carry__0/CO[3] to disable the timing loop
Related violations: <none>

TIMING-23#2 Critical Warning
Combinatorial loop found  
A timing loop has been detected on a combinational path. A timing arc has been disabled between Peripherals_i/PWM_0/U0/PWM_v1_0_S00_AXI_inst/counter_pwm1_carry__0/DI[0] and Peripherals_i/PWM_0/U0/PWM_v1_0_S00_AXI_inst/counter_pwm1_carry__0/CO[3] to disable the timing loop
Related violations: <none>

TIMING-23#3 Critical Warning
Combinatorial loop found  
A timing loop has been detected on a combinational path. A timing arc has been disabled between Peripherals_i/PWM_0/U0/PWM_v1_0_S00_AXI_inst/counter_pwm1_carry__0/S[0] and Peripherals_i/PWM_0/U0/PWM_v1_0_S00_AXI_inst/counter_pwm1_carry__0/CO[3] to disable the timing loop
Related violations: <none>

TIMING-23#4 Critical Warning
Combinatorial loop found  
A timing loop has been detected on a combinational path. A timing arc has been disabled between Peripherals_i/PWM_0/U0/PWM_v1_0_S00_AXI_inst/counter_pwm1_carry__0/S[1] and Peripherals_i/PWM_0/U0/PWM_v1_0_S00_AXI_inst/counter_pwm1_carry__0/CO[3] to disable the timing loop
Related violations: <none>

TIMING-23#5 Critical Warning
Combinatorial loop found  
A timing loop has been detected on a combinational path. A timing arc has been disabled between Peripherals_i/PWM_0/U0/PWM_v1_0_S00_AXI_inst/counter_pwm1_carry__0/S[2] and Peripherals_i/PWM_0/U0/PWM_v1_0_S00_AXI_inst/counter_pwm1_carry__0/CO[3] to disable the timing loop
Related violations: <none>

TIMING-23#6 Critical Warning
Combinatorial loop found  
A timing loop has been detected on a combinational path. A timing arc has been disabled between Peripherals_i/PWM_0/U0/PWM_v1_0_S00_AXI_inst/counter_pwm1_carry__0/S[3] and Peripherals_i/PWM_0/U0/PWM_v1_0_S00_AXI_inst/counter_pwm1_carry__0/CO[3] to disable the timing loop
Related violations: <none>

TIMING-23#7 Critical Warning
Combinatorial loop found  
A timing loop has been detected on a combinational path. A timing arc has been disabled between Peripherals_i/PWM_0/U0/PWM_v1_0_S00_AXI_inst/counter_pwm1_carry__0_i_1/I0 and Peripherals_i/PWM_0/U0/PWM_v1_0_S00_AXI_inst/counter_pwm1_carry__0_i_1/O to disable the timing loop
Related violations: <none>

TIMING-23#8 Critical Warning
Combinatorial loop found  
A timing loop has been detected on a combinational path. A timing arc has been disabled between Peripherals_i/PWM_0/U0/PWM_v1_0_S00_AXI_inst/counter_pwm1_carry__0_i_1/I1 and Peripherals_i/PWM_0/U0/PWM_v1_0_S00_AXI_inst/counter_pwm1_carry__0_i_1/O to disable the timing loop
Related violations: <none>

TIMING-23#9 Critical Warning
Combinatorial loop found  
A timing loop has been detected on a combinational path. A timing arc has been disabled between Peripherals_i/PWM_0/U0/PWM_v1_0_S00_AXI_inst/counter_pwm1_carry__0_i_1/I2 and Peripherals_i/PWM_0/U0/PWM_v1_0_S00_AXI_inst/counter_pwm1_carry__0_i_1/O to disable the timing loop
Related violations: <none>

TIMING-23#10 Critical Warning
Combinatorial loop found  
A timing loop has been detected on a combinational path. A timing arc has been disabled between Peripherals_i/PWM_0/U0/PWM_v1_0_S00_AXI_inst/counter_pwm1_carry__1/S[0] and Peripherals_i/PWM_0/U0/PWM_v1_0_S00_AXI_inst/counter_pwm1_carry__1/CO[3] to disable the timing loop
Related violations: <none>

TIMING-23#11 Critical Warning
Combinatorial loop found  
A timing loop has been detected on a combinational path. A timing arc has been disabled between Peripherals_i/PWM_0/U0/PWM_v1_0_S00_AXI_inst/counter_pwm1_carry__1/S[1] and Peripherals_i/PWM_0/U0/PWM_v1_0_S00_AXI_inst/counter_pwm1_carry__1/CO[3] to disable the timing loop
Related violations: <none>

TIMING-23#12 Critical Warning
Combinatorial loop found  
A timing loop has been detected on a combinational path. A timing arc has been disabled between Peripherals_i/PWM_0/U0/PWM_v1_0_S00_AXI_inst/counter_pwm1_carry__1/S[2] and Peripherals_i/PWM_0/U0/PWM_v1_0_S00_AXI_inst/counter_pwm1_carry__1/CO[3] to disable the timing loop
Related violations: <none>

TIMING-23#13 Critical Warning
Combinatorial loop found  
A timing loop has been detected on a combinational path. A timing arc has been disabled between Peripherals_i/PWM_0/U0/PWM_v1_0_S00_AXI_inst/counter_pwm1_carry__1/S[3] and Peripherals_i/PWM_0/U0/PWM_v1_0_S00_AXI_inst/counter_pwm1_carry__1/CO[3] to disable the timing loop
Related violations: <none>

TIMING-23#14 Critical Warning
Combinatorial loop found  
A timing loop has been detected on a combinational path. A timing arc has been disabled between Peripherals_i/PWM_0/U0/PWM_v1_0_S00_AXI_inst/counter_pwm1_carry__2/DI[3] and Peripherals_i/PWM_0/U0/PWM_v1_0_S00_AXI_inst/counter_pwm1_carry__2/CO[3] to disable the timing loop
Related violations: <none>

TIMING-23#15 Critical Warning
Combinatorial loop found  
A timing loop has been detected on a combinational path. A timing arc has been disabled between Peripherals_i/PWM_0/U0/PWM_v1_0_S00_AXI_inst/counter_pwm1_carry__2/S[0] and Peripherals_i/PWM_0/U0/PWM_v1_0_S00_AXI_inst/counter_pwm1_carry__2/CO[3] to disable the timing loop
Related violations: <none>

TIMING-23#16 Critical Warning
Combinatorial loop found  
A timing loop has been detected on a combinational path. A timing arc has been disabled between Peripherals_i/PWM_0/U0/PWM_v1_0_S00_AXI_inst/counter_pwm1_carry__2/S[1] and Peripherals_i/PWM_0/U0/PWM_v1_0_S00_AXI_inst/counter_pwm1_carry__2/CO[3] to disable the timing loop
Related violations: <none>

TIMING-23#17 Critical Warning
Combinatorial loop found  
A timing loop has been detected on a combinational path. A timing arc has been disabled between Peripherals_i/PWM_0/U0/PWM_v1_0_S00_AXI_inst/counter_pwm1_carry__2/S[2] and Peripherals_i/PWM_0/U0/PWM_v1_0_S00_AXI_inst/counter_pwm1_carry__2/CO[3] to disable the timing loop
Related violations: <none>

TIMING-23#18 Critical Warning
Combinatorial loop found  
A timing loop has been detected on a combinational path. A timing arc has been disabled between Peripherals_i/PWM_0/U0/PWM_v1_0_S00_AXI_inst/counter_pwm1_carry__2/S[3] and Peripherals_i/PWM_0/U0/PWM_v1_0_S00_AXI_inst/counter_pwm1_carry__2/CO[3] to disable the timing loop
Related violations: <none>

TIMING-18#1 Warning
Missing input or output delay  
An output delay is missing on PWM_BLUE relative to clock(s) clk_fpga_0 
Related violations: <none>

TIMING-18#2 Warning
Missing input or output delay  
An output delay is missing on PWM_GREEN relative to clock(s) clk_fpga_0 
Related violations: <none>

TIMING-18#3 Warning
Missing input or output delay  
An output delay is missing on PWM_RED relative to clock(s) clk_fpga_0 
Related violations: <none>

TIMING-20#1 Warning
Non-clocked latch  
The latch Peripherals_i/PWM_0/U0/PWM_v1_0_S00_AXI_inst/temp_reg[0] cannot be properly analyzed as its control pin Peripherals_i/PWM_0/U0/PWM_v1_0_S00_AXI_inst/temp_reg[0]/G is not reached by a timing clock
Related violations: <none>

TIMING-20#2 Warning
Non-clocked latch  
The latch Peripherals_i/PWM_0/U0/PWM_v1_0_S00_AXI_inst/temp_reg[10] cannot be properly analyzed as its control pin Peripherals_i/PWM_0/U0/PWM_v1_0_S00_AXI_inst/temp_reg[10]/G is not reached by a timing clock
Related violations: <none>

TIMING-20#3 Warning
Non-clocked latch  
The latch Peripherals_i/PWM_0/U0/PWM_v1_0_S00_AXI_inst/temp_reg[11] cannot be properly analyzed as its control pin Peripherals_i/PWM_0/U0/PWM_v1_0_S00_AXI_inst/temp_reg[11]/G is not reached by a timing clock
Related violations: <none>

TIMING-20#4 Warning
Non-clocked latch  
The latch Peripherals_i/PWM_0/U0/PWM_v1_0_S00_AXI_inst/temp_reg[12] cannot be properly analyzed as its control pin Peripherals_i/PWM_0/U0/PWM_v1_0_S00_AXI_inst/temp_reg[12]/G is not reached by a timing clock
Related violations: <none>

TIMING-20#5 Warning
Non-clocked latch  
The latch Peripherals_i/PWM_0/U0/PWM_v1_0_S00_AXI_inst/temp_reg[13] cannot be properly analyzed as its control pin Peripherals_i/PWM_0/U0/PWM_v1_0_S00_AXI_inst/temp_reg[13]/G is not reached by a timing clock
Related violations: <none>

TIMING-20#6 Warning
Non-clocked latch  
The latch Peripherals_i/PWM_0/U0/PWM_v1_0_S00_AXI_inst/temp_reg[14] cannot be properly analyzed as its control pin Peripherals_i/PWM_0/U0/PWM_v1_0_S00_AXI_inst/temp_reg[14]/G is not reached by a timing clock
Related violations: <none>

TIMING-20#7 Warning
Non-clocked latch  
The latch Peripherals_i/PWM_0/U0/PWM_v1_0_S00_AXI_inst/temp_reg[15] cannot be properly analyzed as its control pin Peripherals_i/PWM_0/U0/PWM_v1_0_S00_AXI_inst/temp_reg[15]/G is not reached by a timing clock
Related violations: <none>

TIMING-20#8 Warning
Non-clocked latch  
The latch Peripherals_i/PWM_0/U0/PWM_v1_0_S00_AXI_inst/temp_reg[16] cannot be properly analyzed as its control pin Peripherals_i/PWM_0/U0/PWM_v1_0_S00_AXI_inst/temp_reg[16]/G is not reached by a timing clock
Related violations: <none>

TIMING-20#9 Warning
Non-clocked latch  
The latch Peripherals_i/PWM_0/U0/PWM_v1_0_S00_AXI_inst/temp_reg[17] cannot be properly analyzed as its control pin Peripherals_i/PWM_0/U0/PWM_v1_0_S00_AXI_inst/temp_reg[17]/G is not reached by a timing clock
Related violations: <none>

TIMING-20#10 Warning
Non-clocked latch  
The latch Peripherals_i/PWM_0/U0/PWM_v1_0_S00_AXI_inst/temp_reg[18] cannot be properly analyzed as its control pin Peripherals_i/PWM_0/U0/PWM_v1_0_S00_AXI_inst/temp_reg[18]/G is not reached by a timing clock
Related violations: <none>

TIMING-20#11 Warning
Non-clocked latch  
The latch Peripherals_i/PWM_0/U0/PWM_v1_0_S00_AXI_inst/temp_reg[19] cannot be properly analyzed as its control pin Peripherals_i/PWM_0/U0/PWM_v1_0_S00_AXI_inst/temp_reg[19]/G is not reached by a timing clock
Related violations: <none>

TIMING-20#12 Warning
Non-clocked latch  
The latch Peripherals_i/PWM_0/U0/PWM_v1_0_S00_AXI_inst/temp_reg[1] cannot be properly analyzed as its control pin Peripherals_i/PWM_0/U0/PWM_v1_0_S00_AXI_inst/temp_reg[1]/G is not reached by a timing clock
Related violations: <none>

TIMING-20#13 Warning
Non-clocked latch  
The latch Peripherals_i/PWM_0/U0/PWM_v1_0_S00_AXI_inst/temp_reg[20] cannot be properly analyzed as its control pin Peripherals_i/PWM_0/U0/PWM_v1_0_S00_AXI_inst/temp_reg[20]/G is not reached by a timing clock
Related violations: <none>

TIMING-20#14 Warning
Non-clocked latch  
The latch Peripherals_i/PWM_0/U0/PWM_v1_0_S00_AXI_inst/temp_reg[21] cannot be properly analyzed as its control pin Peripherals_i/PWM_0/U0/PWM_v1_0_S00_AXI_inst/temp_reg[21]/G is not reached by a timing clock
Related violations: <none>

TIMING-20#15 Warning
Non-clocked latch  
The latch Peripherals_i/PWM_0/U0/PWM_v1_0_S00_AXI_inst/temp_reg[22] cannot be properly analyzed as its control pin Peripherals_i/PWM_0/U0/PWM_v1_0_S00_AXI_inst/temp_reg[22]/G is not reached by a timing clock
Related violations: <none>

TIMING-20#16 Warning
Non-clocked latch  
The latch Peripherals_i/PWM_0/U0/PWM_v1_0_S00_AXI_inst/temp_reg[23] cannot be properly analyzed as its control pin Peripherals_i/PWM_0/U0/PWM_v1_0_S00_AXI_inst/temp_reg[23]/G is not reached by a timing clock
Related violations: <none>

TIMING-20#17 Warning
Non-clocked latch  
The latch Peripherals_i/PWM_0/U0/PWM_v1_0_S00_AXI_inst/temp_reg[24] cannot be properly analyzed as its control pin Peripherals_i/PWM_0/U0/PWM_v1_0_S00_AXI_inst/temp_reg[24]/G is not reached by a timing clock
Related violations: <none>

TIMING-20#18 Warning
Non-clocked latch  
The latch Peripherals_i/PWM_0/U0/PWM_v1_0_S00_AXI_inst/temp_reg[25] cannot be properly analyzed as its control pin Peripherals_i/PWM_0/U0/PWM_v1_0_S00_AXI_inst/temp_reg[25]/G is not reached by a timing clock
Related violations: <none>

TIMING-20#19 Warning
Non-clocked latch  
The latch Peripherals_i/PWM_0/U0/PWM_v1_0_S00_AXI_inst/temp_reg[26] cannot be properly analyzed as its control pin Peripherals_i/PWM_0/U0/PWM_v1_0_S00_AXI_inst/temp_reg[26]/G is not reached by a timing clock
Related violations: <none>

TIMING-20#20 Warning
Non-clocked latch  
The latch Peripherals_i/PWM_0/U0/PWM_v1_0_S00_AXI_inst/temp_reg[27] cannot be properly analyzed as its control pin Peripherals_i/PWM_0/U0/PWM_v1_0_S00_AXI_inst/temp_reg[27]/G is not reached by a timing clock
Related violations: <none>

TIMING-20#21 Warning
Non-clocked latch  
The latch Peripherals_i/PWM_0/U0/PWM_v1_0_S00_AXI_inst/temp_reg[28] cannot be properly analyzed as its control pin Peripherals_i/PWM_0/U0/PWM_v1_0_S00_AXI_inst/temp_reg[28]/G is not reached by a timing clock
Related violations: <none>

TIMING-20#22 Warning
Non-clocked latch  
The latch Peripherals_i/PWM_0/U0/PWM_v1_0_S00_AXI_inst/temp_reg[29] cannot be properly analyzed as its control pin Peripherals_i/PWM_0/U0/PWM_v1_0_S00_AXI_inst/temp_reg[29]/G is not reached by a timing clock
Related violations: <none>

TIMING-20#23 Warning
Non-clocked latch  
The latch Peripherals_i/PWM_0/U0/PWM_v1_0_S00_AXI_inst/temp_reg[2] cannot be properly analyzed as its control pin Peripherals_i/PWM_0/U0/PWM_v1_0_S00_AXI_inst/temp_reg[2]/G is not reached by a timing clock
Related violations: <none>

TIMING-20#24 Warning
Non-clocked latch  
The latch Peripherals_i/PWM_0/U0/PWM_v1_0_S00_AXI_inst/temp_reg[30] cannot be properly analyzed as its control pin Peripherals_i/PWM_0/U0/PWM_v1_0_S00_AXI_inst/temp_reg[30]/G is not reached by a timing clock
Related violations: <none>

TIMING-20#25 Warning
Non-clocked latch  
The latch Peripherals_i/PWM_0/U0/PWM_v1_0_S00_AXI_inst/temp_reg[31] cannot be properly analyzed as its control pin Peripherals_i/PWM_0/U0/PWM_v1_0_S00_AXI_inst/temp_reg[31]/G is not reached by a timing clock
Related violations: <none>

TIMING-20#26 Warning
Non-clocked latch  
The latch Peripherals_i/PWM_0/U0/PWM_v1_0_S00_AXI_inst/temp_reg[3] cannot be properly analyzed as its control pin Peripherals_i/PWM_0/U0/PWM_v1_0_S00_AXI_inst/temp_reg[3]/G is not reached by a timing clock
Related violations: <none>

TIMING-20#27 Warning
Non-clocked latch  
The latch Peripherals_i/PWM_0/U0/PWM_v1_0_S00_AXI_inst/temp_reg[4] cannot be properly analyzed as its control pin Peripherals_i/PWM_0/U0/PWM_v1_0_S00_AXI_inst/temp_reg[4]/G is not reached by a timing clock
Related violations: <none>

TIMING-20#28 Warning
Non-clocked latch  
The latch Peripherals_i/PWM_0/U0/PWM_v1_0_S00_AXI_inst/temp_reg[5] cannot be properly analyzed as its control pin Peripherals_i/PWM_0/U0/PWM_v1_0_S00_AXI_inst/temp_reg[5]/G is not reached by a timing clock
Related violations: <none>

TIMING-20#29 Warning
Non-clocked latch  
The latch Peripherals_i/PWM_0/U0/PWM_v1_0_S00_AXI_inst/temp_reg[6] cannot be properly analyzed as its control pin Peripherals_i/PWM_0/U0/PWM_v1_0_S00_AXI_inst/temp_reg[6]/G is not reached by a timing clock
Related violations: <none>

TIMING-20#30 Warning
Non-clocked latch  
The latch Peripherals_i/PWM_0/U0/PWM_v1_0_S00_AXI_inst/temp_reg[7] cannot be properly analyzed as its control pin Peripherals_i/PWM_0/U0/PWM_v1_0_S00_AXI_inst/temp_reg[7]/G is not reached by a timing clock
Related violations: <none>

TIMING-20#31 Warning
Non-clocked latch  
The latch Peripherals_i/PWM_0/U0/PWM_v1_0_S00_AXI_inst/temp_reg[8] cannot be properly analyzed as its control pin Peripherals_i/PWM_0/U0/PWM_v1_0_S00_AXI_inst/temp_reg[8]/G is not reached by a timing clock
Related violations: <none>

TIMING-20#32 Warning
Non-clocked latch  
The latch Peripherals_i/PWM_0/U0/PWM_v1_0_S00_AXI_inst/temp_reg[9] cannot be properly analyzed as its control pin Peripherals_i/PWM_0/U0/PWM_v1_0_S00_AXI_inst/temp_reg[9]/G is not reached by a timing clock
Related violations: <none>


