19:45:45 INFO  : Registering command handlers for SDK TCF services
19:45:45 ERROR : Unsatisfied link error while loading librdi_repo_manager.so: java.lang.UnsatisfiedLinkError: no rdi_repo_manager in java.library.path
19:45:45 INFO  : Launching XSCT server: xsct -n -interactive /media/sf_sorinalupu/VIvado_XILINX/Vivado/2016.3/ZTurnPs/ZTurnPs.sdk/temp_xsdb_launch_script.tcl
19:45:56 ERROR : (XSDB Server)couldn't read file "/scripts/xsdb/xsdb/xsdb-server.tcl": no such file or directory
    while executing
"source /scripts/xsdb/xsdb/xsdb-server.tcl"
    (file "/media/sf_sorinalupu/VIvado_XILINX/Vivado/2016.3/ZTurnPs/ZTurnPs.sdk/temp_xsdb_launch_script.tcl" line 1)

19:48:46 ERROR : Timed out. 180 seconds have elapsed while waiting for XSCT server to launch.
19:48:46 INFO  : Launching XSCT server: xsct -n -interactive /media/sf_sorinalupu/VIvado_XILINX/Vivado/2016.3/ZTurnPs/ZTurnPs.sdk/temp_xsdb_launch_script.tcl
19:48:50 ERROR : (XSDB Server)couldn't read file "/scripts/xsdb/xsdb/xsdb-server.tcl": no such file or directory
    while executing
"source /scripts/xsdb/xsdb/xsdb-server.tcl"
    (file "/media/sf_sorinalupu/VIvado_XILINX/Vivado/2016.3/ZTurnPs/ZTurnPs.sdk/temp_xsdb_launch_script.tcl" line 1)
19:48:50 ERROR : (XSDB Server)

19:51:46 ERROR : Timed out. 180 seconds have elapsed while waiting for XSCT server to launch.
19:51:46 ERROR : Failed to call init_repo
Reason: xsct server communication channel is not established.
19:51:46 ERROR : Exception raised in executing the command =Failed to call init_repo
Reason: xsct server communication channel is not established. 
19:51:46 INFO  : Processing command line option -hwspec /media/sf_sorinalupu/VIvado_XILINX/Vivado/2016.3/ZTurnPs/ZTurnPs.sdk/PSDesign_wrapper.hdf.
19:51:47 INFO  : Launching XSCT server: xsct -n -interactive /media/sf_sorinalupu/VIvado_XILINX/Vivado/2016.3/ZTurnPs/ZTurnPs.sdk/temp_xsdb_launch_script.tcl
19:52:08 ERROR : (XSDB Server)couldn't read file "/scripts/xsdb/xsdb/xsdb-server.tcl": no such file or directory
    while executing
"source /scripts/xsdb/xsdb/xsdb-server.tcl"
    (file "/media/sf_sorinalupu/VIvado_XILINX/Vivado/2016.3/ZTurnPs/ZTurnPs.sdk/temp_xsdb_launch_script.tcl" line 1)
19:52:08 ERROR : (XSDB Server)

19:53:45 INFO  : Registering command handlers for SDK TCF services
19:53:45 ERROR : Unsatisfied link error while loading librdi_repo_manager.so: java.lang.UnsatisfiedLinkError: no rdi_repo_manager in java.library.path
19:53:45 INFO  : Launching XSCT server: xsct -n -interactive /media/sf_sorinalupu/VIvado_XILINX/Vivado/2016.3/ZTurnPs/ZTurnPs.sdk/temp_xsdb_launch_script.tcl
19:54:07 ERROR : (XSDB Server)couldn't read file "/scripts/xsdb/xsdb/xsdb-server.tcl": no such file or directory
    while executing
"source /scripts/xsdb/xsdb/xsdb-server.tcl"
    (file "/media/sf_sorinalupu/VIvado_XILINX/Vivado/2016.3/ZTurnPs/ZTurnPs.sdk/temp_xsdb_launch_script.tcl" line 1)
19:54:07 ERROR : (XSDB Server)

19:56:46 ERROR : Timed out. 180 seconds have elapsed while waiting for XSCT server to launch.
19:56:46 INFO  : Launching XSCT server: xsct -n -interactive /media/sf_sorinalupu/VIvado_XILINX/Vivado/2016.3/ZTurnPs/ZTurnPs.sdk/temp_xsdb_launch_script.tcl
19:57:08 ERROR : (XSDB Server)couldn't read file "/scripts/xsdb/xsdb/xsdb-server.tcl": no such file or directory
    while executing
"source /scripts/xsdb/xsdb/xsdb-server.tcl"
    (file "/media/sf_sorinalupu/VIvado_XILINX/Vivado/2016.3/ZTurnPs/ZTurnPs.sdk/temp_xsdb_launch_script.tcl" line 1)

19:59:46 ERROR : Timed out. 180 seconds have elapsed while waiting for XSCT server to launch.
19:59:46 ERROR : Failed to call init_repo
Reason: xsct server communication channel is not established.
19:59:46 ERROR : Exception raised in executing the command =Failed to call init_repo
Reason: xsct server communication channel is not established. 
19:59:46 INFO  : Processing command line option -hwspec /media/sf_sorinalupu/VIvado_XILINX/Vivado/2016.3/ZTurnPs/ZTurnPs.sdk/PSDesign_wrapper.hdf.
19:59:47 INFO  : Launching XSCT server: xsct -n -interactive /media/sf_sorinalupu/VIvado_XILINX/Vivado/2016.3/ZTurnPs/ZTurnPs.sdk/temp_xsdb_launch_script.tcl
20:00:05 ERROR : (XSDB Server)couldn't read file "/scripts/xsdb/xsdb/xsdb-server.tcl": no such file or directory
    while executing
"source /scripts/xsdb/xsdb/xsdb-server.tcl"
    (file "/media/sf_sorinalupu/VIvado_XILINX/Vivado/2016.3/ZTurnPs/ZTurnPs.sdk/temp_xsdb_launch_script.tcl" line 1)

20:03:03 INFO  : Registering command handlers for SDK TCF services
20:03:03 ERROR : Unsatisfied link error while loading librdi_repo_manager.so: java.lang.UnsatisfiedLinkError: no rdi_repo_manager in java.library.path
20:03:03 INFO  : Launching XSCT server: xsct -n -interactive /media/sf_sorinalupu/VIvado_XILINX/Vivado/2016.3/ZTurnPs/ZTurnPs.sdk/temp_xsdb_launch_script.tcl
20:03:23 ERROR : (XSDB Server)couldn't read file "/scripts/xsdb/xsdb/xsdb-server.tcl": no such file or directory
    while executing
"source /scripts/xsdb/xsdb/xsdb-server.tcl"
    (file "/media/sf_sorinalupu/VIvado_XILINX/Vivado/2016.3/ZTurnPs/ZTurnPs.sdk/temp_xsdb_launch_script.tcl" line 1)

20:06:04 ERROR : Timed out. 180 seconds have elapsed while waiting for XSCT server to launch.
20:06:04 INFO  : Launching XSCT server: xsct -n -interactive /media/sf_sorinalupu/VIvado_XILINX/Vivado/2016.3/ZTurnPs/ZTurnPs.sdk/temp_xsdb_launch_script.tcl
20:06:08 ERROR : (XSDB Server)couldn't read file "/scripts/xsdb/xsdb/xsdb-server.tcl": no such file or directory
    while executing
"source /scripts/xsdb/xsdb/xsdb-server.tcl"
    (file "/media/sf_sorinalupu/VIvado_XILINX/Vivado/2016.3/ZTurnPs/ZTurnPs.sdk/temp_xsdb_launch_script.tcl" line 1)
20:06:08 ERROR : (XSDB Server)

11:52:19 INFO  : Registering command handlers for SDK TCF services
11:52:19 ERROR : Unsatisfied link error while loading librdi_repo_manager.so: java.lang.UnsatisfiedLinkError: no rdi_repo_manager in java.library.path
11:52:19 INFO  : Launching XSCT server: xsct -n -interactive /opt/Xilinx/Vivado/2016.3/ZturnPS/ZturnPS.sdk/temp_xsdb_launch_script.tcl
11:52:22 ERROR : (XSDB Server)couldn't read file "/scripts/xsdb/xsdb/xsdb-server.tcl": no such file or directory
    while executing
"source /scripts/xsdb/xsdb/xsdb-server.tcl"
    (file "/opt/Xilinx/Vivado/2016.3/ZturnPS/ZturnPS.sdk/temp_xsdb_launch_script.tcl" line 1)

11:55:20 ERROR : Timed out. 180 seconds have elapsed while waiting for XSCT server to launch.
11:55:20 INFO  : Launching XSCT server: xsct -n -interactive /opt/Xilinx/Vivado/2016.3/ZturnPS/ZturnPS.sdk/temp_xsdb_launch_script.tcl
11:55:20 ERROR : Failed to call init_repo
Reason: xsct server communication channel is not established.
11:55:20 ERROR : Exception raised in executing the command =Failed to call init_repo
Reason: xsct server communication channel is not established. 
11:55:20 INFO  : Processing command line option -hwspec /opt/Xilinx/Vivado/2016.3/ZturnPS/ZturnPS.sdk/PSDesign_wrapper.hdf.
12:02:22 INFO  : Registering command handlers for SDK TCF services
12:02:23 ERROR : Unsatisfied link error while loading librdi_repo_manager.so: java.lang.UnsatisfiedLinkError: no rdi_repo_manager in java.library.path
12:02:23 INFO  : Launching XSCT server: xsct -n -interactive /opt/Xilinx/Vivado/2016.3/ZturnPS/ZturnPS.sdk/temp_xsdb_launch_script.tcl
12:02:24 ERROR : (XSDB Server)couldn't read file "/scripts/xsdb/xsdb/xsdb-server.tcl": no such file or directory
    while executing
"source /scripts/xsdb/xsdb/xsdb-server.tcl"
    (file "/opt/Xilinx/Vivado/2016.3/ZturnPS/ZturnPS.sdk/temp_xsdb_launch_script.tcl" line 1)

12:05:23 ERROR : Timed out. 180 seconds have elapsed while waiting for XSCT server to launch.
12:05:23 INFO  : Launching XSCT server: xsct -n -interactive /opt/Xilinx/Vivado/2016.3/ZturnPS/ZturnPS.sdk/temp_xsdb_launch_script.tcl
12:05:23 ERROR : Failed to call init_repo
Reason: xsct server communication channel is not established.
12:05:23 ERROR : Exception raised in executing the command =Failed to call init_repo
Reason: xsct server communication channel is not established. 
12:05:23 INFO  : Processing command line option -hwspec /opt/Xilinx/Vivado/2016.3/ZturnPS/ZturnPS.sdk/PSDesign_wrapper.hdf.
12:05:25 ERROR : (XSDB Server)couldn't read file "/scripts/xsdb/xsdb/xsdb-server.tcl": no such file or directory
    while executing
"source /scripts/xsdb/xsdb/xsdb-server.tcl"
    (file "/opt/Xilinx/Vivado/2016.3/ZturnPS/ZturnPS.sdk/temp_xsdb_launch_script.tcl" line 1)

12:08:24 ERROR : Timed out. 180 seconds have elapsed while waiting for XSCT server to launch.
12:08:24 INFO  : Launching XSCT server: xsct -n -interactive /opt/Xilinx/Vivado/2016.3/ZturnPS/ZturnPS.sdk/temp_xsdb_launch_script.tcl
12:08:24 ERROR : (XSDB Server)couldn't read file "/scripts/xsdb/xsdb/xsdb-server.tcl": no such file or directory
    while executing
"source /scripts/xsdb/xsdb/xsdb-server.tcl"
    (file "/opt/Xilinx/Vivado/2016.3/ZturnPS/ZturnPS.sdk/temp_xsdb_launch_script.tcl" line 1)
12:08:24 ERROR : (XSDB Server)

12:18:51 INFO  : Registering command handlers for SDK TCF services
12:18:52 INFO  : Launching XSCT server: xsct -n -interactive /opt/Xilinx/Vivado/2016.3/ZturnPS/ZturnPS.sdk/temp_xsdb_launch_script.tcl
12:18:54 INFO  : XSCT server has started successfully.
12:18:54 INFO  : Successfully done setting XSCT server connection channel  
12:18:54 INFO  : Successfully done setting SDK workspace  
12:18:54 INFO  : Processing command line option -hwspec /opt/Xilinx/Vivado/2016.3/ZturnPS/ZturnPS.sdk/PSDesign_wrapper.hdf.
12:31:41 ERROR : Checking FPGA configuration failed..Connection to Board Failed


    Unknown Error Occured
    Cable is not connected to the host

12:31:41 ERROR : Unexpected error while launching program.
com.xilinx.sdk.targetmanager.TMException: Connection to Board Failed


    Unknown Error Occured
    Cable is not connected to the host

	at com.xilinx.sdk.targetmanager.internal.TM.isFPGAConfigured(TM.java:374)
	at com.xilinx.sdk.debug.core.XilinxAppLaunchConfigurationDelegate.isFpgaConfigured(XilinxAppLaunchConfigurationDelegate.java:409)
	at com.xilinx.sdk.debug.core.XilinxAppLaunchConfigurationDelegate.launch(XilinxAppLaunchConfigurationDelegate.java:303)
	at com.xilinx.sdk.debug.ui.XilinxAppLaunchDelegateWrapper.launch(XilinxAppLaunchDelegateWrapper.java:31)
	at org.eclipse.debug.internal.core.LaunchConfiguration.launch(LaunchConfiguration.java:885)
	at org.eclipse.debug.internal.core.LaunchConfiguration.launch(LaunchConfiguration.java:739)
	at org.eclipse.debug.internal.ui.DebugUIPlugin.buildAndLaunch(DebugUIPlugin.java:1039)
	at org.eclipse.debug.internal.ui.DebugUIPlugin$8.run(DebugUIPlugin.java:1256)
	at org.eclipse.core.internal.jobs.Worker.run(Worker.java:55)
10:54:01 ERROR : Unexpected error while parsing XMD response ￿: com.google.gson.JsonSyntaxException: com.google.gson.stream.MalformedJsonException: invalid number or unquoted string near 
12:47:33 INFO  : Registering command handlers for SDK TCF services
12:47:34 INFO  : Launching XSCT server: xsct -n -interactive /opt/Xilinx/Vivado/CERN_projects/HelloWorld/ZturnPS.sdk/temp_xsdb_launch_script.tcl
12:47:37 INFO  : XSCT server has started successfully.
12:47:37 INFO  : Successfully done setting XSCT server connection channel  
12:47:38 INFO  : Successfully done setting SDK workspace  
12:47:38 INFO  : Processing command line option -hwspec /opt/Xilinx/Vivado/CERN_projects/HelloWorld/ZturnPS.sdk/PSDesign_wrapper.hdf.
12:51:18 ERROR : Checking FPGA configuration failed..Connection to Board Failed


    Unknown Error Occured
    Cable is not powered-on

12:51:18 ERROR : Unexpected error while launching program.
com.xilinx.sdk.targetmanager.TMException: Connection to Board Failed


    Unknown Error Occured
    Cable is not powered-on

	at com.xilinx.sdk.targetmanager.internal.TM.isFPGAConfigured(TM.java:374)
	at com.xilinx.sdk.debug.core.XilinxAppLaunchConfigurationDelegate.isFpgaConfigured(XilinxAppLaunchConfigurationDelegate.java:409)
	at com.xilinx.sdk.debug.core.XilinxAppLaunchConfigurationDelegate.launch(XilinxAppLaunchConfigurationDelegate.java:303)
	at com.xilinx.sdk.debug.ui.XilinxAppLaunchDelegateWrapper.launch(XilinxAppLaunchDelegateWrapper.java:31)
	at org.eclipse.debug.internal.core.LaunchConfiguration.launch(LaunchConfiguration.java:885)
	at org.eclipse.debug.internal.core.LaunchConfiguration.launch(LaunchConfiguration.java:739)
	at org.eclipse.debug.internal.ui.DebugUIPlugin.buildAndLaunch(DebugUIPlugin.java:1039)
	at org.eclipse.debug.internal.ui.DebugUIPlugin$8.run(DebugUIPlugin.java:1256)
	at org.eclipse.core.internal.jobs.Worker.run(Worker.java:55)
12:51:54 INFO  : Processor reset is completed for ps7_cortexa9_0
12:53:38 INFO  : Connected to target on host '127.0.0.1' and port '3121'.
12:53:39 INFO  : 'targets -set -filter {jtag_cable_name =~ "Platform Cable USB II 000014d2137c01" && level==0} -index 1' command is executed.
12:53:47 INFO  : FPGA configured successfully with bitstream "/opt/Xilinx/Vivado/CERN_projects/HelloWorld/ZturnPS.sdk/PSDesign_wrapper_hw_platform_4/PSDesign_wrapper.bit"
12:53:57 INFO  : Processor reset is completed for ps7_cortexa9_0
12:53:57 ERROR : Unexpected error while opening JTAG UART: 
java.lang.RuntimeException: Error while opening JTAG UART server: MDM Uart NOT Present in the System
Could not detect MDM peripheral on hardware. Please check:
    1. If FPGA is configured correctly
    2. MDM Core is instantiated in the design
    3. If the correct FPGA is referred, in case of multiple FPGAs
    4. If the correct MDM is referred, in case of a multiple MDM system
    

	at com.xilinx.sdk.targetmanager.internal.TM.startJTAGUARTServer(TM.java:951)
	at com.xilinx.sdk.debug.core.internal.comm.JTAGUARTStreamsProxy.<init>(JTAGUARTStreamsProxy.java:32)
	at com.xilinx.sdk.debug.core.internal.RemoteProcess.createStreamsProxy(RemoteProcess.java:164)
	at com.xilinx.sdk.debug.core.internal.RemoteProcess.<init>(RemoteProcess.java:65)
	at com.xilinx.sdk.debug.core.internal.AppRunner.run(AppRunner.java:91)
	at com.xilinx.sdk.debug.core.XilinxAppLaunchConfigurationDelegate.runApplication(XilinxAppLaunchConfigurationDelegate.java:637)
	at com.xilinx.sdk.debug.core.XilinxAppLaunchConfigurationDelegate.launch(XilinxAppLaunchConfigurationDelegate.java:309)
	at com.xilinx.sdk.debug.ui.XilinxAppLaunchDelegateWrapper.launch(XilinxAppLaunchDelegateWrapper.java:31)
	at org.eclipse.debug.internal.core.LaunchConfiguration.launch(LaunchConfiguration.java:885)
	at org.eclipse.debug.internal.core.LaunchConfiguration.launch(LaunchConfiguration.java:739)
	at org.eclipse.debug.internal.ui.DebugUIPlugin.buildAndLaunch(DebugUIPlugin.java:1039)
	at org.eclipse.debug.internal.ui.DebugUIPlugin$8.run(DebugUIPlugin.java:1256)
	at org.eclipse.core.internal.jobs.Worker.run(Worker.java:55)
12:54:47 INFO  : Processor reset is completed for ps7_cortexa9_0
12:54:47 ERROR : Unexpected error while opening JTAG UART: 
java.lang.RuntimeException: Error while opening JTAG UART server: MDM Uart NOT Present in the System
Could not detect MDM peripheral on hardware. Please check:
    1. If FPGA is configured correctly
    2. MDM Core is instantiated in the design
    3. If the correct FPGA is referred, in case of multiple FPGAs
    4. If the correct MDM is referred, in case of a multiple MDM system
    

	at com.xilinx.sdk.targetmanager.internal.TM.startJTAGUARTServer(TM.java:951)
	at com.xilinx.sdk.debug.core.internal.comm.JTAGUARTStreamsProxy.<init>(JTAGUARTStreamsProxy.java:32)
	at com.xilinx.sdk.debug.core.internal.RemoteProcess.createStreamsProxy(RemoteProcess.java:164)
	at com.xilinx.sdk.debug.core.internal.RemoteProcess.<init>(RemoteProcess.java:65)
	at com.xilinx.sdk.debug.core.internal.AppRunner.run(AppRunner.java:91)
	at com.xilinx.sdk.debug.core.XilinxAppLaunchConfigurationDelegate.runApplication(XilinxAppLaunchConfigurationDelegate.java:637)
	at com.xilinx.sdk.debug.core.XilinxAppLaunchConfigurationDelegate.launch(XilinxAppLaunchConfigurationDelegate.java:309)
	at com.xilinx.sdk.debug.ui.XilinxAppLaunchDelegateWrapper.launch(XilinxAppLaunchDelegateWrapper.java:31)
	at org.eclipse.debug.internal.core.LaunchConfiguration.launch(LaunchConfiguration.java:885)
	at org.eclipse.debug.internal.core.LaunchConfiguration.launch(LaunchConfiguration.java:739)
	at org.eclipse.debug.internal.ui.DebugUIPlugin.buildAndLaunch(DebugUIPlugin.java:1039)
	at org.eclipse.debug.internal.ui.DebugUIPlugin$8.run(DebugUIPlugin.java:1256)
	at org.eclipse.core.internal.jobs.Worker.run(Worker.java:55)
12:56:16 INFO  : Connected to target on host '127.0.0.1' and port '3121'.
12:56:16 INFO  : 'targets -set -filter {jtag_cable_name =~ "Platform Cable USB II 000014d2137c01" && level==0} -index 1' command is executed.
12:56:23 INFO  : FPGA configured successfully with bitstream "/opt/Xilinx/Vivado/CERN_projects/HelloWorld/ZturnPS.sdk/PSDesign_wrapper_hw_platform_4/PSDesign_wrapper.bit"
12:56:38 INFO  : Processor reset is completed for ps7_cortexa9_0
12:56:38 ERROR : Unexpected error while opening JTAG UART: 
java.lang.RuntimeException: Error while opening JTAG UART server: MDM Uart NOT Present in the System
Could not detect MDM peripheral on hardware. Please check:
    1. If FPGA is configured correctly
    2. MDM Core is instantiated in the design
    3. If the correct FPGA is referred, in case of multiple FPGAs
    4. If the correct MDM is referred, in case of a multiple MDM system
    

	at com.xilinx.sdk.targetmanager.internal.TM.startJTAGUARTServer(TM.java:951)
	at com.xilinx.sdk.debug.core.internal.comm.JTAGUARTStreamsProxy.<init>(JTAGUARTStreamsProxy.java:32)
	at com.xilinx.sdk.debug.core.internal.RemoteProcess.createStreamsProxy(RemoteProcess.java:164)
	at com.xilinx.sdk.debug.core.internal.RemoteProcess.<init>(RemoteProcess.java:65)
	at com.xilinx.sdk.debug.core.internal.AppRunner.run(AppRunner.java:91)
	at com.xilinx.sdk.debug.core.XilinxAppLaunchConfigurationDelegate.runApplication(XilinxAppLaunchConfigurationDelegate.java:637)
	at com.xilinx.sdk.debug.core.XilinxAppLaunchConfigurationDelegate.launch(XilinxAppLaunchConfigurationDelegate.java:309)
	at com.xilinx.sdk.debug.ui.XilinxAppLaunchDelegateWrapper.launch(XilinxAppLaunchDelegateWrapper.java:31)
	at org.eclipse.debug.internal.core.LaunchConfiguration.launch(LaunchConfiguration.java:885)
	at org.eclipse.debug.internal.core.LaunchConfiguration.launch(LaunchConfiguration.java:739)
	at org.eclipse.debug.internal.ui.DebugUIPlugin.buildAndLaunch(DebugUIPlugin.java:1039)
	at org.eclipse.debug.internal.ui.DebugUIPlugin$8.run(DebugUIPlugin.java:1256)
	at org.eclipse.core.internal.jobs.Worker.run(Worker.java:55)
13:04:49 INFO  : Processor reset is completed for ps7_cortexa9_0
13:04:49 ERROR : Unexpected error while opening JTAG UART: 
java.lang.RuntimeException: Error while opening JTAG UART server: MDM Uart NOT Present in the System
Could not detect MDM peripheral on hardware. Please check:
    1. If FPGA is configured correctly
    2. MDM Core is instantiated in the design
    3. If the correct FPGA is referred, in case of multiple FPGAs
    4. If the correct MDM is referred, in case of a multiple MDM system
    

	at com.xilinx.sdk.targetmanager.internal.TM.startJTAGUARTServer(TM.java:951)
	at com.xilinx.sdk.debug.core.internal.comm.JTAGUARTStreamsProxy.<init>(JTAGUARTStreamsProxy.java:32)
	at com.xilinx.sdk.debug.core.internal.RemoteProcess.createStreamsProxy(RemoteProcess.java:164)
	at com.xilinx.sdk.debug.core.internal.RemoteProcess.<init>(RemoteProcess.java:65)
	at com.xilinx.sdk.debug.core.internal.AppRunner.run(AppRunner.java:91)
	at com.xilinx.sdk.debug.core.XilinxAppLaunchConfigurationDelegate.runApplication(XilinxAppLaunchConfigurationDelegate.java:637)
	at com.xilinx.sdk.debug.core.XilinxAppLaunchConfigurationDelegate.launch(XilinxAppLaunchConfigurationDelegate.java:309)
	at com.xilinx.sdk.debug.ui.XilinxAppLaunchDelegateWrapper.launch(XilinxAppLaunchDelegateWrapper.java:31)
	at org.eclipse.debug.internal.core.LaunchConfiguration.launch(LaunchConfiguration.java:885)
	at org.eclipse.debug.internal.core.LaunchConfiguration.launch(LaunchConfiguration.java:739)
	at org.eclipse.debug.internal.ui.DebugUIPlugin.buildAndLaunch(DebugUIPlugin.java:1039)
	at org.eclipse.debug.internal.ui.DebugUIPlugin$8.run(DebugUIPlugin.java:1256)
	at org.eclipse.core.internal.jobs.Worker.run(Worker.java:55)
13:06:15 INFO  : Processor reset is completed for ps7_cortexa9_0
13:06:18 ERROR : Unexpected error while opening JTAG UART: 
java.lang.RuntimeException: Error while opening JTAG UART server: MDM Uart NOT Present in the System
Could not detect MDM peripheral on hardware. Please check:
    1. If FPGA is configured correctly
    2. MDM Core is instantiated in the design
    3. If the correct FPGA is referred, in case of multiple FPGAs
    4. If the correct MDM is referred, in case of a multiple MDM system
    

	at com.xilinx.sdk.targetmanager.internal.TM.startJTAGUARTServer(TM.java:951)
	at com.xilinx.sdk.debug.core.internal.comm.JTAGUARTStreamsProxy.<init>(JTAGUARTStreamsProxy.java:32)
	at com.xilinx.sdk.debug.core.internal.RemoteProcess.createStreamsProxy(RemoteProcess.java:164)
	at com.xilinx.sdk.debug.core.internal.RemoteProcess.<init>(RemoteProcess.java:65)
	at com.xilinx.sdk.debug.core.XilinxAppLaunchConfigurationDelegate.debugApplication(XilinxAppLaunchConfigurationDelegate.java:778)
	at com.xilinx.sdk.debug.core.XilinxAppLaunchConfigurationDelegate.launch(XilinxAppLaunchConfigurationDelegate.java:311)
	at com.xilinx.sdk.debug.ui.XilinxAppLaunchDelegateWrapper.launch(XilinxAppLaunchDelegateWrapper.java:31)
	at org.eclipse.debug.internal.core.LaunchConfiguration.launch(LaunchConfiguration.java:885)
	at org.eclipse.debug.internal.core.LaunchConfiguration.launch(LaunchConfiguration.java:739)
	at org.eclipse.debug.internal.ui.DebugUIPlugin.buildAndLaunch(DebugUIPlugin.java:1039)
	at org.eclipse.debug.internal.ui.DebugUIPlugin$8.run(DebugUIPlugin.java:1256)
	at org.eclipse.core.internal.jobs.Worker.run(Worker.java:55)
13:07:15 INFO  : Processor reset is completed for ps7_cortexa9_0
13:07:15 ERROR : Unexpected error while opening JTAG UART: 
java.lang.RuntimeException: Error while opening JTAG UART server: MDM Uart NOT Present in the System
Could not detect MDM peripheral on hardware. Please check:
    1. If FPGA is configured correctly
    2. MDM Core is instantiated in the design
    3. If the correct FPGA is referred, in case of multiple FPGAs
    4. If the correct MDM is referred, in case of a multiple MDM system
    

	at com.xilinx.sdk.targetmanager.internal.TM.startJTAGUARTServer(TM.java:951)
	at com.xilinx.sdk.debug.core.internal.comm.JTAGUARTStreamsProxy.<init>(JTAGUARTStreamsProxy.java:32)
	at com.xilinx.sdk.debug.core.internal.RemoteProcess.createStreamsProxy(RemoteProcess.java:164)
	at com.xilinx.sdk.debug.core.internal.RemoteProcess.<init>(RemoteProcess.java:65)
	at com.xilinx.sdk.debug.core.internal.AppRunner.run(AppRunner.java:91)
	at com.xilinx.sdk.debug.core.XilinxAppLaunchConfigurationDelegate.runApplication(XilinxAppLaunchConfigurationDelegate.java:637)
	at com.xilinx.sdk.debug.core.XilinxAppLaunchConfigurationDelegate.launch(XilinxAppLaunchConfigurationDelegate.java:309)
	at com.xilinx.sdk.debug.ui.XilinxAppLaunchDelegateWrapper.launch(XilinxAppLaunchDelegateWrapper.java:31)
	at org.eclipse.debug.internal.core.LaunchConfiguration.launch(LaunchConfiguration.java:885)
	at org.eclipse.debug.internal.core.LaunchConfiguration.launch(LaunchConfiguration.java:739)
	at org.eclipse.debug.internal.ui.DebugUIPlugin.buildAndLaunch(DebugUIPlugin.java:1039)
	at org.eclipse.debug.internal.ui.DebugUIPlugin$8.run(DebugUIPlugin.java:1256)
	at org.eclipse.core.internal.jobs.Worker.run(Worker.java:55)
13:09:55 INFO  : Processor reset is completed for ps7_cortexa9_0
13:12:49 INFO  : Connected to target on host '127.0.0.1' and port '3121'.
13:12:50 INFO  : Jtag cable 'Platform Cable USB II 000014d2137c01' is selected.
13:12:50 INFO  : 'jtag frequency' command is executed.
13:12:50 INFO  : Sourcing of '/opt/Xilinx/Vivado/CERN_projects/HelloWorld/ZturnPS.sdk/PSDesign_wrapper_hw_platform_5/ps7_init.tcl' is done.
13:12:50 INFO  : 'targets -set -filter {jtag_cable_name =~ "Platform Cable USB II 000014d2137c01" && level==0} -index 1' command is executed.
13:12:57 INFO  : FPGA configured successfully with bitstream "/opt/Xilinx/Vivado/CERN_projects/HelloWorld/ZturnPS.sdk/PSDesign_wrapper_hw_platform_5/PSDesign_wrapper.bit"
13:12:57 INFO  : Context for 'APU' is selected.
13:12:58 INFO  : Hardware design information is loaded from '/opt/Xilinx/Vivado/CERN_projects/HelloWorld/ZturnPS.sdk/PSDesign_wrapper_hw_platform_5/system.hdf'.
13:12:58 INFO  : Context for 'APU' is selected.
13:12:58 INFO  : 'stop' command is executed.
13:13:08 INFO  : 'ps7_init' command is executed.
13:13:08 INFO  : 'ps7_post_config' command is executed.
13:13:08 INFO  : ----------------XSDB Script----------------
connect -url tcp:127.0.0.1:3121
source /opt/Xilinx/Vivado/CERN_projects/HelloWorld/ZturnPS.sdk/PSDesign_wrapper_hw_platform_5/ps7_init.tcl
targets -set -filter {jtag_cable_name =~ "Platform Cable USB II 000014d2137c01" && level==0} -index 1
fpga -file /opt/Xilinx/Vivado/CERN_projects/HelloWorld/ZturnPS.sdk/PSDesign_wrapper_hw_platform_5/PSDesign_wrapper.bit
targets -set -nocase -filter {name =~"APU*" && jtag_cable_name =~ "Platform Cable USB II 000014d2137c01"} -index 0
loadhw /opt/Xilinx/Vivado/CERN_projects/HelloWorld/ZturnPS.sdk/PSDesign_wrapper_hw_platform_5/system.hdf
targets -set -nocase -filter {name =~"APU*" && jtag_cable_name =~ "Platform Cable USB II 000014d2137c01"} -index 0
stop
ps7_init
ps7_post_config
----------------End of Script----------------

13:13:08 INFO  : Memory regions updated for context APU
13:13:08 INFO  : Launch script is exported to file '/opt/Xilinx/Vivado/CERN_projects/HelloWorld/ZturnPS.sdk/.sdk/launch_scripts/xilinx_c-c++_application_(system_debugger)/system_debugger_using_debug_zturnsayshello.elf_on_local.tcl'
13:16:47 INFO  : Disconnected from the channel tcfchan#1.
13:16:55 INFO  : Processor reset is completed for ps7_cortexa9_0
13:17:48 INFO  : Processor reset is completed for ps7_cortexa9_0
13:54:54 INFO  : ps7_cortexa9_0 Processor is in use. Please stop existing Run or Debug sessions before launching.
13:54:56 INFO  : Processor reset is completed for ps7_cortexa9_0
13:54:56 ERROR : Unexpected error while opening JTAG UART: 
java.lang.RuntimeException: Error while opening JTAG UART server: MDM Uart NOT Present in the System
Could not detect MDM peripheral on hardware. Please check:
    1. If FPGA is configured correctly
    2. MDM Core is instantiated in the design
    3. If the correct FPGA is referred, in case of multiple FPGAs
    4. If the correct MDM is referred, in case of a multiple MDM system
    

	at com.xilinx.sdk.targetmanager.internal.TM.startJTAGUARTServer(TM.java:951)
	at com.xilinx.sdk.debug.core.internal.comm.JTAGUARTStreamsProxy.<init>(JTAGUARTStreamsProxy.java:32)
	at com.xilinx.sdk.debug.core.internal.RemoteProcess.createStreamsProxy(RemoteProcess.java:164)
	at com.xilinx.sdk.debug.core.internal.RemoteProcess.<init>(RemoteProcess.java:65)
	at com.xilinx.sdk.debug.core.internal.AppRunner.run(AppRunner.java:91)
	at com.xilinx.sdk.debug.core.XilinxAppLaunchConfigurationDelegate.runApplication(XilinxAppLaunchConfigurationDelegate.java:637)
	at com.xilinx.sdk.debug.core.XilinxAppLaunchConfigurationDelegate.launch(XilinxAppLaunchConfigurationDelegate.java:309)
	at com.xilinx.sdk.debug.ui.XilinxAppLaunchDelegateWrapper.launch(XilinxAppLaunchDelegateWrapper.java:31)
	at org.eclipse.debug.internal.core.LaunchConfiguration.launch(LaunchConfiguration.java:885)
	at org.eclipse.debug.internal.core.LaunchConfiguration.launch(LaunchConfiguration.java:739)
	at org.eclipse.debug.internal.ui.DebugUIPlugin.buildAndLaunch(DebugUIPlugin.java:1039)
	at org.eclipse.debug.internal.ui.DebugUIPlugin$8.run(DebugUIPlugin.java:1256)
	at org.eclipse.core.internal.jobs.Worker.run(Worker.java:55)
13:55:55 INFO  : ps7_cortexa9_0 Processor is in use. Please stop existing Run or Debug sessions before launching.
13:56:08 INFO  : Processor reset is completed for ps7_cortexa9_0
13:57:09 INFO  : Processor reset is completed for ps7_cortexa9_0
13:57:22 INFO  : Connected to target on host '127.0.0.1' and port '3121'.
13:57:22 INFO  : 'targets -set -filter {jtag_cable_name =~ "Platform Cable USB II 000014d2137c01" && level==0} -index 1' command is executed.
13:57:29 INFO  : FPGA configured successfully with bitstream "/opt/Xilinx/Vivado/CERN_projects/HelloWorld/ZturnPS.sdk/PSDesign_wrapper_hw_platform_5/PSDesign_wrapper.bit"
13:57:39 INFO  : ps7_cortexa9_0 Processor is in use. Please stop existing Run or Debug sessions before launching.
13:57:44 INFO  : Processor reset is completed for ps7_cortexa9_0
13:58:49 INFO  : Connected to target on host '127.0.0.1' and port '3121'.
13:58:49 INFO  : 'targets -set -filter {jtag_cable_name =~ "Platform Cable USB II 000014d2137c01" && level==0} -index 1' command is executed.
13:58:56 INFO  : FPGA configured successfully with bitstream "/opt/Xilinx/Vivado/CERN_projects/HelloWorld/ZturnPS.sdk/PSDesign_wrapper_hw_platform_5/PSDesign_wrapper.bit"
13:59:18 INFO  : ps7_cortexa9_0 Processor is in use. Please stop existing Run or Debug sessions before launching.
13:59:43 INFO  : Processor reset is completed for ps7_cortexa9_0
14:00:11 INFO  : ps7_cortexa9_0 Processor is in use. Please stop existing Run or Debug sessions before launching.
14:00:28 INFO  : Processor reset is completed for ps7_cortexa9_0
14:00:59 INFO  : Connected to target on host '127.0.0.1' and port '3121'.
14:00:59 INFO  : 'targets -set -filter {jtag_cable_name =~ "Platform Cable USB II 000014d2137c01" && level==0} -index 1' command is executed.
14:01:06 INFO  : FPGA configured successfully with bitstream "/opt/Xilinx/Vivado/CERN_projects/HelloWorld/ZturnPS.sdk/PSDesign_wrapper_hw_platform_5/PSDesign_wrapper.bit"
14:01:20 INFO  : Processor reset is completed for ps7_cortexa9_0
14:02:03 INFO  : ps7_cortexa9_0 Processor is in use. Please stop existing Run or Debug sessions before launching.
14:02:08 INFO  : Processor reset is completed for ps7_cortexa9_0
14:02:17 INFO  : Processor reset is completed for ps7_cortexa9_0
14:02:57 INFO  : Processor reset is completed for ps7_cortexa9_0
14:04:01 INFO  : Connected to target on host '127.0.0.1' and port '3121'.
14:04:01 INFO  : 'targets -set -filter {jtag_cable_name =~ "Platform Cable USB II 000014d2137c01" && level==0} -index 1' command is executed.
14:04:08 INFO  : FPGA configured successfully with bitstream "/opt/Xilinx/Vivado/CERN_projects/HelloWorld/ZturnPS.sdk/PSDesign_wrapper_hw_platform_5/PSDesign_wrapper.bit"
14:04:28 INFO  : Processor reset is completed for ps7_cortexa9_0
14:04:45 INFO  : Connected to target on host '127.0.0.1' and port '3121'.
14:04:46 INFO  : 'targets -set -filter {jtag_cable_name =~ "Platform Cable USB II 000014d2137c01" && level==0} -index 1' command is executed.
14:04:52 INFO  : FPGA configured successfully with bitstream "/opt/Xilinx/Vivado/CERN_projects/HelloWorld/ZturnPS.sdk/PSDesign_wrapper_hw_platform_5/PSDesign_wrapper.bit"
14:05:06 INFO  : Processor reset is completed for ps7_cortexa9_0
14:06:31 INFO  : Processor reset is completed for ps7_cortexa9_0
14:07:30 INFO  : Connected to target on host '127.0.0.1' and port '3121'.
14:07:30 INFO  : 'targets -set -filter {jtag_cable_name =~ "Platform Cable USB II 000014d2137c01" && level==0} -index 1' command is executed.
14:07:37 INFO  : FPGA configured successfully with bitstream "/opt/Xilinx/Vivado/CERN_projects/HelloWorld/ZturnPS.sdk/PSDesign_wrapper_hw_platform_5/PSDesign_wrapper.bit"
14:07:51 INFO  : Processor reset is completed for ps7_cortexa9_0
14:09:51 INFO  : Processor reset is completed for ps7_cortexa9_0
14:11:02 INFO  : Processor reset is completed for ps7_cortexa9_0
14:11:53 INFO  : ps7_cortexa9_0 Processor is in use. Please stop existing Run or Debug sessions before launching.
14:11:57 INFO  : Processor reset is completed for ps7_cortexa9_0
14:12:25 ERROR : Unexpected error while parsing XMD response ￿: com.google.gson.JsonSyntaxException: com.google.gson.stream.MalformedJsonException: invalid number or unquoted string near 
14:13:21 INFO  : Registering command handlers for SDK TCF services
14:13:22 INFO  : Launching XSCT server: xsct -n -interactive /opt/Xilinx/Vivado/CERN_projects/HelloWorld/ZturnPS.sdk/temp_xsdb_launch_script.tcl
14:13:25 INFO  : XSCT server has started successfully.
14:13:26 INFO  : Successfully done setting XSCT server connection channel  
14:13:26 INFO  : Successfully done setting SDK workspace  
14:13:26 INFO  : Processing command line option -hwspec /opt/Xilinx/Vivado/CERN_projects/HelloWorld/ZturnPS.sdk/PSDesign_wrapper.hdf.
14:13:27 INFO  : Checking for hwspec changes in the project PSDesign_wrapper_hw_platform_5.
14:13:57 ERROR : Checking FPGA configuration failed..Connection to Board Failed


    Unknown Error Occured
    Cable is not connected to the host

14:13:57 ERROR : Unexpected error while launching program.
com.xilinx.sdk.targetmanager.TMException: Connection to Board Failed


    Unknown Error Occured
    Cable is not connected to the host

	at com.xilinx.sdk.targetmanager.internal.TM.isFPGAConfigured(TM.java:374)
	at com.xilinx.sdk.debug.core.XilinxAppLaunchConfigurationDelegate.isFpgaConfigured(XilinxAppLaunchConfigurationDelegate.java:409)
	at com.xilinx.sdk.debug.core.XilinxAppLaunchConfigurationDelegate.launch(XilinxAppLaunchConfigurationDelegate.java:303)
	at com.xilinx.sdk.debug.ui.XilinxAppLaunchDelegateWrapper.launch(XilinxAppLaunchDelegateWrapper.java:31)
	at org.eclipse.debug.internal.core.LaunchConfiguration.launch(LaunchConfiguration.java:885)
	at org.eclipse.debug.internal.core.LaunchConfiguration.launch(LaunchConfiguration.java:739)
	at org.eclipse.debug.internal.ui.DebugUIPlugin.buildAndLaunch(DebugUIPlugin.java:1039)
	at org.eclipse.debug.internal.ui.DebugUIPlugin$8.run(DebugUIPlugin.java:1256)
	at org.eclipse.core.internal.jobs.Worker.run(Worker.java:55)
14:14:19 ERROR : Checking FPGA configuration failed..Connection to Board Failed


    Unknown Error Occured
    Cable is not powered-on

14:14:19 ERROR : Unexpected error while launching program.
com.xilinx.sdk.targetmanager.TMException: Connection to Board Failed


    Unknown Error Occured
    Cable is not powered-on

	at com.xilinx.sdk.targetmanager.internal.TM.isFPGAConfigured(TM.java:374)
	at com.xilinx.sdk.debug.core.XilinxAppLaunchConfigurationDelegate.isFpgaConfigured(XilinxAppLaunchConfigurationDelegate.java:409)
	at com.xilinx.sdk.debug.core.XilinxAppLaunchConfigurationDelegate.launch(XilinxAppLaunchConfigurationDelegate.java:303)
	at com.xilinx.sdk.debug.ui.XilinxAppLaunchDelegateWrapper.launch(XilinxAppLaunchDelegateWrapper.java:31)
	at org.eclipse.debug.internal.core.LaunchConfiguration.launch(LaunchConfiguration.java:885)
	at org.eclipse.debug.internal.core.LaunchConfiguration.launch(LaunchConfiguration.java:739)
	at org.eclipse.debug.internal.ui.DebugUIPlugin.buildAndLaunch(DebugUIPlugin.java:1039)
	at org.eclipse.debug.internal.ui.DebugUIPlugin$8.run(DebugUIPlugin.java:1256)
	at org.eclipse.core.internal.jobs.Worker.run(Worker.java:55)
14:14:30 ERROR : Checking FPGA configuration failed..Connection to Board Failed


    Unknown Error Occured
    Cable is not connected to the host

14:14:30 ERROR : Unexpected error while launching program.
com.xilinx.sdk.targetmanager.TMException: Connection to Board Failed


    Unknown Error Occured
    Cable is not connected to the host

	at com.xilinx.sdk.targetmanager.internal.TM.isFPGAConfigured(TM.java:374)
	at com.xilinx.sdk.debug.core.XilinxAppLaunchConfigurationDelegate.isFpgaConfigured(XilinxAppLaunchConfigurationDelegate.java:409)
	at com.xilinx.sdk.debug.core.XilinxAppLaunchConfigurationDelegate.launch(XilinxAppLaunchConfigurationDelegate.java:303)
	at com.xilinx.sdk.debug.ui.XilinxAppLaunchDelegateWrapper.launch(XilinxAppLaunchDelegateWrapper.java:31)
	at org.eclipse.debug.internal.core.LaunchConfiguration.launch(LaunchConfiguration.java:885)
	at org.eclipse.debug.internal.core.LaunchConfiguration.launch(LaunchConfiguration.java:739)
	at org.eclipse.debug.internal.ui.DebugUIPlugin.buildAndLaunch(DebugUIPlugin.java:1039)
	at org.eclipse.debug.internal.ui.DebugUIPlugin$8.run(DebugUIPlugin.java:1256)
	at org.eclipse.core.internal.jobs.Worker.run(Worker.java:55)
14:14:51 ERROR : Checking FPGA configuration failed..Connection to Board Failed


    Unknown Error Occured
    Cable is not powered-on

14:14:51 ERROR : Unexpected error while launching program.
com.xilinx.sdk.targetmanager.TMException: Connection to Board Failed


    Unknown Error Occured
    Cable is not powered-on

	at com.xilinx.sdk.targetmanager.internal.TM.isFPGAConfigured(TM.java:374)
	at com.xilinx.sdk.debug.core.XilinxAppLaunchConfigurationDelegate.isFpgaConfigured(XilinxAppLaunchConfigurationDelegate.java:409)
	at com.xilinx.sdk.debug.core.XilinxAppLaunchConfigurationDelegate.launch(XilinxAppLaunchConfigurationDelegate.java:303)
	at com.xilinx.sdk.debug.ui.XilinxAppLaunchDelegateWrapper.launch(XilinxAppLaunchDelegateWrapper.java:31)
	at org.eclipse.debug.internal.core.LaunchConfiguration.launch(LaunchConfiguration.java:885)
	at org.eclipse.debug.internal.core.LaunchConfiguration.launch(LaunchConfiguration.java:739)
	at org.eclipse.debug.internal.ui.DebugUIPlugin.buildAndLaunch(DebugUIPlugin.java:1039)
	at org.eclipse.debug.internal.ui.DebugUIPlugin$8.run(DebugUIPlugin.java:1256)
	at org.eclipse.core.internal.jobs.Worker.run(Worker.java:55)
14:15:07 INFO  : Connected to target on host '127.0.0.1' and port '3121'.
14:15:08 INFO  : 'targets -set -filter {jtag_cable_name =~ "Platform Cable USB II 000014d2137c01" && level==0} -index 1' command is executed.
14:15:16 INFO  : FPGA configured successfully with bitstream "/opt/Xilinx/Vivado/CERN_projects/HelloWorld/ZturnPS.sdk/PSDesign_wrapper_hw_platform_5/PSDesign_wrapper.bit"
14:15:22 INFO  : Processor reset is completed for ps7_cortexa9_0
14:15:57 INFO  : Processor reset is completed for ps7_cortexa9_0
14:16:49 ERROR : Unexpected error while parsing XMD response ￿: com.google.gson.JsonSyntaxException: com.google.gson.stream.MalformedJsonException: invalid number or unquoted string near 
14:16:49 ERROR : (XSDB Server)Terminated

14:28:07 INFO  : Registering command handlers for SDK TCF services
14:28:08 INFO  : Launching XSCT server: xsct -n -interactive /opt/Xilinx/Vivado/CERN_projects/HelloWorld/ZturnPS.sdk/temp_xsdb_launch_script.tcl
14:28:12 INFO  : XSCT server has started successfully.
14:28:14 INFO  : Successfully done setting XSCT server connection channel  
14:28:14 INFO  : Successfully done setting SDK workspace  
14:28:14 INFO  : Processing command line option -hwspec /opt/Xilinx/Vivado/CERN_projects/HelloWorld/ZturnPS.sdk/PSDesign_wrapper.hdf.
14:28:14 INFO  : Checking for hwspec changes in the project PSDesign_wrapper_hw_platform_5.
14:29:05 INFO  : Connected to target on host '127.0.0.1' and port '3121'.
14:32:32 ERROR : Checking FPGA configuration failed..Connection to Board Failed


    Unknown Error Occured
    Cable is not powered-on

14:32:32 ERROR : Unexpected error while launching program.
com.xilinx.sdk.targetmanager.TMException: Connection to Board Failed


    Unknown Error Occured
    Cable is not powered-on

	at com.xilinx.sdk.targetmanager.internal.TM.isFPGAConfigured(TM.java:374)
	at com.xilinx.sdk.debug.core.XilinxAppLaunchConfigurationDelegate.isFpgaConfigured(XilinxAppLaunchConfigurationDelegate.java:409)
	at com.xilinx.sdk.debug.core.XilinxAppLaunchConfigurationDelegate.launch(XilinxAppLaunchConfigurationDelegate.java:303)
	at com.xilinx.sdk.debug.ui.XilinxAppLaunchDelegateWrapper.launch(XilinxAppLaunchDelegateWrapper.java:31)
	at org.eclipse.debug.internal.core.LaunchConfiguration.launch(LaunchConfiguration.java:885)
	at org.eclipse.debug.internal.core.LaunchConfiguration.launch(LaunchConfiguration.java:739)
	at org.eclipse.debug.internal.ui.DebugUIPlugin.buildAndLaunch(DebugUIPlugin.java:1039)
	at org.eclipse.debug.internal.ui.DebugUIPlugin$8.run(DebugUIPlugin.java:1256)
	at org.eclipse.core.internal.jobs.Worker.run(Worker.java:55)
14:32:59 ERROR : Checking FPGA configuration failed..Connection to Board Failed


    Unknown Error Occured
    Cable is not powered-on

14:32:59 ERROR : Unexpected error while launching program.
com.xilinx.sdk.targetmanager.TMException: Connection to Board Failed


    Unknown Error Occured
    Cable is not powered-on

	at com.xilinx.sdk.targetmanager.internal.TM.isFPGAConfigured(TM.java:374)
	at com.xilinx.sdk.debug.core.XilinxAppLaunchConfigurationDelegate.isFpgaConfigured(XilinxAppLaunchConfigurationDelegate.java:409)
	at com.xilinx.sdk.debug.core.XilinxAppLaunchConfigurationDelegate.launch(XilinxAppLaunchConfigurationDelegate.java:303)
	at com.xilinx.sdk.debug.ui.XilinxAppLaunchDelegateWrapper.launch(XilinxAppLaunchDelegateWrapper.java:31)
	at org.eclipse.debug.internal.core.LaunchConfiguration.launch(LaunchConfiguration.java:885)
	at org.eclipse.debug.internal.core.LaunchConfiguration.launch(LaunchConfiguration.java:739)
	at org.eclipse.debug.internal.ui.DebugUIPlugin.buildAndLaunch(DebugUIPlugin.java:1039)
	at org.eclipse.debug.internal.ui.DebugUIPlugin$8.run(DebugUIPlugin.java:1256)
	at org.eclipse.core.internal.jobs.Worker.run(Worker.java:55)
14:33:41 ERROR : Checking FPGA configuration failed..Connection to Board Failed


    Unknown Error Occured
    Cable is not powered-on

14:33:41 ERROR : Unexpected error while launching program.
com.xilinx.sdk.targetmanager.TMException: Connection to Board Failed


    Unknown Error Occured
    Cable is not powered-on

	at com.xilinx.sdk.targetmanager.internal.TM.isFPGAConfigured(TM.java:374)
	at com.xilinx.sdk.debug.core.XilinxAppLaunchConfigurationDelegate.isFpgaConfigured(XilinxAppLaunchConfigurationDelegate.java:409)
	at com.xilinx.sdk.debug.core.XilinxAppLaunchConfigurationDelegate.launch(XilinxAppLaunchConfigurationDelegate.java:303)
	at com.xilinx.sdk.debug.ui.XilinxAppLaunchDelegateWrapper.launch(XilinxAppLaunchDelegateWrapper.java:31)
	at org.eclipse.debug.internal.core.LaunchConfiguration.launch(LaunchConfiguration.java:885)
	at org.eclipse.debug.internal.core.LaunchConfiguration.launch(LaunchConfiguration.java:739)
	at org.eclipse.debug.internal.ui.DebugUIPlugin.buildAndLaunch(DebugUIPlugin.java:1039)
	at org.eclipse.debug.internal.ui.DebugUIPlugin$8.run(DebugUIPlugin.java:1256)
	at org.eclipse.core.internal.jobs.Worker.run(Worker.java:55)
14:34:37 ERROR : Checking FPGA configuration failed..Connection to Board Failed


    Unknown Error Occured
    Cable is not powered-on

14:34:37 ERROR : Unexpected error while launching program.
com.xilinx.sdk.targetmanager.TMException: Connection to Board Failed


    Unknown Error Occured
    Cable is not powered-on

	at com.xilinx.sdk.targetmanager.internal.TM.isFPGAConfigured(TM.java:374)
	at com.xilinx.sdk.debug.core.XilinxAppLaunchConfigurationDelegate.isFpgaConfigured(XilinxAppLaunchConfigurationDelegate.java:409)
	at com.xilinx.sdk.debug.core.XilinxAppLaunchConfigurationDelegate.launch(XilinxAppLaunchConfigurationDelegate.java:303)
	at com.xilinx.sdk.debug.ui.XilinxAppLaunchDelegateWrapper.launch(XilinxAppLaunchDelegateWrapper.java:31)
	at org.eclipse.debug.internal.core.LaunchConfiguration.launch(LaunchConfiguration.java:885)
	at org.eclipse.debug.internal.core.LaunchConfiguration.launch(LaunchConfiguration.java:739)
	at org.eclipse.debug.internal.ui.DebugUIPlugin.buildAndLaunch(DebugUIPlugin.java:1039)
	at org.eclipse.debug.internal.ui.DebugUIPlugin$8.run(DebugUIPlugin.java:1256)
	at org.eclipse.core.internal.jobs.Worker.run(Worker.java:55)
14:34:53 INFO  : Connected to target on host '127.0.0.1' and port '3121'.
14:34:53 INFO  : 'targets -set -filter {jtag_cable_name =~ "Platform Cable USB II 000014d2137c01" && level==0} -index 1' command is executed.
14:35:00 INFO  : FPGA configured successfully with bitstream "/opt/Xilinx/Vivado/CERN_projects/HelloWorld/ZturnPS.sdk/PSDesign_wrapper_hw_platform_5/PSDesign_wrapper.bit"
14:35:13 ERROR : Checking FPGA configuration failed..Connection to Board Failed


    Unknown Error Occured
    Cable is not powered-on

14:35:13 ERROR : Unexpected error while launching program.
com.xilinx.sdk.targetmanager.TMException: Connection to Board Failed


    Unknown Error Occured
    Cable is not powered-on

	at com.xilinx.sdk.targetmanager.internal.TM.isFPGAConfigured(TM.java:374)
	at com.xilinx.sdk.debug.core.XilinxAppLaunchConfigurationDelegate.isFpgaConfigured(XilinxAppLaunchConfigurationDelegate.java:409)
	at com.xilinx.sdk.debug.core.XilinxAppLaunchConfigurationDelegate.launch(XilinxAppLaunchConfigurationDelegate.java:303)
	at com.xilinx.sdk.debug.ui.XilinxAppLaunchDelegateWrapper.launch(XilinxAppLaunchDelegateWrapper.java:31)
	at org.eclipse.debug.internal.core.LaunchConfiguration.launch(LaunchConfiguration.java:885)
	at org.eclipse.debug.internal.core.LaunchConfiguration.launch(LaunchConfiguration.java:739)
	at org.eclipse.debug.internal.ui.DebugUIPlugin.buildAndLaunch(DebugUIPlugin.java:1039)
	at org.eclipse.debug.internal.ui.DebugUIPlugin$8.run(DebugUIPlugin.java:1256)
	at org.eclipse.core.internal.jobs.Worker.run(Worker.java:55)
14:36:01 ERROR : Checking FPGA configuration failed..Connection to Board Failed


    Unknown Error Occured
    Cable is not powered-on

14:36:01 ERROR : Unexpected error while launching program.
com.xilinx.sdk.targetmanager.TMException: Connection to Board Failed


    Unknown Error Occured
    Cable is not powered-on

	at com.xilinx.sdk.targetmanager.internal.TM.isFPGAConfigured(TM.java:374)
	at com.xilinx.sdk.debug.core.XilinxAppLaunchConfigurationDelegate.isFpgaConfigured(XilinxAppLaunchConfigurationDelegate.java:409)
	at com.xilinx.sdk.debug.core.XilinxAppLaunchConfigurationDelegate.launch(XilinxAppLaunchConfigurationDelegate.java:303)
	at com.xilinx.sdk.debug.ui.XilinxAppLaunchDelegateWrapper.launch(XilinxAppLaunchDelegateWrapper.java:31)
	at org.eclipse.debug.internal.core.LaunchConfiguration.launch(LaunchConfiguration.java:885)
	at org.eclipse.debug.internal.core.LaunchConfiguration.launch(LaunchConfiguration.java:739)
	at org.eclipse.debug.internal.ui.DebugUIPlugin.buildAndLaunch(DebugUIPlugin.java:1039)
	at org.eclipse.debug.internal.ui.DebugUIPlugin$8.run(DebugUIPlugin.java:1256)
	at org.eclipse.core.internal.jobs.Worker.run(Worker.java:55)
14:36:25 ERROR : Checking FPGA configuration failed..Connection to Board Failed


    Unknown Error Occured
    Cable is not powered-on

14:36:25 ERROR : Unexpected error while launching program.
com.xilinx.sdk.targetmanager.TMException: Connection to Board Failed


    Unknown Error Occured
    Cable is not powered-on

	at com.xilinx.sdk.targetmanager.internal.TM.isFPGAConfigured(TM.java:374)
	at com.xilinx.sdk.debug.core.XilinxAppLaunchConfigurationDelegate.isFpgaConfigured(XilinxAppLaunchConfigurationDelegate.java:409)
	at com.xilinx.sdk.debug.core.XilinxAppLaunchConfigurationDelegate.launch(XilinxAppLaunchConfigurationDelegate.java:303)
	at com.xilinx.sdk.debug.ui.XilinxAppLaunchDelegateWrapper.launch(XilinxAppLaunchDelegateWrapper.java:31)
	at org.eclipse.debug.internal.core.LaunchConfiguration.launch(LaunchConfiguration.java:885)
	at org.eclipse.debug.internal.core.LaunchConfiguration.launch(LaunchConfiguration.java:739)
	at org.eclipse.debug.internal.ui.DebugUIPlugin.buildAndLaunch(DebugUIPlugin.java:1039)
	at org.eclipse.debug.internal.ui.DebugUIPlugin$8.run(DebugUIPlugin.java:1256)
	at org.eclipse.core.internal.jobs.Worker.run(Worker.java:55)
14:37:10 ERROR : Checking FPGA configuration failed..Connection to Board Failed


    Unknown Error Occured
    Cable is not powered-on

14:37:10 ERROR : Unexpected error while launching program.
com.xilinx.sdk.targetmanager.TMException: Connection to Board Failed


    Unknown Error Occured
    Cable is not powered-on

	at com.xilinx.sdk.targetmanager.internal.TM.isFPGAConfigured(TM.java:374)
	at com.xilinx.sdk.debug.core.XilinxAppLaunchConfigurationDelegate.isFpgaConfigured(XilinxAppLaunchConfigurationDelegate.java:409)
	at com.xilinx.sdk.debug.core.XilinxAppLaunchConfigurationDelegate.launch(XilinxAppLaunchConfigurationDelegate.java:303)
	at com.xilinx.sdk.debug.ui.XilinxAppLaunchDelegateWrapper.launch(XilinxAppLaunchDelegateWrapper.java:31)
	at org.eclipse.debug.internal.core.LaunchConfiguration.launch(LaunchConfiguration.java:885)
	at org.eclipse.debug.internal.core.LaunchConfiguration.launch(LaunchConfiguration.java:739)
	at org.eclipse.debug.internal.ui.DebugUIPlugin.buildAndLaunch(DebugUIPlugin.java:1039)
	at org.eclipse.debug.internal.ui.DebugUIPlugin$8.run(DebugUIPlugin.java:1256)
	at org.eclipse.core.internal.jobs.Worker.run(Worker.java:55)
14:38:00 ERROR : Checking FPGA configuration failed..Connection to Board Failed


    Unknown Error Occured
    Cable is not powered-on

14:38:00 ERROR : Unexpected error while launching program.
com.xilinx.sdk.targetmanager.TMException: Connection to Board Failed


    Unknown Error Occured
    Cable is not powered-on

	at com.xilinx.sdk.targetmanager.internal.TM.isFPGAConfigured(TM.java:374)
	at com.xilinx.sdk.debug.core.XilinxAppLaunchConfigurationDelegate.isFpgaConfigured(XilinxAppLaunchConfigurationDelegate.java:409)
	at com.xilinx.sdk.debug.core.XilinxAppLaunchConfigurationDelegate.launch(XilinxAppLaunchConfigurationDelegate.java:303)
	at com.xilinx.sdk.debug.ui.XilinxAppLaunchDelegateWrapper.launch(XilinxAppLaunchDelegateWrapper.java:31)
	at org.eclipse.debug.internal.core.LaunchConfiguration.launch(LaunchConfiguration.java:885)
	at org.eclipse.debug.internal.core.LaunchConfiguration.launch(LaunchConfiguration.java:739)
	at org.eclipse.debug.internal.ui.DebugUIPlugin.buildAndLaunch(DebugUIPlugin.java:1039)
	at org.eclipse.debug.internal.ui.DebugUIPlugin$8.run(DebugUIPlugin.java:1256)
	at org.eclipse.core.internal.jobs.Worker.run(Worker.java:55)
14:38:28 ERROR : Checking FPGA configuration failed..Connection to Board Failed


    Unknown Error Occured
    Cable is not powered-on

14:38:28 ERROR : Unexpected error while launching program.
com.xilinx.sdk.targetmanager.TMException: Connection to Board Failed


    Unknown Error Occured
    Cable is not powered-on

	at com.xilinx.sdk.targetmanager.internal.TM.isFPGAConfigured(TM.java:374)
	at com.xilinx.sdk.debug.core.XilinxAppLaunchConfigurationDelegate.isFpgaConfigured(XilinxAppLaunchConfigurationDelegate.java:409)
	at com.xilinx.sdk.debug.core.XilinxAppLaunchConfigurationDelegate.launch(XilinxAppLaunchConfigurationDelegate.java:303)
	at com.xilinx.sdk.debug.ui.XilinxAppLaunchDelegateWrapper.launch(XilinxAppLaunchDelegateWrapper.java:31)
	at org.eclipse.debug.internal.core.LaunchConfiguration.launch(LaunchConfiguration.java:885)
	at org.eclipse.debug.internal.core.LaunchConfiguration.launch(LaunchConfiguration.java:739)
	at org.eclipse.debug.internal.ui.DebugUIPlugin.buildAndLaunch(DebugUIPlugin.java:1039)
	at org.eclipse.debug.internal.ui.DebugUIPlugin$8.run(DebugUIPlugin.java:1256)
	at org.eclipse.core.internal.jobs.Worker.run(Worker.java:55)
14:38:45 ERROR : Checking FPGA configuration failed..Connection to Board Failed


    Unknown Error Occured
    Cable is not powered-on

14:38:45 ERROR : Unexpected error while launching program.
com.xilinx.sdk.targetmanager.TMException: Connection to Board Failed


    Unknown Error Occured
    Cable is not powered-on

	at com.xilinx.sdk.targetmanager.internal.TM.isFPGAConfigured(TM.java:374)
	at com.xilinx.sdk.debug.core.XilinxAppLaunchConfigurationDelegate.isFpgaConfigured(XilinxAppLaunchConfigurationDelegate.java:409)
	at com.xilinx.sdk.debug.core.XilinxAppLaunchConfigurationDelegate.launch(XilinxAppLaunchConfigurationDelegate.java:303)
	at com.xilinx.sdk.debug.ui.XilinxAppLaunchDelegateWrapper.launch(XilinxAppLaunchDelegateWrapper.java:31)
	at org.eclipse.debug.internal.core.LaunchConfiguration.launch(LaunchConfiguration.java:885)
	at org.eclipse.debug.internal.core.LaunchConfiguration.launch(LaunchConfiguration.java:739)
	at org.eclipse.debug.internal.ui.DebugUIPlugin.buildAndLaunch(DebugUIPlugin.java:1039)
	at org.eclipse.debug.internal.ui.DebugUIPlugin$8.run(DebugUIPlugin.java:1256)
	at org.eclipse.core.internal.jobs.Worker.run(Worker.java:55)
14:39:52 ERROR : Checking FPGA configuration failed..Connection to Board Failed


    Unknown Error Occured
    Cable is not powered-on

14:39:52 ERROR : Unexpected error while launching program.
com.xilinx.sdk.targetmanager.TMException: Connection to Board Failed


    Unknown Error Occured
    Cable is not powered-on

	at com.xilinx.sdk.targetmanager.internal.TM.isFPGAConfigured(TM.java:374)
	at com.xilinx.sdk.debug.core.XilinxAppLaunchConfigurationDelegate.isFpgaConfigured(XilinxAppLaunchConfigurationDelegate.java:409)
	at com.xilinx.sdk.debug.core.XilinxAppLaunchConfigurationDelegate.launch(XilinxAppLaunchConfigurationDelegate.java:303)
	at com.xilinx.sdk.debug.ui.XilinxAppLaunchDelegateWrapper.launch(XilinxAppLaunchDelegateWrapper.java:31)
	at org.eclipse.debug.internal.core.LaunchConfiguration.launch(LaunchConfiguration.java:885)
	at org.eclipse.debug.internal.core.LaunchConfiguration.launch(LaunchConfiguration.java:739)
	at org.eclipse.debug.internal.ui.DebugUIPlugin.buildAndLaunch(DebugUIPlugin.java:1039)
	at org.eclipse.debug.internal.ui.DebugUIPlugin$8.run(DebugUIPlugin.java:1256)
	at org.eclipse.core.internal.jobs.Worker.run(Worker.java:55)
14:42:20 ERROR : Checking FPGA configuration failed..Connection to Board Failed


    Unknown Error Occured
    Cable is not powered-on

14:42:20 ERROR : Unexpected error while launching program.
com.xilinx.sdk.targetmanager.TMException: Connection to Board Failed


    Unknown Error Occured
    Cable is not powered-on

	at com.xilinx.sdk.targetmanager.internal.TM.isFPGAConfigured(TM.java:374)
	at com.xilinx.sdk.debug.core.XilinxAppLaunchConfigurationDelegate.isFpgaConfigured(XilinxAppLaunchConfigurationDelegate.java:409)
	at com.xilinx.sdk.debug.core.XilinxAppLaunchConfigurationDelegate.launch(XilinxAppLaunchConfigurationDelegate.java:303)
	at com.xilinx.sdk.debug.ui.XilinxAppLaunchDelegateWrapper.launch(XilinxAppLaunchDelegateWrapper.java:31)
	at org.eclipse.debug.internal.core.LaunchConfiguration.launch(LaunchConfiguration.java:885)
	at org.eclipse.debug.internal.core.LaunchConfiguration.launch(LaunchConfiguration.java:739)
	at org.eclipse.debug.internal.ui.DebugUIPlugin.buildAndLaunch(DebugUIPlugin.java:1039)
	at org.eclipse.debug.internal.ui.DebugUIPlugin$8.run(DebugUIPlugin.java:1256)
	at org.eclipse.core.internal.jobs.Worker.run(Worker.java:55)
14:42:44 ERROR : Checking FPGA configuration failed..Connection to Board Failed


    Unknown Error Occured
    Cable is not powered-on

14:42:44 ERROR : Unexpected error while launching program.
com.xilinx.sdk.targetmanager.TMException: Connection to Board Failed


    Unknown Error Occured
    Cable is not powered-on

	at com.xilinx.sdk.targetmanager.internal.TM.isFPGAConfigured(TM.java:374)
	at com.xilinx.sdk.debug.core.XilinxAppLaunchConfigurationDelegate.isFpgaConfigured(XilinxAppLaunchConfigurationDelegate.java:409)
	at com.xilinx.sdk.debug.core.XilinxAppLaunchConfigurationDelegate.launch(XilinxAppLaunchConfigurationDelegate.java:303)
	at com.xilinx.sdk.debug.ui.XilinxAppLaunchDelegateWrapper.launch(XilinxAppLaunchDelegateWrapper.java:31)
	at org.eclipse.debug.internal.core.LaunchConfiguration.launch(LaunchConfiguration.java:885)
	at org.eclipse.debug.internal.core.LaunchConfiguration.launch(LaunchConfiguration.java:739)
	at org.eclipse.debug.internal.ui.DebugUIPlugin.buildAndLaunch(DebugUIPlugin.java:1039)
	at org.eclipse.debug.internal.ui.DebugUIPlugin$8.run(DebugUIPlugin.java:1256)
	at org.eclipse.core.internal.jobs.Worker.run(Worker.java:55)
14:42:55 ERROR : Checking FPGA configuration failed..Connection to Board Failed


    Unknown Error Occured
    Cable is not powered-on

14:42:55 ERROR : Unexpected error while launching program.
com.xilinx.sdk.targetmanager.TMException: Connection to Board Failed


    Unknown Error Occured
    Cable is not powered-on

	at com.xilinx.sdk.targetmanager.internal.TM.isFPGAConfigured(TM.java:374)
	at com.xilinx.sdk.debug.core.XilinxAppLaunchConfigurationDelegate.isFpgaConfigured(XilinxAppLaunchConfigurationDelegate.java:409)
	at com.xilinx.sdk.debug.core.XilinxAppLaunchConfigurationDelegate.launch(XilinxAppLaunchConfigurationDelegate.java:303)
	at com.xilinx.sdk.debug.ui.XilinxAppLaunchDelegateWrapper.launch(XilinxAppLaunchDelegateWrapper.java:31)
	at org.eclipse.debug.internal.core.LaunchConfiguration.launch(LaunchConfiguration.java:885)
	at org.eclipse.debug.internal.core.LaunchConfiguration.launch(LaunchConfiguration.java:739)
	at org.eclipse.debug.internal.ui.DebugUIPlugin.buildAndLaunch(DebugUIPlugin.java:1039)
	at org.eclipse.debug.internal.ui.DebugUIPlugin$8.run(DebugUIPlugin.java:1256)
	at org.eclipse.core.internal.jobs.Worker.run(Worker.java:55)
14:59:00 ERROR : Checking FPGA configuration failed..Connection to Board Failed


    Unknown Error Occured
    Cable is not powered-on

14:59:00 ERROR : Unexpected error while launching program.
com.xilinx.sdk.targetmanager.TMException: Connection to Board Failed


    Unknown Error Occured
    Cable is not powered-on

	at com.xilinx.sdk.targetmanager.internal.TM.isFPGAConfigured(TM.java:374)
	at com.xilinx.sdk.debug.core.XilinxAppLaunchConfigurationDelegate.isFpgaConfigured(XilinxAppLaunchConfigurationDelegate.java:409)
	at com.xilinx.sdk.debug.core.XilinxAppLaunchConfigurationDelegate.launch(XilinxAppLaunchConfigurationDelegate.java:303)
	at com.xilinx.sdk.debug.ui.XilinxAppLaunchDelegateWrapper.launch(XilinxAppLaunchDelegateWrapper.java:31)
	at org.eclipse.debug.internal.core.LaunchConfiguration.launch(LaunchConfiguration.java:885)
	at org.eclipse.debug.internal.core.LaunchConfiguration.launch(LaunchConfiguration.java:739)
	at org.eclipse.debug.internal.ui.DebugUIPlugin.buildAndLaunch(DebugUIPlugin.java:1039)
	at org.eclipse.debug.internal.ui.DebugUIPlugin$8.run(DebugUIPlugin.java:1256)
	at org.eclipse.core.internal.jobs.Worker.run(Worker.java:55)
15:00:00 ERROR : Checking FPGA configuration failed..Connection to Board Failed


    Unknown Error Occured
    Cable is not powered-on

15:00:00 ERROR : Unexpected error while launching program.
com.xilinx.sdk.targetmanager.TMException: Connection to Board Failed


    Unknown Error Occured
    Cable is not powered-on

	at com.xilinx.sdk.targetmanager.internal.TM.isFPGAConfigured(TM.java:374)
	at com.xilinx.sdk.debug.core.XilinxAppLaunchConfigurationDelegate.isFpgaConfigured(XilinxAppLaunchConfigurationDelegate.java:409)
	at com.xilinx.sdk.debug.core.XilinxAppLaunchConfigurationDelegate.launch(XilinxAppLaunchConfigurationDelegate.java:303)
	at com.xilinx.sdk.debug.ui.XilinxAppLaunchDelegateWrapper.launch(XilinxAppLaunchDelegateWrapper.java:31)
	at org.eclipse.debug.internal.core.LaunchConfiguration.launch(LaunchConfiguration.java:885)
	at org.eclipse.debug.internal.core.LaunchConfiguration.launch(LaunchConfiguration.java:739)
	at org.eclipse.debug.internal.ui.DebugUIPlugin.buildAndLaunch(DebugUIPlugin.java:1039)
	at org.eclipse.debug.internal.ui.DebugUIPlugin$8.run(DebugUIPlugin.java:1256)
	at org.eclipse.core.internal.jobs.Worker.run(Worker.java:55)
15:01:46 ERROR : Checking FPGA configuration failed..Connection to Board Failed


    Unknown Error Occured
    Cable is not powered-on

15:01:46 ERROR : Unexpected error while launching program.
com.xilinx.sdk.targetmanager.TMException: Connection to Board Failed


    Unknown Error Occured
    Cable is not powered-on

	at com.xilinx.sdk.targetmanager.internal.TM.isFPGAConfigured(TM.java:374)
	at com.xilinx.sdk.debug.core.XilinxAppLaunchConfigurationDelegate.isFpgaConfigured(XilinxAppLaunchConfigurationDelegate.java:409)
	at com.xilinx.sdk.debug.core.XilinxAppLaunchConfigurationDelegate.launch(XilinxAppLaunchConfigurationDelegate.java:303)
	at com.xilinx.sdk.debug.ui.XilinxAppLaunchDelegateWrapper.launch(XilinxAppLaunchDelegateWrapper.java:31)
	at org.eclipse.debug.internal.core.LaunchConfiguration.launch(LaunchConfiguration.java:885)
	at org.eclipse.debug.internal.core.LaunchConfiguration.launch(LaunchConfiguration.java:739)
	at org.eclipse.debug.internal.ui.DebugUIPlugin.buildAndLaunch(DebugUIPlugin.java:1039)
	at org.eclipse.debug.internal.ui.DebugUIPlugin$8.run(DebugUIPlugin.java:1256)
	at org.eclipse.core.internal.jobs.Worker.run(Worker.java:55)
15:03:07 ERROR : Checking FPGA configuration failed..Connection to Board Failed


    Unknown Error Occured
    Cable is not powered-on

15:03:07 ERROR : Unexpected error while launching program.
com.xilinx.sdk.targetmanager.TMException: Connection to Board Failed


    Unknown Error Occured
    Cable is not powered-on

	at com.xilinx.sdk.targetmanager.internal.TM.isFPGAConfigured(TM.java:374)
	at com.xilinx.sdk.debug.core.XilinxAppLaunchConfigurationDelegate.isFpgaConfigured(XilinxAppLaunchConfigurationDelegate.java:409)
	at com.xilinx.sdk.debug.core.XilinxAppLaunchConfigurationDelegate.launch(XilinxAppLaunchConfigurationDelegate.java:303)
	at com.xilinx.sdk.debug.ui.XilinxAppLaunchDelegateWrapper.launch(XilinxAppLaunchDelegateWrapper.java:31)
	at org.eclipse.debug.internal.core.LaunchConfiguration.launch(LaunchConfiguration.java:885)
	at org.eclipse.debug.internal.core.LaunchConfiguration.launch(LaunchConfiguration.java:739)
	at org.eclipse.debug.internal.ui.DebugUIPlugin.buildAndLaunch(DebugUIPlugin.java:1039)
	at org.eclipse.debug.internal.ui.DebugUIPlugin$8.run(DebugUIPlugin.java:1256)
	at org.eclipse.core.internal.jobs.Worker.run(Worker.java:55)
15:03:50 ERROR : Checking FPGA configuration failed..Connection to Board Failed


    Unknown Error Occured
    Cable is not powered-on

15:03:50 ERROR : Unexpected error while launching program.
com.xilinx.sdk.targetmanager.TMException: Connection to Board Failed


    Unknown Error Occured
    Cable is not powered-on

	at com.xilinx.sdk.targetmanager.internal.TM.isFPGAConfigured(TM.java:374)
	at com.xilinx.sdk.debug.core.XilinxAppLaunchConfigurationDelegate.isFpgaConfigured(XilinxAppLaunchConfigurationDelegate.java:409)
	at com.xilinx.sdk.debug.core.XilinxAppLaunchConfigurationDelegate.launch(XilinxAppLaunchConfigurationDelegate.java:303)
	at com.xilinx.sdk.debug.ui.XilinxAppLaunchDelegateWrapper.launch(XilinxAppLaunchDelegateWrapper.java:31)
	at org.eclipse.debug.internal.core.LaunchConfiguration.launch(LaunchConfiguration.java:885)
	at org.eclipse.debug.internal.core.LaunchConfiguration.launch(LaunchConfiguration.java:739)
	at org.eclipse.debug.internal.ui.DebugUIPlugin.buildAndLaunch(DebugUIPlugin.java:1039)
	at org.eclipse.debug.internal.ui.DebugUIPlugin$8.run(DebugUIPlugin.java:1256)
	at org.eclipse.core.internal.jobs.Worker.run(Worker.java:55)
15:06:47 ERROR : Unexpected error while launching program.
com.xilinx.sdk.targetmanager.TMException: 
    Unknown Error Occured
    Cable is not powered-on

	at com.xilinx.sdk.targetmanager.internal.TM.connectToProcessor(TM.java:484)
	at com.xilinx.sdk.debug.core.XilinxAppLaunchConfigurationDelegate.runTargetSetup(XilinxAppLaunchConfigurationDelegate.java:464)
	at com.xilinx.sdk.debug.core.XilinxAppLaunchConfigurationDelegate.runApplication(XilinxAppLaunchConfigurationDelegate.java:616)
	at com.xilinx.sdk.debug.core.XilinxAppLaunchConfigurationDelegate.launch(XilinxAppLaunchConfigurationDelegate.java:309)
	at com.xilinx.sdk.debug.ui.XilinxAppLaunchDelegateWrapper.launch(XilinxAppLaunchDelegateWrapper.java:31)
	at org.eclipse.debug.internal.core.LaunchConfiguration.launch(LaunchConfiguration.java:885)
	at org.eclipse.debug.internal.core.LaunchConfiguration.launch(LaunchConfiguration.java:739)
	at org.eclipse.debug.internal.ui.DebugUIPlugin.buildAndLaunch(DebugUIPlugin.java:1039)
	at org.eclipse.debug.internal.ui.DebugUIPlugin$8.run(DebugUIPlugin.java:1256)
	at org.eclipse.core.internal.jobs.Worker.run(Worker.java:55)
15:09:07 ERROR : Unexpected error while launching program.
com.xilinx.sdk.targetmanager.TMException: 
    Unknown Error Occured
    Cable is not powered-on

	at com.xilinx.sdk.targetmanager.internal.TM.connectToProcessor(TM.java:484)
	at com.xilinx.sdk.debug.core.XilinxAppLaunchConfigurationDelegate.runTargetSetup(XilinxAppLaunchConfigurationDelegate.java:464)
	at com.xilinx.sdk.debug.core.XilinxAppLaunchConfigurationDelegate.runApplication(XilinxAppLaunchConfigurationDelegate.java:616)
	at com.xilinx.sdk.debug.core.XilinxAppLaunchConfigurationDelegate.launch(XilinxAppLaunchConfigurationDelegate.java:309)
	at com.xilinx.sdk.debug.ui.XilinxAppLaunchDelegateWrapper.launch(XilinxAppLaunchDelegateWrapper.java:31)
	at org.eclipse.debug.internal.core.LaunchConfiguration.launch(LaunchConfiguration.java:885)
	at org.eclipse.debug.internal.core.LaunchConfiguration.launch(LaunchConfiguration.java:739)
	at org.eclipse.debug.internal.ui.DebugUIPlugin.buildAndLaunch(DebugUIPlugin.java:1039)
	at org.eclipse.debug.internal.ui.DebugUIPlugin$8.run(DebugUIPlugin.java:1256)
	at org.eclipse.core.internal.jobs.Worker.run(Worker.java:55)
15:09:28 ERROR : (XSDB Server)Terminated

15:09:28 ERROR : Unexpected error while parsing XMD response ￿: com.google.gson.JsonSyntaxException: com.google.gson.stream.MalformedJsonException: invalid number or unquoted string near 
15:26:41 INFO  : Launching XSCT server: xsct -n -interactive /opt/Xilinx/Vivado/CERN_projects/HelloWorld/ZturnPS.sdk/temp_xsdb_launch_script.tcl
15:26:42 INFO  : XSCT server has started successfully.
15:26:42 INFO  : Successfully done setting XSCT server connection channel  
15:26:44 INFO  : Successfully done setting SDK workspace  
15:26:47 INFO  : Registering command handlers for SDK TCF services
15:26:50 INFO  : Processing command line option -hwspec /opt/Xilinx/Vivado/CERN_projects/HelloWorld/ZturnPS.sdk/PSDesign_wrapper.hdf.
15:26:51 INFO  : Checking for hwspec changes in the project PSDesign_wrapper_hw_platform_5.
15:28:05 ERROR : Unexpected error while launching program.
com.xilinx.sdk.targetmanager.TMException: 
    Unknown Error Occured
    Cable is not powered-on

	at com.xilinx.sdk.targetmanager.internal.TM.connectToProcessor(TM.java:484)
	at com.xilinx.sdk.debug.core.XilinxAppLaunchConfigurationDelegate.runTargetSetup(XilinxAppLaunchConfigurationDelegate.java:464)
	at com.xilinx.sdk.debug.core.XilinxAppLaunchConfigurationDelegate.runApplication(XilinxAppLaunchConfigurationDelegate.java:616)
	at com.xilinx.sdk.debug.core.XilinxAppLaunchConfigurationDelegate.launch(XilinxAppLaunchConfigurationDelegate.java:309)
	at com.xilinx.sdk.debug.ui.XilinxAppLaunchDelegateWrapper.launch(XilinxAppLaunchDelegateWrapper.java:31)
	at org.eclipse.debug.internal.core.LaunchConfiguration.launch(LaunchConfiguration.java:885)
	at org.eclipse.debug.internal.core.LaunchConfiguration.launch(LaunchConfiguration.java:739)
	at org.eclipse.debug.internal.ui.DebugUIPlugin.buildAndLaunch(DebugUIPlugin.java:1039)
	at org.eclipse.debug.internal.ui.DebugUIPlugin$8.run(DebugUIPlugin.java:1256)
	at org.eclipse.core.internal.jobs.Worker.run(Worker.java:55)
15:28:19 INFO  : System reset is completed.
15:28:27 INFO  : FPGA configured successfully with bitstream "/opt/Xilinx/Vivado/CERN_projects/HelloWorld/ZturnPS.sdk/PSDesign_wrapper_hw_platform_5/PSDesign_wrapper.bit"
15:28:30 INFO  : ps7_init is completed.
15:28:30 INFO  : ps7_post_config is completed.
15:29:31 INFO  : Processor reset is completed for ps7_cortexa9_0
15:30:30 INFO  : Processor reset is completed for ps7_cortexa9_0
15:30:56 INFO  : ps7_cortexa9_0 Processor is in use. Please stop existing Run or Debug sessions before launching.
15:31:01 INFO  : Processor reset is completed for ps7_cortexa9_0
15:31:43 INFO  : ps7_cortexa9_0 Processor is in use. Please stop existing Run or Debug sessions before launching.
15:31:49 INFO  : Processor reset is completed for ps7_cortexa9_0
15:32:04 INFO  : Processor reset is completed for ps7_cortexa9_0
19:50:49 ERROR : Unexpected error while parsing XMD response ￿: com.google.gson.JsonSyntaxException: com.google.gson.stream.MalformedJsonException: invalid number or unquoted string near 
