INFO: [VRFC 10-2263] Analyzing Verilog file "/opt/Xilinx/Vivado/CERN_projects/LED_Buzzer_Control/LED_Buzzer_Control.srcs/sources_1/bd/LED_Buzzer_Control/ip/LED_Buzzer_Control_processing_system7_0_0/sim/LED_Buzzer_Control_processing_system7_0_0.v" into library xil_defaultlib
INFO: [VRFC 10-311] analyzing module LED_Buzzer_Control_processing_system7_0_0
INFO: [VRFC 10-2458] undeclared symbol IRQ_F2P, assumed default net type wire [/opt/Xilinx/Vivado/CERN_projects/LED_Buzzer_Control/LED_Buzzer_Control.srcs/sources_1/bd/LED_Buzzer_Control/ip/LED_Buzzer_Control_processing_system7_0_0/sim/LED_Buzzer_Control_processing_system7_0_0.v:539]
INFO: [VRFC 10-2263] Analyzing Verilog file "/opt/Xilinx/Vivado/CERN_projects/LED_Buzzer_Control/LED_Buzzer_Control.srcs/sources_1/bd/LED_Buzzer_Control/ip/LED_Buzzer_Control_auto_pc_0/sim/LED_Buzzer_Control_auto_pc_0.v" into library xil_defaultlib
INFO: [VRFC 10-311] analyzing module LED_Buzzer_Control_auto_pc_0
INFO: [VRFC 10-2263] Analyzing Verilog file "/opt/Xilinx/Vivado/CERN_projects/LED_Buzzer_Control/LED_Buzzer_Control.sim/sim_1/behav/glbl.v" into library xil_defaultlib
INFO: [VRFC 10-311] analyzing module glbl
INFO: [VRFC 10-163] Analyzing VHDL file "/opt/Xilinx/Vivado/CERN_projects/LED_Buzzer_Control/LED_Buzzer_Control.srcs/sources_1/bd/LED_Buzzer_Control/ip/LED_Buzzer_Control_rst_ps7_0_100M_0/sim/LED_Buzzer_Control_rst_ps7_0_100M_0.vhd" into library xil_defaultlib
INFO: [VRFC 10-307] analyzing entity LED_Buzzer_Control_rst_ps7_0_100M_0
INFO: [VRFC 10-163] Analyzing VHDL file "/opt/Xilinx/Vivado/CERN_projects/LED_Buzzer_Control/LED_Buzzer_Control.srcs/sources_1/bd/LED_Buzzer_Control/ipshared/9137/hdl/PWM_v1_0_S00_AXI.vhd" into library xil_defaultlib
INFO: [VRFC 10-307] analyzing entity PWM_v1_0_S00_AXI
INFO: [VRFC 10-163] Analyzing VHDL file "/opt/Xilinx/Vivado/CERN_projects/LED_Buzzer_Control/LED_Buzzer_Control.srcs/sources_1/bd/LED_Buzzer_Control/ipshared/9137/hdl/PWM_v1_0.vhd" into library xil_defaultlib
INFO: [VRFC 10-307] analyzing entity PWM_v1_0
INFO: [VRFC 10-163] Analyzing VHDL file "/opt/Xilinx/Vivado/CERN_projects/LED_Buzzer_Control/LED_Buzzer_Control.srcs/sources_1/bd/LED_Buzzer_Control/ip/LED_Buzzer_Control_PWM_0_2/sim/LED_Buzzer_Control_PWM_0_2.vhd" into library xil_defaultlib
INFO: [VRFC 10-307] analyzing entity LED_Buzzer_Control_PWM_0_2
INFO: [VRFC 10-163] Analyzing VHDL file "/opt/Xilinx/Vivado/CERN_projects/LED_Buzzer_Control/LED_Buzzer_Control.srcs/sources_1/bd/LED_Buzzer_Control/hdl/LED_Buzzer_Control.vhd" into library xil_defaultlib
INFO: [VRFC 10-307] analyzing entity s00_couplers_imp_191N36R
INFO: [VRFC 10-307] analyzing entity LED_Buzzer_Control_ps7_0_axi_periph_0
INFO: [VRFC 10-307] analyzing entity LED_Buzzer_Control
INFO: [VRFC 10-163] Analyzing VHDL file "/opt/Xilinx/Vivado/CERN_projects/LED_Buzzer_Control/LED_Buzzer_Control.srcs/sources_1/bd/LED_Buzzer_Control/hdl/LED_Buzzer_Control_wrapper.vhd" into library xil_defaultlib
INFO: [VRFC 10-307] analyzing entity LED_Buzzer_Control_wrapper
