Copyright 1986-2016 Xilinx, Inc. All Rights Reserved.
-------------------------------------------------------------------------------------------------------
| Tool Version : Vivado v.2016.3 (lin64) Build 1682563 Mon Oct 10 19:07:26 MDT 2016
| Date         : Tue Nov 29 15:46:58 2016
| Host         : sorina running 64-bit Ubuntu 16.04.1 LTS
| Command      : report_control_sets -verbose -file LED_Buzzer_Control_wrapper_control_sets_placed.rpt
| Design       : LED_Buzzer_Control_wrapper
| Device       : xc7z010
-------------------------------------------------------------------------------------------------------

Control Set Information

Table of Contents
-----------------
1. Summary
2. Flip-Flop Distribution
3. Detailed Control Set Information

1. Summary
----------

+----------------------------------------------------------+-------+
|                          Status                          | Count |
+----------------------------------------------------------+-------+
| Number of unique control sets                            |    46 |
| Unused register locations in slices containing registers |    86 |
+----------------------------------------------------------+-------+


2. Flip-Flop Distribution
-------------------------

+--------------+-----------------------+------------------------+-----------------+--------------+
| Clock Enable | Synchronous Set/Reset | Asynchronous Set/Reset | Total Registers | Total Slices |
+--------------+-----------------------+------------------------+-----------------+--------------+
| No           | No                    | No                     |             135 |           39 |
| No           | No                    | Yes                    |               0 |            0 |
| No           | Yes                   | No                     |              79 |           25 |
| Yes          | No                    | No                     |             270 |           67 |
| Yes          | No                    | Yes                    |               0 |            0 |
| Yes          | Yes                   | No                     |             182 |           41 |
+--------------+-----------------------+------------------------+-----------------+--------------+


3. Detailed Control Set Information
-----------------------------------

+-----------------------------------------------------------+-------------------------------------------------------------------------------------------------------------------------------------------------------------------------+----------------------------------------------------------------------------------------------------------------------------------------------------+------------------+----------------+
|                        Clock Signal                       |                                                                              Enable Signal                                                                              |                                                                  Set/Reset Signal                                                                  | Slice Load Count | Bel Load Count |
+-----------------------------------------------------------+-------------------------------------------------------------------------------------------------------------------------------------------------------------------------+----------------------------------------------------------------------------------------------------------------------------------------------------+------------------+----------------+
|  LED_Buzzer_Control_i/processing_system7_0/inst/FCLK_CLK0 | LED_Buzzer_Control_i/ps7_0_axi_periph/s00_couplers/auto_pc/inst/gen_axilite.gen_b2s_conv.axilite_b2s/WR.b_channel_0/bid_fifo_0/bresp_push                               |                                                                                                                                                    |                1 |              2 |
|  LED_Buzzer_Control_i/processing_system7_0/inst/FCLK_CLK0 |                                                                                                                                                                         | LED_Buzzer_Control_i/ps7_0_axi_periph/s00_couplers/auto_pc/inst/gen_axilite.gen_b2s_conv.axilite_b2s/SI_REG/ar_pipe/m_valid_i_reg_0                |                3 |              4 |
|  LED_Buzzer_Control_i/processing_system7_0/inst/FCLK_CLK0 |                                                                                                                                                                         | LED_Buzzer_Control_i/ps7_0_axi_periph/s00_couplers/auto_pc/inst/gen_axilite.gen_b2s_conv.axilite_b2s/SI_REG/aw_pipe/s_ready_i_reg_0                |                4 |              4 |
|  LED_Buzzer_Control_i/processing_system7_0/inst/FCLK_CLK0 |                                                                                                                                                                         | LED_Buzzer_Control_i/rst_ps7_0_100M/U0/EXT_LPF/lpf_int                                                                                             |                1 |              4 |
|  LED_Buzzer_Control_i/processing_system7_0/inst/FCLK_CLK0 | LED_Buzzer_Control_i/ps7_0_axi_periph/s00_couplers/auto_pc/inst/gen_axilite.gen_b2s_conv.axilite_b2s/WR.aw_channel_0/aw_cmd_fsm_0/axaddr_wrap_reg[0]                    | LED_Buzzer_Control_i/ps7_0_axi_periph/s00_couplers/auto_pc/inst/gen_axilite.gen_b2s_conv.axilite_b2s/WR.aw_channel_0/aw_cmd_fsm_0/axlen_cnt_reg[7] |                1 |              4 |
|  LED_Buzzer_Control_i/processing_system7_0/inst/FCLK_CLK0 | LED_Buzzer_Control_i/ps7_0_axi_periph/s00_couplers/auto_pc/inst/gen_axilite.gen_b2s_conv.axilite_b2s/WR.aw_channel_0/aw_cmd_fsm_0/wrap_boundary_axaddr_r_reg[11][0]     |                                                                                                                                                    |                1 |              4 |
|  LED_Buzzer_Control_i/processing_system7_0/inst/FCLK_CLK0 | LED_Buzzer_Control_i/ps7_0_axi_periph/s00_couplers/auto_pc/inst/gen_axilite.gen_b2s_conv.axilite_b2s/WR.aw_channel_0/cmd_translator_0/incr_cmd_0/axaddr_incr[0]_i_1_n_0 |                                                                                                                                                    |                1 |              4 |
|  LED_Buzzer_Control_i/processing_system7_0/inst/FCLK_CLK0 | LED_Buzzer_Control_i/ps7_0_axi_periph/s00_couplers/auto_pc/inst/gen_axilite.gen_b2s_conv.axilite_b2s/RD.ar_channel_0/ar_cmd_fsm_0/axaddr_incr_reg[11]                   |                                                                                                                                                    |                1 |              4 |
|  LED_Buzzer_Control_i/processing_system7_0/inst/FCLK_CLK0 | LED_Buzzer_Control_i/ps7_0_axi_periph/s00_couplers/auto_pc/inst/gen_axilite.gen_b2s_conv.axilite_b2s/RD.ar_channel_0/ar_cmd_fsm_0/E[0]                                  |                                                                                                                                                    |                2 |              4 |
|  LED_Buzzer_Control_i/processing_system7_0/inst/FCLK_CLK0 | LED_Buzzer_Control_i/ps7_0_axi_periph/s00_couplers/auto_pc/inst/gen_axilite.gen_b2s_conv.axilite_b2s/RD.ar_channel_0/ar_cmd_fsm_0/axlen_cnt_reg[3][0]                   | LED_Buzzer_Control_i/ps7_0_axi_periph/s00_couplers/auto_pc/inst/gen_axilite.gen_b2s_conv.axilite_b2s/RD.ar_channel_0/ar_cmd_fsm_0/axlen_cnt_reg[7] |                2 |              4 |
|  LED_Buzzer_Control_i/processing_system7_0/inst/FCLK_CLK0 | LED_Buzzer_Control_i/rst_ps7_0_100M/U0/SEQ/seq_cnt_en                                                                                                                   | LED_Buzzer_Control_i/rst_ps7_0_100M/U0/SEQ/SEQ_COUNTER/clear                                                                                       |                1 |              6 |
|  LED_Buzzer_Control_i/processing_system7_0/inst/FCLK_CLK0 | LED_Buzzer_Control_i/PWM_0/U0/PWM_v1_0_S00_AXI_inst/slv_reg2[31]_i_1_n_0                                                                                                | LED_Buzzer_Control_i/PWM_0/U0/PWM_v1_0_S00_AXI_inst/axi_awready_i_1_n_0                                                                            |                1 |              8 |
|  LED_Buzzer_Control_i/processing_system7_0/inst/FCLK_CLK0 | LED_Buzzer_Control_i/PWM_0/U0/PWM_v1_0_S00_AXI_inst/slv_reg3[7]_i_1_n_0                                                                                                 | LED_Buzzer_Control_i/PWM_0/U0/PWM_v1_0_S00_AXI_inst/axi_awready_i_1_n_0                                                                            |                4 |              8 |
|  LED_Buzzer_Control_i/processing_system7_0/inst/FCLK_CLK0 | LED_Buzzer_Control_i/PWM_0/U0/PWM_v1_0_S00_AXI_inst/slv_reg2[7]_i_1_n_0                                                                                                 | LED_Buzzer_Control_i/PWM_0/U0/PWM_v1_0_S00_AXI_inst/axi_awready_i_1_n_0                                                                            |                2 |              8 |
|  LED_Buzzer_Control_i/processing_system7_0/inst/FCLK_CLK0 | LED_Buzzer_Control_i/PWM_0/U0/PWM_v1_0_S00_AXI_inst/slv_reg3[15]_i_1_n_0                                                                                                | LED_Buzzer_Control_i/PWM_0/U0/PWM_v1_0_S00_AXI_inst/axi_awready_i_1_n_0                                                                            |                1 |              8 |
|  LED_Buzzer_Control_i/processing_system7_0/inst/FCLK_CLK0 | LED_Buzzer_Control_i/PWM_0/U0/PWM_v1_0_S00_AXI_inst/slv_reg3[23]_i_1_n_0                                                                                                | LED_Buzzer_Control_i/PWM_0/U0/PWM_v1_0_S00_AXI_inst/axi_awready_i_1_n_0                                                                            |                1 |              8 |
|  LED_Buzzer_Control_i/processing_system7_0/inst/FCLK_CLK0 | LED_Buzzer_Control_i/PWM_0/U0/PWM_v1_0_S00_AXI_inst/slv_reg3[31]_i_1_n_0                                                                                                | LED_Buzzer_Control_i/PWM_0/U0/PWM_v1_0_S00_AXI_inst/axi_awready_i_1_n_0                                                                            |                1 |              8 |
|  LED_Buzzer_Control_i/processing_system7_0/inst/FCLK_CLK0 | LED_Buzzer_Control_i/ps7_0_axi_periph/s00_couplers/auto_pc/inst/gen_axilite.gen_b2s_conv.axilite_b2s/WR.b_channel_0/mhandshake_r                                        | LED_Buzzer_Control_i/ps7_0_axi_periph/s00_couplers/auto_pc/inst/gen_axilite.gen_b2s_conv.axilite_b2s/WR.b_channel_0/bid_fifo_0/SR[0]               |                2 |              8 |
|  LED_Buzzer_Control_i/processing_system7_0/inst/FCLK_CLK0 | LED_Buzzer_Control_i/PWM_0/U0/PWM_v1_0_S00_AXI_inst/slv_reg2[15]_i_1_n_0                                                                                                | LED_Buzzer_Control_i/PWM_0/U0/PWM_v1_0_S00_AXI_inst/axi_awready_i_1_n_0                                                                            |                2 |              8 |
|  LED_Buzzer_Control_i/processing_system7_0/inst/FCLK_CLK0 | LED_Buzzer_Control_i/PWM_0/U0/PWM_v1_0_S00_AXI_inst/slv_reg1[7]_i_1_n_0                                                                                                 | LED_Buzzer_Control_i/PWM_0/U0/PWM_v1_0_S00_AXI_inst/axi_awready_i_1_n_0                                                                            |                2 |              8 |
|  LED_Buzzer_Control_i/processing_system7_0/inst/FCLK_CLK0 | LED_Buzzer_Control_i/PWM_0/U0/PWM_v1_0_S00_AXI_inst/slv_reg1[31]_i_1_n_0                                                                                                | LED_Buzzer_Control_i/PWM_0/U0/PWM_v1_0_S00_AXI_inst/axi_awready_i_1_n_0                                                                            |                1 |              8 |
|  LED_Buzzer_Control_i/processing_system7_0/inst/FCLK_CLK0 | LED_Buzzer_Control_i/PWM_0/U0/PWM_v1_0_S00_AXI_inst/slv_reg1[23]_i_1_n_0                                                                                                | LED_Buzzer_Control_i/PWM_0/U0/PWM_v1_0_S00_AXI_inst/axi_awready_i_1_n_0                                                                            |                2 |              8 |
|  LED_Buzzer_Control_i/processing_system7_0/inst/FCLK_CLK0 | LED_Buzzer_Control_i/PWM_0/U0/PWM_v1_0_S00_AXI_inst/p_1_in[7]                                                                                                           | LED_Buzzer_Control_i/PWM_0/U0/PWM_v1_0_S00_AXI_inst/axi_awready_i_1_n_0                                                                            |                2 |              8 |
|  LED_Buzzer_Control_i/processing_system7_0/inst/FCLK_CLK0 | LED_Buzzer_Control_i/PWM_0/U0/PWM_v1_0_S00_AXI_inst/slv_reg1[15]_i_1_n_0                                                                                                | LED_Buzzer_Control_i/PWM_0/U0/PWM_v1_0_S00_AXI_inst/axi_awready_i_1_n_0                                                                            |                1 |              8 |
|  LED_Buzzer_Control_i/processing_system7_0/inst/FCLK_CLK0 | LED_Buzzer_Control_i/PWM_0/U0/PWM_v1_0_S00_AXI_inst/p_1_in[31]                                                                                                          | LED_Buzzer_Control_i/PWM_0/U0/PWM_v1_0_S00_AXI_inst/axi_awready_i_1_n_0                                                                            |                1 |              8 |
|  LED_Buzzer_Control_i/processing_system7_0/inst/FCLK_CLK0 | LED_Buzzer_Control_i/PWM_0/U0/PWM_v1_0_S00_AXI_inst/p_1_in[23]                                                                                                          | LED_Buzzer_Control_i/PWM_0/U0/PWM_v1_0_S00_AXI_inst/axi_awready_i_1_n_0                                                                            |                2 |              8 |
|  LED_Buzzer_Control_i/processing_system7_0/inst/FCLK_CLK0 | LED_Buzzer_Control_i/PWM_0/U0/PWM_v1_0_S00_AXI_inst/p_1_in[15]                                                                                                          | LED_Buzzer_Control_i/PWM_0/U0/PWM_v1_0_S00_AXI_inst/axi_awready_i_1_n_0                                                                            |                1 |              8 |
|  LED_Buzzer_Control_i/processing_system7_0/inst/FCLK_CLK0 | LED_Buzzer_Control_i/PWM_0/U0/PWM_v1_0_S00_AXI_inst/slv_reg2[23]_i_1_n_0                                                                                                | LED_Buzzer_Control_i/PWM_0/U0/PWM_v1_0_S00_AXI_inst/axi_awready_i_1_n_0                                                                            |                1 |              8 |
|  LED_Buzzer_Control_i/processing_system7_0/inst/FCLK_CLK0 |                                                                                                                                                                         | LED_Buzzer_Control_i/PWM_0/U0/PWM_v1_0_S00_AXI_inst/axi_awready_i_1_n_0                                                                            |                3 |              9 |
|  LED_Buzzer_Control_i/processing_system7_0/inst/FCLK_CLK0 | LED_Buzzer_Control_i/ps7_0_axi_periph/s00_couplers/auto_pc/inst/gen_axilite.gen_b2s_conv.axilite_b2s/RD.ar_channel_0/ar_cmd_fsm_0/axlen_cnt_reg[3][0]                   |                                                                                                                                                    |                5 |             12 |
|  LED_Buzzer_Control_i/processing_system7_0/inst/FCLK_CLK0 | LED_Buzzer_Control_i/ps7_0_axi_periph/s00_couplers/auto_pc/inst/gen_axilite.gen_b2s_conv.axilite_b2s/WR.aw_channel_0/aw_cmd_fsm_0/axaddr_wrap_reg[0]                    |                                                                                                                                                    |                4 |             12 |
|  LED_Buzzer_Control_i/processing_system7_0/inst/FCLK_CLK0 | LED_Buzzer_Control_i/ps7_0_axi_periph/s00_couplers/auto_pc/inst/gen_axilite.gen_b2s_conv.axilite_b2s/RD.r_channel_0/r_push_r                                            |                                                                                                                                                    |                4 |             13 |
|  LED_Buzzer_Control_i/processing_system7_0/inst/FCLK_CLK0 | LED_Buzzer_Control_i/ps7_0_axi_periph/s00_couplers/auto_pc/inst/gen_axilite.gen_b2s_conv.axilite_b2s/SI_REG/b_pipe/skid_buffer_reg[0]_0                                 |                                                                                                                                                    |                2 |             14 |
|  LED_Buzzer_Control_i/processing_system7_0/inst/FCLK_CLK0 | LED_Buzzer_Control_i/ps7_0_axi_periph/s00_couplers/auto_pc/inst/gen_axilite.gen_b2s_conv.axilite_b2s/SI_REG/b_pipe/p_1_in                                               |                                                                                                                                                    |                2 |             14 |
|  LED_Buzzer_Control_i/processing_system7_0/inst/FCLK_CLK0 | LED_Buzzer_Control_i/ps7_0_axi_periph/s00_couplers/auto_pc/inst/gen_axilite.gen_b2s_conv.axilite_b2s/WR.aw_channel_0/aw_cmd_fsm_0/b_push                                |                                                                                                                                                    |                5 |             20 |
|  LED_Buzzer_Control_i/processing_system7_0/inst/FCLK_CLK0 | LED_Buzzer_Control_i/ps7_0_axi_periph/s00_couplers/auto_pc/inst/gen_axilite.gen_b2s_conv.axilite_b2s/WR.aw_channel_0/aw_cmd_fsm_0/E[0]                                  |                                                                                                                                                    |                7 |             27 |
|  LED_Buzzer_Control_i/processing_system7_0/inst/FCLK_CLK0 | LED_Buzzer_Control_i/ps7_0_axi_periph/s00_couplers/auto_pc/inst/gen_axilite.gen_b2s_conv.axilite_b2s/SI_REG/ar_pipe/skid_buffer_reg[0]_0                                |                                                                                                                                                    |                7 |             27 |
|  LED_Buzzer_Control_i/processing_system7_0/inst/FCLK_CLK0 | LED_Buzzer_Control_i/ps7_0_axi_periph/s00_couplers/auto_pc/inst/gen_axilite.gen_b2s_conv.axilite_b2s/SI_REG/aw_pipe/skid_buffer_reg[0]_0                                |                                                                                                                                                    |                7 |             27 |
|  LED_Buzzer_Control_i/processing_system7_0/inst/FCLK_CLK0 | LED_Buzzer_Control_i/ps7_0_axi_periph/s00_couplers/auto_pc/inst/gen_axilite.gen_b2s_conv.axilite_b2s/RD.ar_channel_0/ar_cmd_fsm_0/m_payload_i_reg[0]_1[0]               |                                                                                                                                                    |               10 |             27 |
|  LED_Buzzer_Control_i/processing_system7_0/inst/FCLK_CLK0 | LED_Buzzer_Control_i/PWM_0/U0/PWM_v1_0_S00_AXI_inst/axi_rdata[31]_i_1_n_0                                                                                               | LED_Buzzer_Control_i/PWM_0/U0/PWM_v1_0_S00_AXI_inst/axi_awready_i_1_n_0                                                                            |               10 |             32 |
|  LED_Buzzer_Control_i/PWM_0/temp_reg[31]_i_2_n_0          |                                                                                                                                                                         |                                                                                                                                                    |                9 |             32 |
|  LED_Buzzer_Control_i/processing_system7_0/inst/FCLK_CLK0 | LED_Buzzer_Control_i/ps7_0_axi_periph/s00_couplers/auto_pc/inst/gen_axilite.gen_b2s_conv.axilite_b2s/RD.r_channel_0/rd_data_fifo_0/wr_en0                               |                                                                                                                                                    |                9 |             34 |
|  LED_Buzzer_Control_i/processing_system7_0/inst/FCLK_CLK0 | LED_Buzzer_Control_i/ps7_0_axi_periph/s00_couplers/auto_pc/inst/gen_axilite.gen_b2s_conv.axilite_b2s/SI_REG/r_pipe/skid_buffer_reg[0]_0                                 |                                                                                                                                                    |               10 |             47 |
|  LED_Buzzer_Control_i/processing_system7_0/inst/FCLK_CLK0 | LED_Buzzer_Control_i/ps7_0_axi_periph/s00_couplers/auto_pc/inst/gen_axilite.gen_b2s_conv.axilite_b2s/SI_REG/r_pipe/p_1_in                                               |                                                                                                                                                    |                8 |             47 |
|  LED_Buzzer_Control_i/processing_system7_0/inst/FCLK_CLK0 |                                                                                                                                                                         | LED_Buzzer_Control_i/ps7_0_axi_periph/s00_couplers/auto_pc/inst/gen_axilite.gen_b2s_conv.axilite_b2s/areset_d1                                     |               14 |             58 |
|  LED_Buzzer_Control_i/processing_system7_0/inst/FCLK_CLK0 |                                                                                                                                                                         |                                                                                                                                                    |               31 |            104 |
+-----------------------------------------------------------+-------------------------------------------------------------------------------------------------------------------------------------------------------------------------+----------------------------------------------------------------------------------------------------------------------------------------------------+------------------+----------------+


+--------+-----------------------+
| Fanout | Number of ControlSets |
+--------+-----------------------+
| 2      |                     1 |
| 4      |                     9 |
| 6      |                     1 |
| 8      |                    17 |
| 9      |                     1 |
| 12     |                     2 |
| 13     |                     1 |
| 14     |                     2 |
| 16+    |                    12 |
+--------+-----------------------+


