
*** Running vivado
    with args -log LED_Buzzer_Control_auto_pc_0.vds -m64 -product Vivado -mode batch -messageDb vivado.pb -notrace -source LED_Buzzer_Control_auto_pc_0.tcl


****** Vivado v2016.3 (64-bit)
  **** SW Build 1682563 on Mon Oct 10 19:07:26 MDT 2016
  **** IP Build 1681267 on Mon Oct 10 21:28:31 MDT 2016
    ** Copyright 1986-2016 Xilinx, Inc. All Rights Reserved.

source LED_Buzzer_Control_auto_pc_0.tcl -notrace
Starting RTL Elaboration : Time (s): cpu = 00:00:14 ; elapsed = 00:00:15 . Memory (MB): peak = 1105.426 ; gain = 194.301 ; free physical = 6678 ; free virtual = 9515
INFO: [Synth 8-638] synthesizing module 'LED_Buzzer_Control_auto_pc_0' [/opt/Xilinx/Vivado/CERN_projects/LED_Buzzer_Control/LED_Buzzer_Control.srcs/sources_1/bd/LED_Buzzer_Control/ip/LED_Buzzer_Control_auto_pc_0/synth/LED_Buzzer_Control_auto_pc_0.v:58]
INFO: [Synth 8-638] synthesizing module 'axi_protocol_converter_v2_1_10_axi_protocol_converter' [/opt/Xilinx/Vivado/CERN_projects/LED_Buzzer_Control/LED_Buzzer_Control.srcs/sources_1/bd/LED_Buzzer_Control/ipshared/4a8b/hdl/axi_protocol_converter_v2_1_vl_rfs.v:4806]
INFO: [Synth 8-638] synthesizing module 'axi_protocol_converter_v2_1_10_b2s' [/opt/Xilinx/Vivado/CERN_projects/LED_Buzzer_Control/LED_Buzzer_Control.srcs/sources_1/bd/LED_Buzzer_Control/ipshared/4a8b/hdl/axi_protocol_converter_v2_1_vl_rfs.v:4224]
INFO: [Synth 8-638] synthesizing module 'axi_protocol_converter_v2_1_10_b2s_aw_channel' [/opt/Xilinx/Vivado/CERN_projects/LED_Buzzer_Control/LED_Buzzer_Control.srcs/sources_1/bd/LED_Buzzer_Control/ipshared/4a8b/hdl/axi_protocol_converter_v2_1_vl_rfs.v:3969]
INFO: [Synth 8-638] synthesizing module 'axi_protocol_converter_v2_1_10_b2s_cmd_translator' [/opt/Xilinx/Vivado/CERN_projects/LED_Buzzer_Control/LED_Buzzer_Control.srcs/sources_1/bd/LED_Buzzer_Control/ipshared/4a8b/hdl/axi_protocol_converter_v2_1_vl_rfs.v:3467]
INFO: [Synth 8-638] synthesizing module 'axi_protocol_converter_v2_1_10_b2s_incr_cmd' [/opt/Xilinx/Vivado/CERN_projects/LED_Buzzer_Control/LED_Buzzer_Control.srcs/sources_1/bd/LED_Buzzer_Control/ipshared/4a8b/hdl/axi_protocol_converter_v2_1_vl_rfs.v:3093]
INFO: [Synth 8-256] done synthesizing module 'axi_protocol_converter_v2_1_10_b2s_incr_cmd' (1#1) [/opt/Xilinx/Vivado/CERN_projects/LED_Buzzer_Control/LED_Buzzer_Control.srcs/sources_1/bd/LED_Buzzer_Control/ipshared/4a8b/hdl/axi_protocol_converter_v2_1_vl_rfs.v:3093]
INFO: [Synth 8-638] synthesizing module 'axi_protocol_converter_v2_1_10_b2s_wrap_cmd' [/opt/Xilinx/Vivado/CERN_projects/LED_Buzzer_Control/LED_Buzzer_Control.srcs/sources_1/bd/LED_Buzzer_Control/ipshared/4a8b/hdl/axi_protocol_converter_v2_1_vl_rfs.v:2903]
INFO: [Synth 8-256] done synthesizing module 'axi_protocol_converter_v2_1_10_b2s_wrap_cmd' (2#1) [/opt/Xilinx/Vivado/CERN_projects/LED_Buzzer_Control/LED_Buzzer_Control.srcs/sources_1/bd/LED_Buzzer_Control/ipshared/4a8b/hdl/axi_protocol_converter_v2_1_vl_rfs.v:2903]
INFO: [Synth 8-256] done synthesizing module 'axi_protocol_converter_v2_1_10_b2s_cmd_translator' (3#1) [/opt/Xilinx/Vivado/CERN_projects/LED_Buzzer_Control/LED_Buzzer_Control.srcs/sources_1/bd/LED_Buzzer_Control/ipshared/4a8b/hdl/axi_protocol_converter_v2_1_vl_rfs.v:3467]
INFO: [Synth 8-638] synthesizing module 'axi_protocol_converter_v2_1_10_b2s_wr_cmd_fsm' [/opt/Xilinx/Vivado/CERN_projects/LED_Buzzer_Control/LED_Buzzer_Control.srcs/sources_1/bd/LED_Buzzer_Control/ipshared/4a8b/hdl/axi_protocol_converter_v2_1_vl_rfs.v:3225]
INFO: [Synth 8-256] done synthesizing module 'axi_protocol_converter_v2_1_10_b2s_wr_cmd_fsm' (4#1) [/opt/Xilinx/Vivado/CERN_projects/LED_Buzzer_Control/LED_Buzzer_Control.srcs/sources_1/bd/LED_Buzzer_Control/ipshared/4a8b/hdl/axi_protocol_converter_v2_1_vl_rfs.v:3225]
INFO: [Synth 8-256] done synthesizing module 'axi_protocol_converter_v2_1_10_b2s_aw_channel' (5#1) [/opt/Xilinx/Vivado/CERN_projects/LED_Buzzer_Control/LED_Buzzer_Control.srcs/sources_1/bd/LED_Buzzer_Control/ipshared/4a8b/hdl/axi_protocol_converter_v2_1_vl_rfs.v:3969]
INFO: [Synth 8-638] synthesizing module 'axi_protocol_converter_v2_1_10_b2s_b_channel' [/opt/Xilinx/Vivado/CERN_projects/LED_Buzzer_Control/LED_Buzzer_Control.srcs/sources_1/bd/LED_Buzzer_Control/ipshared/4a8b/hdl/axi_protocol_converter_v2_1_vl_rfs.v:3609]
INFO: [Synth 8-638] synthesizing module 'axi_protocol_converter_v2_1_10_b2s_simple_fifo' [/opt/Xilinx/Vivado/CERN_projects/LED_Buzzer_Control/LED_Buzzer_Control.srcs/sources_1/bd/LED_Buzzer_Control/ipshared/4a8b/hdl/axi_protocol_converter_v2_1_vl_rfs.v:2816]
INFO: [Synth 8-256] done synthesizing module 'axi_protocol_converter_v2_1_10_b2s_simple_fifo' (6#1) [/opt/Xilinx/Vivado/CERN_projects/LED_Buzzer_Control/LED_Buzzer_Control.srcs/sources_1/bd/LED_Buzzer_Control/ipshared/4a8b/hdl/axi_protocol_converter_v2_1_vl_rfs.v:2816]
INFO: [Synth 8-638] synthesizing module 'axi_protocol_converter_v2_1_10_b2s_simple_fifo__parameterized0' [/opt/Xilinx/Vivado/CERN_projects/LED_Buzzer_Control/LED_Buzzer_Control.srcs/sources_1/bd/LED_Buzzer_Control/ipshared/4a8b/hdl/axi_protocol_converter_v2_1_vl_rfs.v:2816]
INFO: [Synth 8-256] done synthesizing module 'axi_protocol_converter_v2_1_10_b2s_simple_fifo__parameterized0' (6#1) [/opt/Xilinx/Vivado/CERN_projects/LED_Buzzer_Control/LED_Buzzer_Control.srcs/sources_1/bd/LED_Buzzer_Control/ipshared/4a8b/hdl/axi_protocol_converter_v2_1_vl_rfs.v:2816]
INFO: [Synth 8-256] done synthesizing module 'axi_protocol_converter_v2_1_10_b2s_b_channel' (7#1) [/opt/Xilinx/Vivado/CERN_projects/LED_Buzzer_Control/LED_Buzzer_Control.srcs/sources_1/bd/LED_Buzzer_Control/ipshared/4a8b/hdl/axi_protocol_converter_v2_1_vl_rfs.v:3609]
INFO: [Synth 8-638] synthesizing module 'axi_protocol_converter_v2_1_10_b2s_ar_channel' [/opt/Xilinx/Vivado/CERN_projects/LED_Buzzer_Control/LED_Buzzer_Control.srcs/sources_1/bd/LED_Buzzer_Control/ipshared/4a8b/hdl/axi_protocol_converter_v2_1_vl_rfs.v:4080]
INFO: [Synth 8-638] synthesizing module 'axi_protocol_converter_v2_1_10_b2s_rd_cmd_fsm' [/opt/Xilinx/Vivado/CERN_projects/LED_Buzzer_Control/LED_Buzzer_Control.srcs/sources_1/bd/LED_Buzzer_Control/ipshared/4a8b/hdl/axi_protocol_converter_v2_1_vl_rfs.v:3336]
INFO: [Synth 8-256] done synthesizing module 'axi_protocol_converter_v2_1_10_b2s_rd_cmd_fsm' (8#1) [/opt/Xilinx/Vivado/CERN_projects/LED_Buzzer_Control/LED_Buzzer_Control.srcs/sources_1/bd/LED_Buzzer_Control/ipshared/4a8b/hdl/axi_protocol_converter_v2_1_vl_rfs.v:3336]
INFO: [Synth 8-256] done synthesizing module 'axi_protocol_converter_v2_1_10_b2s_ar_channel' (9#1) [/opt/Xilinx/Vivado/CERN_projects/LED_Buzzer_Control/LED_Buzzer_Control.srcs/sources_1/bd/LED_Buzzer_Control/ipshared/4a8b/hdl/axi_protocol_converter_v2_1_vl_rfs.v:4080]
INFO: [Synth 8-638] synthesizing module 'axi_protocol_converter_v2_1_10_b2s_r_channel' [/opt/Xilinx/Vivado/CERN_projects/LED_Buzzer_Control/LED_Buzzer_Control.srcs/sources_1/bd/LED_Buzzer_Control/ipshared/4a8b/hdl/axi_protocol_converter_v2_1_vl_rfs.v:3809]
INFO: [Synth 8-638] synthesizing module 'axi_protocol_converter_v2_1_10_b2s_simple_fifo__parameterized1' [/opt/Xilinx/Vivado/CERN_projects/LED_Buzzer_Control/LED_Buzzer_Control.srcs/sources_1/bd/LED_Buzzer_Control/ipshared/4a8b/hdl/axi_protocol_converter_v2_1_vl_rfs.v:2816]
INFO: [Synth 8-256] done synthesizing module 'axi_protocol_converter_v2_1_10_b2s_simple_fifo__parameterized1' (9#1) [/opt/Xilinx/Vivado/CERN_projects/LED_Buzzer_Control/LED_Buzzer_Control.srcs/sources_1/bd/LED_Buzzer_Control/ipshared/4a8b/hdl/axi_protocol_converter_v2_1_vl_rfs.v:2816]
INFO: [Synth 8-638] synthesizing module 'axi_protocol_converter_v2_1_10_b2s_simple_fifo__parameterized2' [/opt/Xilinx/Vivado/CERN_projects/LED_Buzzer_Control/LED_Buzzer_Control.srcs/sources_1/bd/LED_Buzzer_Control/ipshared/4a8b/hdl/axi_protocol_converter_v2_1_vl_rfs.v:2816]
INFO: [Synth 8-256] done synthesizing module 'axi_protocol_converter_v2_1_10_b2s_simple_fifo__parameterized2' (9#1) [/opt/Xilinx/Vivado/CERN_projects/LED_Buzzer_Control/LED_Buzzer_Control.srcs/sources_1/bd/LED_Buzzer_Control/ipshared/4a8b/hdl/axi_protocol_converter_v2_1_vl_rfs.v:2816]
INFO: [Synth 8-256] done synthesizing module 'axi_protocol_converter_v2_1_10_b2s_r_channel' (10#1) [/opt/Xilinx/Vivado/CERN_projects/LED_Buzzer_Control/LED_Buzzer_Control.srcs/sources_1/bd/LED_Buzzer_Control/ipshared/4a8b/hdl/axi_protocol_converter_v2_1_vl_rfs.v:3809]
INFO: [Synth 8-638] synthesizing module 'axi_register_slice_v2_1_10_axi_register_slice' [/opt/Xilinx/Vivado/CERN_projects/LED_Buzzer_Control/LED_Buzzer_Control.srcs/sources_1/bd/LED_Buzzer_Control/ipshared/7efe/hdl/axi_register_slice_v2_1_vl_rfs.v:791]
INFO: [Synth 8-638] synthesizing module 'axi_infrastructure_v1_1_0_axi2vector' [/opt/Xilinx/Vivado/CERN_projects/LED_Buzzer_Control/LED_Buzzer_Control.srcs/sources_1/bd/LED_Buzzer_Control/ipshared/7e3a/hdl/axi_infrastructure_v1_1_vl_rfs.v:60]
INFO: [Synth 8-256] done synthesizing module 'axi_infrastructure_v1_1_0_axi2vector' (11#1) [/opt/Xilinx/Vivado/CERN_projects/LED_Buzzer_Control/LED_Buzzer_Control.srcs/sources_1/bd/LED_Buzzer_Control/ipshared/7e3a/hdl/axi_infrastructure_v1_1_vl_rfs.v:60]
INFO: [Synth 8-638] synthesizing module 'axi_register_slice_v2_1_10_axic_register_slice' [/opt/Xilinx/Vivado/CERN_projects/LED_Buzzer_Control/LED_Buzzer_Control.srcs/sources_1/bd/LED_Buzzer_Control/ipshared/7efe/hdl/axi_register_slice_v2_1_vl_rfs.v:85]
INFO: [Synth 8-256] done synthesizing module 'axi_register_slice_v2_1_10_axic_register_slice' (12#1) [/opt/Xilinx/Vivado/CERN_projects/LED_Buzzer_Control/LED_Buzzer_Control.srcs/sources_1/bd/LED_Buzzer_Control/ipshared/7efe/hdl/axi_register_slice_v2_1_vl_rfs.v:85]
INFO: [Synth 8-638] synthesizing module 'axi_register_slice_v2_1_10_axic_register_slice__parameterized0' [/opt/Xilinx/Vivado/CERN_projects/LED_Buzzer_Control/LED_Buzzer_Control.srcs/sources_1/bd/LED_Buzzer_Control/ipshared/7efe/hdl/axi_register_slice_v2_1_vl_rfs.v:85]
INFO: [Synth 8-256] done synthesizing module 'axi_register_slice_v2_1_10_axic_register_slice__parameterized0' (12#1) [/opt/Xilinx/Vivado/CERN_projects/LED_Buzzer_Control/LED_Buzzer_Control.srcs/sources_1/bd/LED_Buzzer_Control/ipshared/7efe/hdl/axi_register_slice_v2_1_vl_rfs.v:85]
INFO: [Synth 8-638] synthesizing module 'axi_register_slice_v2_1_10_axic_register_slice__parameterized1' [/opt/Xilinx/Vivado/CERN_projects/LED_Buzzer_Control/LED_Buzzer_Control.srcs/sources_1/bd/LED_Buzzer_Control/ipshared/7efe/hdl/axi_register_slice_v2_1_vl_rfs.v:85]
INFO: [Synth 8-256] done synthesizing module 'axi_register_slice_v2_1_10_axic_register_slice__parameterized1' (12#1) [/opt/Xilinx/Vivado/CERN_projects/LED_Buzzer_Control/LED_Buzzer_Control.srcs/sources_1/bd/LED_Buzzer_Control/ipshared/7efe/hdl/axi_register_slice_v2_1_vl_rfs.v:85]
INFO: [Synth 8-638] synthesizing module 'axi_register_slice_v2_1_10_axic_register_slice__parameterized2' [/opt/Xilinx/Vivado/CERN_projects/LED_Buzzer_Control/LED_Buzzer_Control.srcs/sources_1/bd/LED_Buzzer_Control/ipshared/7efe/hdl/axi_register_slice_v2_1_vl_rfs.v:85]
INFO: [Synth 8-256] done synthesizing module 'axi_register_slice_v2_1_10_axic_register_slice__parameterized2' (12#1) [/opt/Xilinx/Vivado/CERN_projects/LED_Buzzer_Control/LED_Buzzer_Control.srcs/sources_1/bd/LED_Buzzer_Control/ipshared/7efe/hdl/axi_register_slice_v2_1_vl_rfs.v:85]
INFO: [Synth 8-638] synthesizing module 'axi_infrastructure_v1_1_0_vector2axi' [/opt/Xilinx/Vivado/CERN_projects/LED_Buzzer_Control/LED_Buzzer_Control.srcs/sources_1/bd/LED_Buzzer_Control/ipshared/7e3a/hdl/axi_infrastructure_v1_1_vl_rfs.v:474]
INFO: [Synth 8-256] done synthesizing module 'axi_infrastructure_v1_1_0_vector2axi' (13#1) [/opt/Xilinx/Vivado/CERN_projects/LED_Buzzer_Control/LED_Buzzer_Control.srcs/sources_1/bd/LED_Buzzer_Control/ipshared/7e3a/hdl/axi_infrastructure_v1_1_vl_rfs.v:474]
INFO: [Synth 8-256] done synthesizing module 'axi_register_slice_v2_1_10_axi_register_slice' (14#1) [/opt/Xilinx/Vivado/CERN_projects/LED_Buzzer_Control/LED_Buzzer_Control.srcs/sources_1/bd/LED_Buzzer_Control/ipshared/7efe/hdl/axi_register_slice_v2_1_vl_rfs.v:791]
INFO: [Synth 8-638] synthesizing module 'axi_register_slice_v2_1_10_axi_register_slice__parameterized0' [/opt/Xilinx/Vivado/CERN_projects/LED_Buzzer_Control/LED_Buzzer_Control.srcs/sources_1/bd/LED_Buzzer_Control/ipshared/7efe/hdl/axi_register_slice_v2_1_vl_rfs.v:791]
INFO: [Synth 8-638] synthesizing module 'axi_infrastructure_v1_1_0_axi2vector__parameterized0' [/opt/Xilinx/Vivado/CERN_projects/LED_Buzzer_Control/LED_Buzzer_Control.srcs/sources_1/bd/LED_Buzzer_Control/ipshared/7e3a/hdl/axi_infrastructure_v1_1_vl_rfs.v:60]
INFO: [Synth 8-256] done synthesizing module 'axi_infrastructure_v1_1_0_axi2vector__parameterized0' (14#1) [/opt/Xilinx/Vivado/CERN_projects/LED_Buzzer_Control/LED_Buzzer_Control.srcs/sources_1/bd/LED_Buzzer_Control/ipshared/7e3a/hdl/axi_infrastructure_v1_1_vl_rfs.v:60]
INFO: [Synth 8-638] synthesizing module 'axi_register_slice_v2_1_10_axic_register_slice__parameterized3' [/opt/Xilinx/Vivado/CERN_projects/LED_Buzzer_Control/LED_Buzzer_Control.srcs/sources_1/bd/LED_Buzzer_Control/ipshared/7efe/hdl/axi_register_slice_v2_1_vl_rfs.v:85]
INFO: [Synth 8-256] done synthesizing module 'axi_register_slice_v2_1_10_axic_register_slice__parameterized3' (14#1) [/opt/Xilinx/Vivado/CERN_projects/LED_Buzzer_Control/LED_Buzzer_Control.srcs/sources_1/bd/LED_Buzzer_Control/ipshared/7efe/hdl/axi_register_slice_v2_1_vl_rfs.v:85]
INFO: [Synth 8-638] synthesizing module 'axi_register_slice_v2_1_10_axic_register_slice__parameterized4' [/opt/Xilinx/Vivado/CERN_projects/LED_Buzzer_Control/LED_Buzzer_Control.srcs/sources_1/bd/LED_Buzzer_Control/ipshared/7efe/hdl/axi_register_slice_v2_1_vl_rfs.v:85]
INFO: [Synth 8-256] done synthesizing module 'axi_register_slice_v2_1_10_axic_register_slice__parameterized4' (14#1) [/opt/Xilinx/Vivado/CERN_projects/LED_Buzzer_Control/LED_Buzzer_Control.srcs/sources_1/bd/LED_Buzzer_Control/ipshared/7efe/hdl/axi_register_slice_v2_1_vl_rfs.v:85]
INFO: [Synth 8-638] synthesizing module 'axi_register_slice_v2_1_10_axic_register_slice__parameterized5' [/opt/Xilinx/Vivado/CERN_projects/LED_Buzzer_Control/LED_Buzzer_Control.srcs/sources_1/bd/LED_Buzzer_Control/ipshared/7efe/hdl/axi_register_slice_v2_1_vl_rfs.v:85]
INFO: [Synth 8-256] done synthesizing module 'axi_register_slice_v2_1_10_axic_register_slice__parameterized5' (14#1) [/opt/Xilinx/Vivado/CERN_projects/LED_Buzzer_Control/LED_Buzzer_Control.srcs/sources_1/bd/LED_Buzzer_Control/ipshared/7efe/hdl/axi_register_slice_v2_1_vl_rfs.v:85]
INFO: [Synth 8-638] synthesizing module 'axi_register_slice_v2_1_10_axic_register_slice__parameterized6' [/opt/Xilinx/Vivado/CERN_projects/LED_Buzzer_Control/LED_Buzzer_Control.srcs/sources_1/bd/LED_Buzzer_Control/ipshared/7efe/hdl/axi_register_slice_v2_1_vl_rfs.v:85]
INFO: [Synth 8-256] done synthesizing module 'axi_register_slice_v2_1_10_axic_register_slice__parameterized6' (14#1) [/opt/Xilinx/Vivado/CERN_projects/LED_Buzzer_Control/LED_Buzzer_Control.srcs/sources_1/bd/LED_Buzzer_Control/ipshared/7efe/hdl/axi_register_slice_v2_1_vl_rfs.v:85]
INFO: [Synth 8-638] synthesizing module 'axi_register_slice_v2_1_10_axic_register_slice__parameterized7' [/opt/Xilinx/Vivado/CERN_projects/LED_Buzzer_Control/LED_Buzzer_Control.srcs/sources_1/bd/LED_Buzzer_Control/ipshared/7efe/hdl/axi_register_slice_v2_1_vl_rfs.v:85]
INFO: [Synth 8-256] done synthesizing module 'axi_register_slice_v2_1_10_axic_register_slice__parameterized7' (14#1) [/opt/Xilinx/Vivado/CERN_projects/LED_Buzzer_Control/LED_Buzzer_Control.srcs/sources_1/bd/LED_Buzzer_Control/ipshared/7efe/hdl/axi_register_slice_v2_1_vl_rfs.v:85]
INFO: [Synth 8-638] synthesizing module 'axi_infrastructure_v1_1_0_vector2axi__parameterized0' [/opt/Xilinx/Vivado/CERN_projects/LED_Buzzer_Control/LED_Buzzer_Control.srcs/sources_1/bd/LED_Buzzer_Control/ipshared/7e3a/hdl/axi_infrastructure_v1_1_vl_rfs.v:474]
INFO: [Synth 8-256] done synthesizing module 'axi_infrastructure_v1_1_0_vector2axi__parameterized0' (14#1) [/opt/Xilinx/Vivado/CERN_projects/LED_Buzzer_Control/LED_Buzzer_Control.srcs/sources_1/bd/LED_Buzzer_Control/ipshared/7e3a/hdl/axi_infrastructure_v1_1_vl_rfs.v:474]
INFO: [Synth 8-256] done synthesizing module 'axi_register_slice_v2_1_10_axi_register_slice__parameterized0' (14#1) [/opt/Xilinx/Vivado/CERN_projects/LED_Buzzer_Control/LED_Buzzer_Control.srcs/sources_1/bd/LED_Buzzer_Control/ipshared/7efe/hdl/axi_register_slice_v2_1_vl_rfs.v:791]
INFO: [Synth 8-256] done synthesizing module 'axi_protocol_converter_v2_1_10_b2s' (15#1) [/opt/Xilinx/Vivado/CERN_projects/LED_Buzzer_Control/LED_Buzzer_Control.srcs/sources_1/bd/LED_Buzzer_Control/ipshared/4a8b/hdl/axi_protocol_converter_v2_1_vl_rfs.v:4224]
INFO: [Synth 8-256] done synthesizing module 'axi_protocol_converter_v2_1_10_axi_protocol_converter' (16#1) [/opt/Xilinx/Vivado/CERN_projects/LED_Buzzer_Control/LED_Buzzer_Control.srcs/sources_1/bd/LED_Buzzer_Control/ipshared/4a8b/hdl/axi_protocol_converter_v2_1_vl_rfs.v:4806]
INFO: [Synth 8-256] done synthesizing module 'LED_Buzzer_Control_auto_pc_0' (17#1) [/opt/Xilinx/Vivado/CERN_projects/LED_Buzzer_Control/LED_Buzzer_Control.srcs/sources_1/bd/LED_Buzzer_Control/ip/LED_Buzzer_Control_auto_pc_0/synth/LED_Buzzer_Control_auto_pc_0.v:58]
Finished RTL Elaboration : Time (s): cpu = 00:00:54 ; elapsed = 00:00:56 . Memory (MB): peak = 1225.895 ; gain = 314.770 ; free physical = 6548 ; free virtual = 9386
Finished RTL Optimization Phase 1 : Time (s): cpu = 00:00:55 ; elapsed = 00:00:56 . Memory (MB): peak = 1225.895 ; gain = 314.770 ; free physical = 6548 ; free virtual = 9386
INFO: [Device 21-403] Loading part xc7z010clg400-1
Constraint Validation Runtime : Time (s): cpu = 00:00:00.10 ; elapsed = 00:00:00.09 . Memory (MB): peak = 1457.648 ; gain = 0.000 ; free physical = 6450 ; free virtual = 9287
Finished Constraint Validation : Time (s): cpu = 00:01:10 ; elapsed = 00:01:12 . Memory (MB): peak = 1457.648 ; gain = 546.523 ; free physical = 6449 ; free virtual = 9287
Finished Loading Part and Timing Information : Time (s): cpu = 00:01:10 ; elapsed = 00:01:12 . Memory (MB): peak = 1457.648 ; gain = 546.523 ; free physical = 6449 ; free virtual = 9287
Finished applying 'set_property' XDC Constraints : Time (s): cpu = 00:01:10 ; elapsed = 00:01:12 . Memory (MB): peak = 1457.648 ; gain = 546.523 ; free physical = 6449 ; free virtual = 9287
Finished RTL Optimization Phase 2 : Time (s): cpu = 00:01:11 ; elapsed = 00:01:13 . Memory (MB): peak = 1457.648 ; gain = 546.523 ; free physical = 6442 ; free virtual = 9279
Finished Cross Boundary and Area Optimization : Time (s): cpu = 00:01:15 ; elapsed = 00:01:17 . Memory (MB): peak = 1457.648 ; gain = 546.523 ; free physical = 6410 ; free virtual = 9247
Finished Applying XDC Timing Constraints : Time (s): cpu = 00:01:28 ; elapsed = 00:01:30 . Memory (MB): peak = 1457.648 ; gain = 546.523 ; free physical = 6379 ; free virtual = 9216
Finished Timing Optimization : Time (s): cpu = 00:01:31 ; elapsed = 00:01:34 . Memory (MB): peak = 1470.250 ; gain = 559.125 ; free physical = 6342 ; free virtual = 9179
Finished Technology Mapping : Time (s): cpu = 00:01:31 ; elapsed = 00:01:35 . Memory (MB): peak = 1478.258 ; gain = 567.133 ; free physical = 6332 ; free virtual = 9169
Finished IO Insertion : Time (s): cpu = 00:01:32 ; elapsed = 00:01:36 . Memory (MB): peak = 1478.258 ; gain = 567.133 ; free physical = 6332 ; free virtual = 9169
Finished Renaming Generated Instances : Time (s): cpu = 00:01:32 ; elapsed = 00:01:36 . Memory (MB): peak = 1478.258 ; gain = 567.133 ; free physical = 6332 ; free virtual = 9169
Finished Rebuilding User Hierarchy : Time (s): cpu = 00:01:33 ; elapsed = 00:01:36 . Memory (MB): peak = 1478.258 ; gain = 567.133 ; free physical = 6332 ; free virtual = 9169
Finished Renaming Generated Ports : Time (s): cpu = 00:01:33 ; elapsed = 00:01:36 . Memory (MB): peak = 1478.258 ; gain = 567.133 ; free physical = 6332 ; free virtual = 9169
Finished Handling Custom Attributes : Time (s): cpu = 00:01:33 ; elapsed = 00:01:36 . Memory (MB): peak = 1478.258 ; gain = 567.133 ; free physical = 6332 ; free virtual = 9169
Finished Renaming Generated Nets : Time (s): cpu = 00:01:33 ; elapsed = 00:01:36 . Memory (MB): peak = 1478.258 ; gain = 567.133 ; free physical = 6332 ; free virtual = 9169

Report Cell Usage: 
+------+--------+------+
|      |Cell    |Count |
+------+--------+------+
|1     |CARRY4  |    18|
|2     |LUT1    |    37|
|3     |LUT2    |    17|
|4     |LUT3    |   234|
|5     |LUT4    |    40|
|6     |LUT5    |    72|
|7     |LUT6    |   107|
|8     |SRL16E  |    22|
|9     |SRLC32E |    47|
|10    |FDRE    |   548|
|11    |FDSE    |    52|
+------+--------+------+
Finished Writing Synthesis Report : Time (s): cpu = 00:01:33 ; elapsed = 00:01:36 . Memory (MB): peak = 1478.258 ; gain = 567.133 ; free physical = 6332 ; free virtual = 9169
synth_design: Time (s): cpu = 00:01:29 ; elapsed = 00:01:31 . Memory (MB): peak = 1480.258 ; gain = 462.414 ; free physical = 6333 ; free virtual = 9170
