Copyright 1986-2016 Xilinx, Inc. All Rights Reserved.
-------------------------------------------------------------------------------------------
| Tool Version : Vivado v.2016.4 (lin64) Build 1756540 Mon Jan 23 19:11:19 MST 2017
| Date         : Sun Feb  5 14:54:15 2017
| Host         : isotdaq-ubuntu-3 running 64-bit Ubuntu 16.04.1 LTS
| Command      : report_control_sets -verbose -file bd_pwm_wrapper_control_sets_placed.rpt
| Design       : bd_pwm_wrapper
| Device       : xc7z010
-------------------------------------------------------------------------------------------

Control Set Information

Table of Contents
-----------------
1. Summary
2. Flip-Flop Distribution
3. Detailed Control Set Information

1. Summary
----------

+----------------------------------------------------------+-------+
|                          Status                          | Count |
+----------------------------------------------------------+-------+
| Number of unique control sets                            |    47 |
| Unused register locations in slices containing registers |    87 |
+----------------------------------------------------------+-------+


2. Flip-Flop Distribution
-------------------------

+--------------+-----------------------+------------------------+-----------------+--------------+
| Clock Enable | Synchronous Set/Reset | Asynchronous Set/Reset | Total Registers | Total Slices |
+--------------+-----------------------+------------------------+-----------------+--------------+
| No           | No                    | No                     |             167 |           46 |
| No           | No                    | Yes                    |               0 |            0 |
| No           | Yes                   | No                     |              78 |           25 |
| Yes          | No                    | No                     |             270 |           60 |
| Yes          | No                    | Yes                    |               0 |            0 |
| Yes          | Yes                   | No                     |             182 |           45 |
+--------------+-----------------------+------------------------+-----------------+--------------+


3. Detailed Control Set Information
-----------------------------------

+---------------------------------------------------------------------------+-------------------------------------------------------------------------------------------------------------------------------------------------------------+----------------------------------------------------------------------------------------------------------------------------------------+------------------+----------------+
|                                Clock Signal                               |                                                                        Enable Signal                                                                        |                                                            Set/Reset Signal                                                            | Slice Load Count | Bel Load Count |
+---------------------------------------------------------------------------+-------------------------------------------------------------------------------------------------------------------------------------------------------------+----------------------------------------------------------------------------------------------------------------------------------------+------------------+----------------+
|  bd_pwm_i/processing_system7_0/inst/FCLK_CLK0                             | bd_pwm_i/ps7_0_axi_periph/s00_couplers/auto_pc/inst/gen_axilite.gen_b2s_conv.axilite_b2s/WR.b_channel_0/bid_fifo_0/bresp_push                               |                                                                                                                                        |                1 |              2 |
|  bd_pwm_i/processing_system7_0/inst/FCLK_CLK0                             |                                                                                                                                                             | bd_pwm_i/rst_ps7_0_50M/U0/EXT_LPF/lpf_int                                                                                              |                1 |              4 |
|  bd_pwm_i/processing_system7_0/inst/FCLK_CLK0                             |                                                                                                                                                             | bd_pwm_i/ps7_0_axi_periph/s00_couplers/auto_pc/inst/gen_axilite.gen_b2s_conv.axilite_b2s/SI_REG/aw_pipe/s_ready_i_reg_0                |                4 |              4 |
|  bd_pwm_i/processing_system7_0/inst/FCLK_CLK0                             |                                                                                                                                                             | bd_pwm_i/ps7_0_axi_periph/s00_couplers/auto_pc/inst/gen_axilite.gen_b2s_conv.axilite_b2s/SI_REG/ar_pipe/m_valid_i_reg_0                |                4 |              4 |
|  bd_pwm_i/processing_system7_0/inst/FCLK_CLK0                             | bd_pwm_i/ps7_0_axi_periph/s00_couplers/auto_pc/inst/gen_axilite.gen_b2s_conv.axilite_b2s/WR.aw_channel_0/aw_cmd_fsm_0/E[0]                                  | bd_pwm_i/ps7_0_axi_periph/s00_couplers/auto_pc/inst/gen_axilite.gen_b2s_conv.axilite_b2s/WR.aw_channel_0/aw_cmd_fsm_0/axlen_cnt_reg[7] |                1 |              4 |
|  bd_pwm_i/processing_system7_0/inst/FCLK_CLK0                             | bd_pwm_i/ps7_0_axi_periph/s00_couplers/auto_pc/inst/gen_axilite.gen_b2s_conv.axilite_b2s/WR.aw_channel_0/aw_cmd_fsm_0/wrap_boundary_axaddr_r_reg[0][0]      |                                                                                                                                        |                2 |              4 |
|  bd_pwm_i/processing_system7_0/inst/FCLK_CLK0                             | bd_pwm_i/ps7_0_axi_periph/s00_couplers/auto_pc/inst/gen_axilite.gen_b2s_conv.axilite_b2s/RD.ar_channel_0/ar_cmd_fsm_0/axlen_cnt_reg[3][0]                   | bd_pwm_i/ps7_0_axi_periph/s00_couplers/auto_pc/inst/gen_axilite.gen_b2s_conv.axilite_b2s/RD.ar_channel_0/ar_cmd_fsm_0/axlen_cnt_reg[7] |                1 |              4 |
|  bd_pwm_i/processing_system7_0/inst/FCLK_CLK0                             | bd_pwm_i/ps7_0_axi_periph/s00_couplers/auto_pc/inst/gen_axilite.gen_b2s_conv.axilite_b2s/WR.aw_channel_0/cmd_translator_0/incr_cmd_0/axaddr_incr[0]_i_1_n_0 |                                                                                                                                        |                1 |              4 |
|  bd_pwm_i/processing_system7_0/inst/FCLK_CLK0                             | bd_pwm_i/ps7_0_axi_periph/s00_couplers/auto_pc/inst/gen_axilite.gen_b2s_conv.axilite_b2s/RD.ar_channel_0/ar_cmd_fsm_0/axaddr_incr_reg[11]                   |                                                                                                                                        |                1 |              4 |
|  bd_pwm_i/processing_system7_0/inst/FCLK_CLK0                             | bd_pwm_i/ps7_0_axi_periph/s00_couplers/auto_pc/inst/gen_axilite.gen_b2s_conv.axilite_b2s/RD.ar_channel_0/ar_cmd_fsm_0/E[0]                                  |                                                                                                                                        |                3 |              4 |
|  bd_pwm_i/processing_system7_0/inst/FCLK_CLK0                             | bd_pwm_i/rst_ps7_0_50M/U0/SEQ/seq_cnt_en                                                                                                                    | bd_pwm_i/rst_ps7_0_50M/U0/SEQ/SEQ_COUNTER/clear                                                                                        |                1 |              6 |
|  bd_pwm_i/processing_system7_0/inst/FCLK_CLK0                             | bd_pwm_i/PWM_0/U0/PWM_v1_0_S00_AXI_inst/slv_reg1[7]_i_1_n_0                                                                                                 | bd_pwm_i/PWM_0/U0/PWM_v1_0_S00_AXI_inst/axi_awready_i_1_n_0                                                                            |                2 |              8 |
|  bd_pwm_i/processing_system7_0/inst/FCLK_CLK0                             | bd_pwm_i/ps7_0_axi_periph/s00_couplers/auto_pc/inst/gen_axilite.gen_b2s_conv.axilite_b2s/WR.b_channel_0/mhandshake_r                                        | bd_pwm_i/ps7_0_axi_periph/s00_couplers/auto_pc/inst/gen_axilite.gen_b2s_conv.axilite_b2s/WR.b_channel_0/bid_fifo_0/SR[0]               |                2 |              8 |
|  bd_pwm_i/processing_system7_0/inst/FCLK_CLK0                             | bd_pwm_i/PWM_0/U0/PWM_v1_0_S00_AXI_inst/slv_reg2[7]_i_1_n_0                                                                                                 | bd_pwm_i/PWM_0/U0/PWM_v1_0_S00_AXI_inst/axi_awready_i_1_n_0                                                                            |                1 |              8 |
|  bd_pwm_i/processing_system7_0/inst/FCLK_CLK0                             | bd_pwm_i/PWM_0/U0/PWM_v1_0_S00_AXI_inst/slv_reg3[15]_i_1_n_0                                                                                                | bd_pwm_i/PWM_0/U0/PWM_v1_0_S00_AXI_inst/axi_awready_i_1_n_0                                                                            |                1 |              8 |
|  bd_pwm_i/processing_system7_0/inst/FCLK_CLK0                             | bd_pwm_i/PWM_0/U0/PWM_v1_0_S00_AXI_inst/slv_reg3[23]_i_1_n_0                                                                                                | bd_pwm_i/PWM_0/U0/PWM_v1_0_S00_AXI_inst/axi_awready_i_1_n_0                                                                            |                3 |              8 |
|  bd_pwm_i/processing_system7_0/inst/FCLK_CLK0                             | bd_pwm_i/PWM_0/U0/PWM_v1_0_S00_AXI_inst/slv_reg3[31]_i_1_n_0                                                                                                | bd_pwm_i/PWM_0/U0/PWM_v1_0_S00_AXI_inst/axi_awready_i_1_n_0                                                                            |                2 |              8 |
|  bd_pwm_i/processing_system7_0/inst/FCLK_CLK0                             | bd_pwm_i/PWM_0/U0/PWM_v1_0_S00_AXI_inst/slv_reg3[7]_i_1_n_0                                                                                                 | bd_pwm_i/PWM_0/U0/PWM_v1_0_S00_AXI_inst/axi_awready_i_1_n_0                                                                            |                1 |              8 |
|  bd_pwm_i/processing_system7_0/inst/FCLK_CLK0                             | bd_pwm_i/PWM_0/U0/PWM_v1_0_S00_AXI_inst/slv_reg1[31]_i_1_n_0                                                                                                | bd_pwm_i/PWM_0/U0/PWM_v1_0_S00_AXI_inst/axi_awready_i_1_n_0                                                                            |                2 |              8 |
|  bd_pwm_i/processing_system7_0/inst/FCLK_CLK0                             | bd_pwm_i/PWM_0/U0/PWM_v1_0_S00_AXI_inst/p_1_in[31]                                                                                                          | bd_pwm_i/PWM_0/U0/PWM_v1_0_S00_AXI_inst/axi_awready_i_1_n_0                                                                            |                2 |              8 |
|  bd_pwm_i/processing_system7_0/inst/FCLK_CLK0                             | bd_pwm_i/PWM_0/U0/PWM_v1_0_S00_AXI_inst/p_1_in[23]                                                                                                          | bd_pwm_i/PWM_0/U0/PWM_v1_0_S00_AXI_inst/axi_awready_i_1_n_0                                                                            |                3 |              8 |
|  bd_pwm_i/processing_system7_0/inst/FCLK_CLK0                             | bd_pwm_i/PWM_0/U0/PWM_v1_0_S00_AXI_inst/p_1_in[15]                                                                                                          | bd_pwm_i/PWM_0/U0/PWM_v1_0_S00_AXI_inst/axi_awready_i_1_n_0                                                                            |                2 |              8 |
|  bd_pwm_i/processing_system7_0/inst/FCLK_CLK0                             | bd_pwm_i/PWM_0/U0/PWM_v1_0_S00_AXI_inst/p_1_in[7]                                                                                                           | bd_pwm_i/PWM_0/U0/PWM_v1_0_S00_AXI_inst/axi_awready_i_1_n_0                                                                            |                2 |              8 |
|  bd_pwm_i/processing_system7_0/inst/FCLK_CLK0                             | bd_pwm_i/PWM_0/U0/PWM_v1_0_S00_AXI_inst/slv_reg1[15]_i_1_n_0                                                                                                | bd_pwm_i/PWM_0/U0/PWM_v1_0_S00_AXI_inst/axi_awready_i_1_n_0                                                                            |                2 |              8 |
|  bd_pwm_i/processing_system7_0/inst/FCLK_CLK0                             | bd_pwm_i/PWM_0/U0/PWM_v1_0_S00_AXI_inst/slv_reg1[23]_i_1_n_0                                                                                                | bd_pwm_i/PWM_0/U0/PWM_v1_0_S00_AXI_inst/axi_awready_i_1_n_0                                                                            |                2 |              8 |
|  bd_pwm_i/processing_system7_0/inst/FCLK_CLK0                             | bd_pwm_i/PWM_0/U0/PWM_v1_0_S00_AXI_inst/slv_reg2[15]_i_1_n_0                                                                                                | bd_pwm_i/PWM_0/U0/PWM_v1_0_S00_AXI_inst/axi_awready_i_1_n_0                                                                            |                3 |              8 |
|  bd_pwm_i/processing_system7_0/inst/FCLK_CLK0                             | bd_pwm_i/PWM_0/U0/PWM_v1_0_S00_AXI_inst/slv_reg2[23]_i_1_n_0                                                                                                | bd_pwm_i/PWM_0/U0/PWM_v1_0_S00_AXI_inst/axi_awready_i_1_n_0                                                                            |                2 |              8 |
|  bd_pwm_i/processing_system7_0/inst/FCLK_CLK0                             | bd_pwm_i/PWM_0/U0/PWM_v1_0_S00_AXI_inst/slv_reg2[31]_i_1_n_0                                                                                                | bd_pwm_i/PWM_0/U0/PWM_v1_0_S00_AXI_inst/axi_awready_i_1_n_0                                                                            |                1 |              8 |
|  bd_pwm_i/processing_system7_0/inst/FCLK_CLK0                             |                                                                                                                                                             | bd_pwm_i/PWM_0/U0/PWM_v1_0_S00_AXI_inst/axi_awready_i_1_n_0                                                                            |                2 |              9 |
|  bd_pwm_i/processing_system7_0/inst/FCLK_CLK0                             | bd_pwm_i/ps7_0_axi_periph/s00_couplers/auto_pc/inst/gen_axilite.gen_b2s_conv.axilite_b2s/WR.aw_channel_0/aw_cmd_fsm_0/E[0]                                  |                                                                                                                                        |                6 |             12 |
|  bd_pwm_i/processing_system7_0/inst/FCLK_CLK0                             | bd_pwm_i/ps7_0_axi_periph/s00_couplers/auto_pc/inst/gen_axilite.gen_b2s_conv.axilite_b2s/RD.ar_channel_0/ar_cmd_fsm_0/axlen_cnt_reg[3][0]                   |                                                                                                                                        |                5 |             12 |
|  bd_pwm_i/processing_system7_0/inst/FCLK_CLK0                             | bd_pwm_i/ps7_0_axi_periph/s00_couplers/auto_pc/inst/gen_axilite.gen_b2s_conv.axilite_b2s/RD.r_channel_0/r_push_r                                            |                                                                                                                                        |                4 |             13 |
|  bd_pwm_i/processing_system7_0/inst/FCLK_CLK0                             | bd_pwm_i/ps7_0_axi_periph/s00_couplers/auto_pc/inst/gen_axilite.gen_b2s_conv.axilite_b2s/SI_REG/b_pipe/skid_buffer_reg[0]_0                                 |                                                                                                                                        |                2 |             14 |
|  bd_pwm_i/processing_system7_0/inst/FCLK_CLK0                             | bd_pwm_i/ps7_0_axi_periph/s00_couplers/auto_pc/inst/gen_axilite.gen_b2s_conv.axilite_b2s/SI_REG/b_pipe/p_1_in                                               |                                                                                                                                        |                2 |             14 |
|  bd_pwm_i/processing_system7_0/inst/FCLK_CLK0                             | bd_pwm_i/ps7_0_axi_periph/s00_couplers/auto_pc/inst/gen_axilite.gen_b2s_conv.axilite_b2s/WR.aw_channel_0/aw_cmd_fsm_0/b_push                                |                                                                                                                                        |                3 |             16 |
|  bd_pwm_i/processing_system7_0/inst/FCLK_CLK0                             | bd_pwm_i/ps7_0_axi_periph/s00_couplers/auto_pc/inst/gen_axilite.gen_b2s_conv.axilite_b2s/WR.aw_channel_0/aw_cmd_fsm_0/m_payload_i_reg[0][0]                 |                                                                                                                                        |                4 |             27 |
|  bd_pwm_i/processing_system7_0/inst/FCLK_CLK0                             | bd_pwm_i/ps7_0_axi_periph/s00_couplers/auto_pc/inst/gen_axilite.gen_b2s_conv.axilite_b2s/SI_REG/ar_pipe/s_axi_arready                                       |                                                                                                                                        |                6 |             27 |
|  bd_pwm_i/processing_system7_0/inst/FCLK_CLK0                             | bd_pwm_i/ps7_0_axi_periph/s00_couplers/auto_pc/inst/gen_axilite.gen_b2s_conv.axilite_b2s/SI_REG/aw_pipe/s_axi_awready                                       |                                                                                                                                        |                4 |             27 |
|  bd_pwm_i/processing_system7_0/inst/FCLK_CLK0                             | bd_pwm_i/ps7_0_axi_periph/s00_couplers/auto_pc/inst/gen_axilite.gen_b2s_conv.axilite_b2s/RD.ar_channel_0/ar_cmd_fsm_0/m_payload_i_reg[0]_1[0]               |                                                                                                                                        |                5 |             27 |
|  bd_pwm_i/PWM_0/U0/PWM_v1_0_S00_AXI_inst/counter_pwm_buzzer1_carry__2_n_0 |                                                                                                                                                             |                                                                                                                                        |                9 |             32 |
|  bd_pwm_i/PWM_0/U0/PWM_v1_0_S00_AXI_inst/counter_pwm1_carry__2_n_2        |                                                                                                                                                             |                                                                                                                                        |                9 |             32 |
|  bd_pwm_i/processing_system7_0/inst/FCLK_CLK0                             | bd_pwm_i/PWM_0/U0/PWM_v1_0_S00_AXI_inst/axi_rdata[31]_i_1_n_0                                                                                               | bd_pwm_i/PWM_0/U0/PWM_v1_0_S00_AXI_inst/axi_awready_i_1_n_0                                                                            |                9 |             32 |
|  bd_pwm_i/processing_system7_0/inst/FCLK_CLK0                             | bd_pwm_i/ps7_0_axi_periph/s00_couplers/auto_pc/inst/gen_axilite.gen_b2s_conv.axilite_b2s/RD.r_channel_0/rd_data_fifo_0/wr_en0                               |                                                                                                                                        |                9 |             34 |
|  bd_pwm_i/processing_system7_0/inst/FCLK_CLK0                             | bd_pwm_i/ps7_0_axi_periph/s00_couplers/auto_pc/inst/gen_axilite.gen_b2s_conv.axilite_b2s/SI_REG/r_pipe/skid_buffer_reg[0]_0                                 |                                                                                                                                        |               10 |             47 |
|  bd_pwm_i/processing_system7_0/inst/FCLK_CLK0                             | bd_pwm_i/ps7_0_axi_periph/s00_couplers/auto_pc/inst/gen_axilite.gen_b2s_conv.axilite_b2s/SI_REG/r_pipe/p_1_in                                               |                                                                                                                                        |                9 |             47 |
|  bd_pwm_i/processing_system7_0/inst/FCLK_CLK0                             |                                                                                                                                                             | bd_pwm_i/ps7_0_axi_periph/s00_couplers/auto_pc/inst/gen_axilite.gen_b2s_conv.axilite_b2s/areset_d1                                     |               14 |             57 |
|  bd_pwm_i/processing_system7_0/inst/FCLK_CLK0                             |                                                                                                                                                             |                                                                                                                                        |               29 |            104 |
+---------------------------------------------------------------------------+-------------------------------------------------------------------------------------------------------------------------------------------------------------+----------------------------------------------------------------------------------------------------------------------------------------+------------------+----------------+


+--------+-----------------------+
| Fanout | Number of ControlSets |
+--------+-----------------------+
| 2      |                     1 |
| 4      |                     9 |
| 6      |                     1 |
| 8      |                    17 |
| 9      |                     1 |
| 12     |                     2 |
| 13     |                     1 |
| 14     |                     2 |
| 16+    |                    13 |
+--------+-----------------------+


