Copyright 1986-2016 Xilinx, Inc. All Rights Reserved.
-----------------------------------------------------------------------------------------------------------
| Tool Version : Vivado v.2016.3 (lin64) Build 1682563 Mon Oct 10 19:07:26 MDT 2016
| Date         : Mon Jan 23 22:38:33 2017
| Host         : cern running 64-bit Ubuntu 16.04.1 LTS
| Command      : report_control_sets -verbose -file BuzzerLED_block_design_wrapper_control_sets_placed.rpt
| Design       : BuzzerLED_block_design_wrapper
| Device       : xc7z010
-----------------------------------------------------------------------------------------------------------

Control Set Information

Table of Contents
-----------------
1. Summary
2. Flip-Flop Distribution
3. Detailed Control Set Information

1. Summary
----------

+----------------------------------------------------------+-------+
|                          Status                          | Count |
+----------------------------------------------------------+-------+
| Number of unique control sets                            |    47 |
| Unused register locations in slices containing registers |    86 |
+----------------------------------------------------------+-------+


2. Flip-Flop Distribution
-------------------------

+--------------+-----------------------+------------------------+-----------------+--------------+
| Clock Enable | Synchronous Set/Reset | Asynchronous Set/Reset | Total Registers | Total Slices |
+--------------+-----------------------+------------------------+-----------------+--------------+
| No           | No                    | No                     |             167 |           51 |
| No           | No                    | Yes                    |               0 |            0 |
| No           | Yes                   | No                     |              79 |           26 |
| Yes          | No                    | No                     |             270 |           62 |
| Yes          | No                    | Yes                    |               0 |            0 |
| Yes          | Yes                   | No                     |             182 |           52 |
+--------------+-----------------------+------------------------+-----------------+--------------+


3. Detailed Control Set Information
-----------------------------------

+-------------------------------------------------------------------------------------------+-----------------------------------------------------------------------------------------------------------------------------------------------------------------------------+--------------------------------------------------------------------------------------------------------------------------------------------------------+------------------+----------------+
|                                        Clock Signal                                       |                                                                                Enable Signal                                                                                |                                                                    Set/Reset Signal                                                                    | Slice Load Count | Bel Load Count |
+-------------------------------------------------------------------------------------------+-----------------------------------------------------------------------------------------------------------------------------------------------------------------------------+--------------------------------------------------------------------------------------------------------------------------------------------------------+------------------+----------------+
|  BuzzerLED_block_design_i/processing_system7_0/inst/FCLK_CLK0                             | BuzzerLED_block_design_i/ps7_0_axi_periph/s00_couplers/auto_pc/inst/gen_axilite.gen_b2s_conv.axilite_b2s/WR.b_channel_0/bid_fifo_0/bresp_push                               |                                                                                                                                                        |                1 |              2 |
|  BuzzerLED_block_design_i/processing_system7_0/inst/FCLK_CLK0                             |                                                                                                                                                                             | BuzzerLED_block_design_i/ps7_0_axi_periph/s00_couplers/auto_pc/inst/gen_axilite.gen_b2s_conv.axilite_b2s/SI_REG/aw_pipe/s_ready_i_reg_0                |                3 |              4 |
|  BuzzerLED_block_design_i/processing_system7_0/inst/FCLK_CLK0                             |                                                                                                                                                                             | BuzzerLED_block_design_i/ps7_0_axi_periph/s00_couplers/auto_pc/inst/gen_axilite.gen_b2s_conv.axilite_b2s/SI_REG/ar_pipe/m_valid_i_reg_0                |                3 |              4 |
|  BuzzerLED_block_design_i/processing_system7_0/inst/FCLK_CLK0                             |                                                                                                                                                                             | BuzzerLED_block_design_i/rst_ps7_0_50M/U0/EXT_LPF/lpf_int                                                                                              |                2 |              4 |
|  BuzzerLED_block_design_i/processing_system7_0/inst/FCLK_CLK0                             | BuzzerLED_block_design_i/ps7_0_axi_periph/s00_couplers/auto_pc/inst/gen_axilite.gen_b2s_conv.axilite_b2s/WR.aw_channel_0/aw_cmd_fsm_0/axaddr_wrap_reg[0]                    | BuzzerLED_block_design_i/ps7_0_axi_periph/s00_couplers/auto_pc/inst/gen_axilite.gen_b2s_conv.axilite_b2s/WR.aw_channel_0/aw_cmd_fsm_0/axlen_cnt_reg[7] |                2 |              4 |
|  BuzzerLED_block_design_i/processing_system7_0/inst/FCLK_CLK0                             | BuzzerLED_block_design_i/ps7_0_axi_periph/s00_couplers/auto_pc/inst/gen_axilite.gen_b2s_conv.axilite_b2s/WR.aw_channel_0/aw_cmd_fsm_0/wrap_boundary_axaddr_r_reg[11][0]     |                                                                                                                                                        |                3 |              4 |
|  BuzzerLED_block_design_i/processing_system7_0/inst/FCLK_CLK0                             | BuzzerLED_block_design_i/ps7_0_axi_periph/s00_couplers/auto_pc/inst/gen_axilite.gen_b2s_conv.axilite_b2s/WR.aw_channel_0/cmd_translator_0/incr_cmd_0/axaddr_incr[0]_i_1_n_0 |                                                                                                                                                        |                1 |              4 |
|  BuzzerLED_block_design_i/processing_system7_0/inst/FCLK_CLK0                             | BuzzerLED_block_design_i/ps7_0_axi_periph/s00_couplers/auto_pc/inst/gen_axilite.gen_b2s_conv.axilite_b2s/RD.ar_channel_0/ar_cmd_fsm_0/axaddr_incr_reg[11]                   |                                                                                                                                                        |                1 |              4 |
|  BuzzerLED_block_design_i/processing_system7_0/inst/FCLK_CLK0                             | BuzzerLED_block_design_i/ps7_0_axi_periph/s00_couplers/auto_pc/inst/gen_axilite.gen_b2s_conv.axilite_b2s/RD.ar_channel_0/ar_cmd_fsm_0/axlen_cnt_reg[3][0]                   | BuzzerLED_block_design_i/ps7_0_axi_periph/s00_couplers/auto_pc/inst/gen_axilite.gen_b2s_conv.axilite_b2s/RD.ar_channel_0/ar_cmd_fsm_0/axlen_cnt_reg[7] |                2 |              4 |
|  BuzzerLED_block_design_i/processing_system7_0/inst/FCLK_CLK0                             | BuzzerLED_block_design_i/ps7_0_axi_periph/s00_couplers/auto_pc/inst/gen_axilite.gen_b2s_conv.axilite_b2s/RD.ar_channel_0/ar_cmd_fsm_0/E[0]                                  |                                                                                                                                                        |                2 |              4 |
|  BuzzerLED_block_design_i/processing_system7_0/inst/FCLK_CLK0                             | BuzzerLED_block_design_i/rst_ps7_0_50M/U0/SEQ/seq_cnt_en                                                                                                                    | BuzzerLED_block_design_i/rst_ps7_0_50M/U0/SEQ/SEQ_COUNTER/clear                                                                                        |                1 |              6 |
|  BuzzerLED_block_design_i/processing_system7_0/inst/FCLK_CLK0                             | BuzzerLED_block_design_i/PWM_0/U0/PWM_v1_0_S00_AXI_inst/slv_reg2[15]_i_1_n_0                                                                                                | BuzzerLED_block_design_i/PWM_0/U0/PWM_v1_0_S00_AXI_inst/axi_awready_i_1_n_0                                                                            |                3 |              8 |
|  BuzzerLED_block_design_i/processing_system7_0/inst/FCLK_CLK0                             | BuzzerLED_block_design_i/ps7_0_axi_periph/s00_couplers/auto_pc/inst/gen_axilite.gen_b2s_conv.axilite_b2s/WR.b_channel_0/mhandshake_r                                        | BuzzerLED_block_design_i/ps7_0_axi_periph/s00_couplers/auto_pc/inst/gen_axilite.gen_b2s_conv.axilite_b2s/WR.b_channel_0/bid_fifo_0/SR[0]               |                3 |              8 |
|  BuzzerLED_block_design_i/processing_system7_0/inst/FCLK_CLK0                             | BuzzerLED_block_design_i/PWM_0/U0/PWM_v1_0_S00_AXI_inst/slv_reg1[15]_i_1_n_0                                                                                                | BuzzerLED_block_design_i/PWM_0/U0/PWM_v1_0_S00_AXI_inst/axi_awready_i_1_n_0                                                                            |                2 |              8 |
|  BuzzerLED_block_design_i/processing_system7_0/inst/FCLK_CLK0                             | BuzzerLED_block_design_i/PWM_0/U0/PWM_v1_0_S00_AXI_inst/slv_reg1[23]_i_1_n_0                                                                                                | BuzzerLED_block_design_i/PWM_0/U0/PWM_v1_0_S00_AXI_inst/axi_awready_i_1_n_0                                                                            |                2 |              8 |
|  BuzzerLED_block_design_i/processing_system7_0/inst/FCLK_CLK0                             | BuzzerLED_block_design_i/PWM_0/U0/PWM_v1_0_S00_AXI_inst/slv_reg1[31]_i_1_n_0                                                                                                | BuzzerLED_block_design_i/PWM_0/U0/PWM_v1_0_S00_AXI_inst/axi_awready_i_1_n_0                                                                            |                1 |              8 |
|  BuzzerLED_block_design_i/processing_system7_0/inst/FCLK_CLK0                             | BuzzerLED_block_design_i/PWM_0/U0/PWM_v1_0_S00_AXI_inst/slv_reg1[7]_i_1_n_0                                                                                                 | BuzzerLED_block_design_i/PWM_0/U0/PWM_v1_0_S00_AXI_inst/axi_awready_i_1_n_0                                                                            |                2 |              8 |
|  BuzzerLED_block_design_i/processing_system7_0/inst/FCLK_CLK0                             | BuzzerLED_block_design_i/PWM_0/U0/PWM_v1_0_S00_AXI_inst/p_1_in[31]                                                                                                          | BuzzerLED_block_design_i/PWM_0/U0/PWM_v1_0_S00_AXI_inst/axi_awready_i_1_n_0                                                                            |                3 |              8 |
|  BuzzerLED_block_design_i/processing_system7_0/inst/FCLK_CLK0                             | BuzzerLED_block_design_i/PWM_0/U0/PWM_v1_0_S00_AXI_inst/slv_reg2[23]_i_1_n_0                                                                                                | BuzzerLED_block_design_i/PWM_0/U0/PWM_v1_0_S00_AXI_inst/axi_awready_i_1_n_0                                                                            |                3 |              8 |
|  BuzzerLED_block_design_i/processing_system7_0/inst/FCLK_CLK0                             | BuzzerLED_block_design_i/PWM_0/U0/PWM_v1_0_S00_AXI_inst/slv_reg2[31]_i_1_n_0                                                                                                | BuzzerLED_block_design_i/PWM_0/U0/PWM_v1_0_S00_AXI_inst/axi_awready_i_1_n_0                                                                            |                2 |              8 |
|  BuzzerLED_block_design_i/processing_system7_0/inst/FCLK_CLK0                             | BuzzerLED_block_design_i/PWM_0/U0/PWM_v1_0_S00_AXI_inst/slv_reg2[7]_i_1_n_0                                                                                                 | BuzzerLED_block_design_i/PWM_0/U0/PWM_v1_0_S00_AXI_inst/axi_awready_i_1_n_0                                                                            |                2 |              8 |
|  BuzzerLED_block_design_i/processing_system7_0/inst/FCLK_CLK0                             | BuzzerLED_block_design_i/PWM_0/U0/PWM_v1_0_S00_AXI_inst/slv_reg3[15]_i_1_n_0                                                                                                | BuzzerLED_block_design_i/PWM_0/U0/PWM_v1_0_S00_AXI_inst/axi_awready_i_1_n_0                                                                            |                2 |              8 |
|  BuzzerLED_block_design_i/processing_system7_0/inst/FCLK_CLK0                             | BuzzerLED_block_design_i/PWM_0/U0/PWM_v1_0_S00_AXI_inst/slv_reg3[23]_i_1_n_0                                                                                                | BuzzerLED_block_design_i/PWM_0/U0/PWM_v1_0_S00_AXI_inst/axi_awready_i_1_n_0                                                                            |                1 |              8 |
|  BuzzerLED_block_design_i/processing_system7_0/inst/FCLK_CLK0                             | BuzzerLED_block_design_i/PWM_0/U0/PWM_v1_0_S00_AXI_inst/slv_reg3[31]_i_1_n_0                                                                                                | BuzzerLED_block_design_i/PWM_0/U0/PWM_v1_0_S00_AXI_inst/axi_awready_i_1_n_0                                                                            |                1 |              8 |
|  BuzzerLED_block_design_i/processing_system7_0/inst/FCLK_CLK0                             | BuzzerLED_block_design_i/PWM_0/U0/PWM_v1_0_S00_AXI_inst/slv_reg3[7]_i_1_n_0                                                                                                 | BuzzerLED_block_design_i/PWM_0/U0/PWM_v1_0_S00_AXI_inst/axi_awready_i_1_n_0                                                                            |                2 |              8 |
|  BuzzerLED_block_design_i/processing_system7_0/inst/FCLK_CLK0                             | BuzzerLED_block_design_i/PWM_0/U0/PWM_v1_0_S00_AXI_inst/p_1_in[23]                                                                                                          | BuzzerLED_block_design_i/PWM_0/U0/PWM_v1_0_S00_AXI_inst/axi_awready_i_1_n_0                                                                            |                3 |              8 |
|  BuzzerLED_block_design_i/processing_system7_0/inst/FCLK_CLK0                             | BuzzerLED_block_design_i/PWM_0/U0/PWM_v1_0_S00_AXI_inst/p_1_in[15]                                                                                                          | BuzzerLED_block_design_i/PWM_0/U0/PWM_v1_0_S00_AXI_inst/axi_awready_i_1_n_0                                                                            |                4 |              8 |
|  BuzzerLED_block_design_i/processing_system7_0/inst/FCLK_CLK0                             | BuzzerLED_block_design_i/PWM_0/U0/PWM_v1_0_S00_AXI_inst/p_1_in[7]                                                                                                           | BuzzerLED_block_design_i/PWM_0/U0/PWM_v1_0_S00_AXI_inst/axi_awready_i_1_n_0                                                                            |                2 |              8 |
|  BuzzerLED_block_design_i/processing_system7_0/inst/FCLK_CLK0                             |                                                                                                                                                                             | BuzzerLED_block_design_i/PWM_0/U0/PWM_v1_0_S00_AXI_inst/axi_awready_i_1_n_0                                                                            |                4 |              9 |
|  BuzzerLED_block_design_i/processing_system7_0/inst/FCLK_CLK0                             | BuzzerLED_block_design_i/ps7_0_axi_periph/s00_couplers/auto_pc/inst/gen_axilite.gen_b2s_conv.axilite_b2s/WR.aw_channel_0/aw_cmd_fsm_0/axaddr_wrap_reg[0]                    |                                                                                                                                                        |                5 |             12 |
|  BuzzerLED_block_design_i/processing_system7_0/inst/FCLK_CLK0                             | BuzzerLED_block_design_i/ps7_0_axi_periph/s00_couplers/auto_pc/inst/gen_axilite.gen_b2s_conv.axilite_b2s/RD.ar_channel_0/ar_cmd_fsm_0/axlen_cnt_reg[3][0]                   |                                                                                                                                                        |                5 |             12 |
|  BuzzerLED_block_design_i/processing_system7_0/inst/FCLK_CLK0                             | BuzzerLED_block_design_i/ps7_0_axi_periph/s00_couplers/auto_pc/inst/gen_axilite.gen_b2s_conv.axilite_b2s/RD.r_channel_0/r_push_r                                            |                                                                                                                                                        |                4 |             13 |
|  BuzzerLED_block_design_i/processing_system7_0/inst/FCLK_CLK0                             | BuzzerLED_block_design_i/ps7_0_axi_periph/s00_couplers/auto_pc/inst/gen_axilite.gen_b2s_conv.axilite_b2s/SI_REG/b_pipe/skid_buffer_reg[0]_0                                 |                                                                                                                                                        |                3 |             14 |
|  BuzzerLED_block_design_i/processing_system7_0/inst/FCLK_CLK0                             | BuzzerLED_block_design_i/ps7_0_axi_periph/s00_couplers/auto_pc/inst/gen_axilite.gen_b2s_conv.axilite_b2s/SI_REG/b_pipe/p_1_in                                               |                                                                                                                                                        |                3 |             14 |
|  BuzzerLED_block_design_i/processing_system7_0/inst/FCLK_CLK0                             | BuzzerLED_block_design_i/ps7_0_axi_periph/s00_couplers/auto_pc/inst/gen_axilite.gen_b2s_conv.axilite_b2s/WR.aw_channel_0/aw_cmd_fsm_0/b_push                                |                                                                                                                                                        |                5 |             20 |
|  BuzzerLED_block_design_i/processing_system7_0/inst/FCLK_CLK0                             | BuzzerLED_block_design_i/ps7_0_axi_periph/s00_couplers/auto_pc/inst/gen_axilite.gen_b2s_conv.axilite_b2s/WR.aw_channel_0/aw_cmd_fsm_0/E[0]                                  |                                                                                                                                                        |                7 |             27 |
|  BuzzerLED_block_design_i/processing_system7_0/inst/FCLK_CLK0                             | BuzzerLED_block_design_i/ps7_0_axi_periph/s00_couplers/auto_pc/inst/gen_axilite.gen_b2s_conv.axilite_b2s/RD.ar_channel_0/ar_cmd_fsm_0/m_payload_i_reg[0]_1[0]               |                                                                                                                                                        |                5 |             27 |
|  BuzzerLED_block_design_i/processing_system7_0/inst/FCLK_CLK0                             | BuzzerLED_block_design_i/ps7_0_axi_periph/s00_couplers/auto_pc/inst/gen_axilite.gen_b2s_conv.axilite_b2s/SI_REG/ar_pipe/s_axi_arready                                       |                                                                                                                                                        |                4 |             27 |
|  BuzzerLED_block_design_i/processing_system7_0/inst/FCLK_CLK0                             | BuzzerLED_block_design_i/ps7_0_axi_periph/s00_couplers/auto_pc/inst/gen_axilite.gen_b2s_conv.axilite_b2s/SI_REG/aw_pipe/s_axi_awready                                       |                                                                                                                                                        |                5 |             27 |
|  BuzzerLED_block_design_i/PWM_0/U0/PWM_v1_0_S00_AXI_inst/counter_pwm_buzzer1_carry__2_n_0 |                                                                                                                                                                             |                                                                                                                                                        |                9 |             32 |
|  BuzzerLED_block_design_i/PWM_0/U0/PWM_v1_0_S00_AXI_inst/counter_pwm1_carry__2_n_2        |                                                                                                                                                                             |                                                                                                                                                        |                9 |             32 |
|  BuzzerLED_block_design_i/processing_system7_0/inst/FCLK_CLK0                             | BuzzerLED_block_design_i/PWM_0/U0/PWM_v1_0_S00_AXI_inst/axi_rdata[31]_i_1_n_0                                                                                               | BuzzerLED_block_design_i/PWM_0/U0/PWM_v1_0_S00_AXI_inst/axi_awready_i_1_n_0                                                                            |                9 |             32 |
|  BuzzerLED_block_design_i/processing_system7_0/inst/FCLK_CLK0                             | BuzzerLED_block_design_i/ps7_0_axi_periph/s00_couplers/auto_pc/inst/gen_axilite.gen_b2s_conv.axilite_b2s/RD.r_channel_0/rd_data_fifo_0/wr_en0                               |                                                                                                                                                        |               10 |             34 |
|  BuzzerLED_block_design_i/processing_system7_0/inst/FCLK_CLK0                             | BuzzerLED_block_design_i/ps7_0_axi_periph/s00_couplers/auto_pc/inst/gen_axilite.gen_b2s_conv.axilite_b2s/SI_REG/r_pipe/skid_buffer_reg[0]_0                                 |                                                                                                                                                        |               10 |             47 |
|  BuzzerLED_block_design_i/processing_system7_0/inst/FCLK_CLK0                             | BuzzerLED_block_design_i/ps7_0_axi_periph/s00_couplers/auto_pc/inst/gen_axilite.gen_b2s_conv.axilite_b2s/SI_REG/r_pipe/p_1_in                                               |                                                                                                                                                        |                8 |             47 |
|  BuzzerLED_block_design_i/processing_system7_0/inst/FCLK_CLK0                             |                                                                                                                                                                             | BuzzerLED_block_design_i/ps7_0_axi_periph/s00_couplers/auto_pc/inst/gen_axilite.gen_b2s_conv.axilite_b2s/areset_d1                                     |               14 |             58 |
|  BuzzerLED_block_design_i/processing_system7_0/inst/FCLK_CLK0                             |                                                                                                                                                                             |                                                                                                                                                        |               34 |            104 |
+-------------------------------------------------------------------------------------------+-----------------------------------------------------------------------------------------------------------------------------------------------------------------------------+--------------------------------------------------------------------------------------------------------------------------------------------------------+------------------+----------------+


+--------+-----------------------+
| Fanout | Number of ControlSets |
+--------+-----------------------+
| 2      |                     1 |
| 4      |                     9 |
| 6      |                     1 |
| 8      |                    17 |
| 9      |                     1 |
| 12     |                     2 |
| 13     |                     1 |
| 14     |                     2 |
| 16+    |                    13 |
+--------+-----------------------+


